This is pdfTeX, Version 3.14159265-2.6-1.40.16 (MiKTeX 2.9) (preloaded format=pdflatex 2016.3.17)  17 MAR 2016 21:04
entering extended mode
**./chemical-equ.tex
(chemical-equ.tex
LaTeX2e <2015/10/01> patch level 2
Babel <3.9n> and hyphenation patterns for 69 languages loaded.
("C:\Users\User\AppData\Local\Programs\MiKTeX 2.9\tex\latex\base\fix-cm.sty"
Package: fix-cm 2015/01/14 v1.1t fixes to LaTeX

("C:\Users\User\AppData\Local\Programs\MiKTeX 2.9\tex\latex\base\ts1enc.def"
File: ts1enc.def 2001/06/05 v3.0e (jk/car/fm) Standard LaTeX file
))
(svjour3.cls
Document Class: svjour3 2007/05/08 v3.2 
LaTeX document class for Springer journals
("C:\Users\User\AppData\Local\Programs\MiKTeX 2.9\tex\latex\base\fleqn.clo"
File: fleqn.clo 2015/03/31 v1.1i Standard LaTeX option (flush left equations)
\mathindent=\dimen102
Applying: [2015/01/01] Make \[ robust on input line 50.
LaTeX Info: Redefining \[ on input line 51.
Already applied: [0000/00/00] Make \[ robust on input line 62.
Applying: [2015/01/01] Make \] robust on input line 74.
LaTeX Info: Redefining \] on input line 75.
Already applied: [0000/00/00] Make \] robust on input line 83.
)
Class Springer-SVJour3 Info: extra/valid Springer sub-package (-> *.clo) 
(Springer-SVJour3)           not found in option list of \documentclass
(Springer-SVJour3)           - autoactivating "global" style.

(svglov3.clo
File: svglov3.clo 2009/12/18 v3.2 style option for standardised journals

SVJour Class option: svglov3.clo for standardised journals
)
LaTeX Font Info:    Redeclaring math symbol \Gamma on input line 147.
LaTeX Font Info:    Redeclaring math symbol \Delta on input line 148.
LaTeX Font Info:    Redeclaring math symbol \Theta on input line 149.
LaTeX Font Info:    Redeclaring math symbol \Lambda on input line 150.
LaTeX Font Info:    Redeclaring math symbol \Xi on input line 151.
LaTeX Font Info:    Redeclaring math symbol \Pi on input line 152.
LaTeX Font Info:    Redeclaring math symbol \Sigma on input line 153.
LaTeX Font Info:    Redeclaring math symbol \Upsilon on input line 154.
LaTeX Font Info:    Redeclaring math symbol \Phi on input line 155.
LaTeX Font Info:    Redeclaring math symbol \Psi on input line 156.
LaTeX Font Info:    Redeclaring math symbol \Omega on input line 157.
\logodepth=\dimen103
\headerboxheight=\dimen104
\betweenumberspace=\dimen105
\aftertext=\dimen106
\headlineindent=\dimen107
\c@inst=\count79
\c@auth=\count80
\instindent=\dimen108
\authrun=\box26
\authorrunning=\toks14
\titrun=\box27
\titlerunning=\toks15
\combirun=\box28
\c@lastpage=\count81
\rubricwidth=\dimen109
\c@section=\count82
\c@subsection=\count83
\c@subsubsection=\count84
\c@paragraph=\count85
\c@subparagraph=\count86
\spthmsep=\dimen110
\c@theorem=\count87
\c@case=\count88
\c@conjecture=\count89
\c@corollary=\count90
\c@definition=\count91
\c@example=\count92
\c@exercise=\count93
\c@lemma=\count94
\c@note=\count95
\c@problem=\count96
\c@property=\count97
\c@proposition=\count98
\c@question=\count99
\c@solution=\count100
\c@remark=\count101
\c@figure=\count102
\c@table=\count103
\abovecaptionskip=\skip41
\belowcaptionskip=\skip42
\figcapgap=\dimen111
\tabcapgap=\dimen112
\figgap=\dimen113
\bibindent=\dimen114
\@tempcntc=\count104
)
("C:\Users\User\AppData\Local\Programs\MiKTeX 2.9\tex\latex\graphics\graphicx.s
ty"
Package: graphicx 2014/10/28 v1.0g Enhanced LaTeX Graphics (DPC,SPQR)

("C:\Users\User\AppData\Local\Programs\MiKTeX 2.9\tex\latex\graphics\keyval.sty
"
Package: keyval 2014/10/28 v1.15 key=value parser (DPC)
\KV@toks@=\toks16
)
("C:\Users\User\AppData\Local\Programs\MiKTeX 2.9\tex\latex\graphics\graphics.s
ty"
Package: graphics 2014/10/28 v1.0p Standard LaTeX Graphics (DPC,SPQR)

("C:\Users\User\AppData\Local\Programs\MiKTeX 2.9\tex\latex\graphics\trig.sty"
Package: trig 1999/03/16 v1.09 sin cos tan (DPC)
)
("C:\Users\User\AppData\Local\Programs\MiKTeX 2.9\tex\latex\00miktex\graphics.c
fg"
File: graphics.cfg 2007/01/18 v1.5 graphics configuration of teTeX/TeXLive
)
Package graphics Info: Driver file: pdftex.def on input line 94.

("C:\Users\User\AppData\Local\Programs\MiKTeX 2.9\tex\latex\pdftex-def\pdftex.d
ef"
File: pdftex.def 2011/05/27 v0.06d Graphics/color for pdfTeX

("C:\Users\User\AppData\Local\Programs\MiKTeX 2.9\tex\generic\oberdiek\infwarer
r.sty"
Package: infwarerr 2010/04/08 v1.3 Providing info/warning/error messages (HO)
)
("C:\Users\User\AppData\Local\Programs\MiKTeX 2.9\tex\generic\oberdiek\ltxcmds.
sty"
Package: ltxcmds 2011/11/09 v1.22 LaTeX kernel commands for general use (HO)
)
\Gread@gobject=\count105
))
\Gin@req@height=\dimen115
\Gin@req@width=\dimen116
)
("C:\Users\User\AppData\Local\Programs\MiKTeX 2.9\tex\latex\oberdiek\epstopdf.s
ty"
Package: epstopdf 2010/02/09 v2.5 Conversion with epstopdf on the fly (HO)

("C:\Users\User\AppData\Local\Programs\MiKTeX 2.9\tex\latex\oberdiek\epstopdf-b
ase.sty"
Package: epstopdf-base 2010/02/09 v2.5 Base part for package epstopdf

("C:\Users\User\AppData\Local\Programs\MiKTeX 2.9\tex\latex\oberdiek\grfext.sty
"
Package: grfext 2010/08/19 v1.1 Manage graphics extensions (HO)

("C:\Users\User\AppData\Local\Programs\MiKTeX 2.9\tex\generic\oberdiek\kvdefine
keys.sty"
Package: kvdefinekeys 2011/04/07 v1.3 Define keys (HO)
))
("C:\Users\User\AppData\Local\Programs\MiKTeX 2.9\tex\latex\oberdiek\kvoptions.
sty"
Package: kvoptions 2011/06/30 v3.11 Key value format for package options (HO)

("C:\Users\User\AppData\Local\Programs\MiKTeX 2.9\tex\generic\oberdiek\kvsetkey
s.sty"
Package: kvsetkeys 2012/04/25 v1.16 Key value parser (HO)

("C:\Users\User\AppData\Local\Programs\MiKTeX 2.9\tex\generic\oberdiek\etexcmds
.sty"
Package: etexcmds 2011/02/16 v1.5 Avoid name clashes with e-TeX commands (HO)

("C:\Users\User\AppData\Local\Programs\MiKTeX 2.9\tex\generic\oberdiek\ifluatex
.sty"
Package: ifluatex 2010/03/01 v1.3 Provides the ifluatex switch (HO)
Package ifluatex Info: LuaTeX not detected.
)
Package etexcmds Info: Could not find \expanded.
(etexcmds)             That can mean that you are not using pdfTeX 1.50 or
(etexcmds)             that some package has redefined \expanded.
(etexcmds)             In the latter case, load this package earlier.
)))
("C:\Users\User\AppData\Local\Programs\MiKTeX 2.9\tex\generic\oberdiek\pdftexcm
ds.sty"
Package: pdftexcmds 2011/11/29 v0.20 Utility functions of pdfTeX for LuaTeX (HO
)

("C:\Users\User\AppData\Local\Programs\MiKTeX 2.9\tex\generic\oberdiek\ifpdf.st
y"
Package: ifpdf 2011/01/30 v2.3 Provides the ifpdf switch (HO)
Package ifpdf Info: pdfTeX in PDF mode is detected.
)
Package pdftexcmds Info: LuaTeX not detected.
Package pdftexcmds Info: \pdf@primitive is available.
Package pdftexcmds Info: \pdf@ifprimitive is available.
Package pdftexcmds Info: \pdfdraftmode found.
)
Package grfext Info: Graphics extension search list:
(grfext)             [.png,.pdf,.jpg,.mps,.jpeg,.jbig2,.jb2,.PNG,.PDF,.JPG,.JPE
G,.JBIG2,.JB2,.eps]
(grfext)             \AppendGraphicsExtensions on input line 452.
))
("C:\Users\User\AppData\Local\Programs\MiKTeX 2.9\tex\latex\amsmath\amsmath.sty
"
Package: amsmath 2013/01/14 v2.14 AMS math features
\@mathmargin=\skip43

For additional information on amsmath, use the `?' option.
("C:\Users\User\AppData\Local\Programs\MiKTeX 2.9\tex\latex\amsmath\amstext.sty
"
Package: amstext 2000/06/29 v2.01
 ("C:\Users\User\AppData\Local\Programs\MiKTeX 2.9\tex\latex\amsmath\amsgen.sty
"
File: amsgen.sty 1999/11/30 v2.0
\@emptytoks=\toks17
\ex@=\dimen117
))
("C:\Users\User\AppData\Local\Programs\MiKTeX 2.9\tex\latex\amsmath\amsbsy.sty"
Package: amsbsy 1999/11/29 v1.2d
\pmbraise@=\dimen118
) ("C:\Users\User\AppData\Local\Programs\MiKTeX 2.9\tex\latex\amsmath\amsopn.st
y"
Package: amsopn 1999/12/14 v2.01 operator names
)
\inf@bad=\count106
LaTeX Info: Redefining \frac on input line 210.
\uproot@=\count107
\leftroot@=\count108
LaTeX Info: Redefining \overline on input line 306.
\classnum@=\count109
\DOTSCASE@=\count110
LaTeX Info: Redefining \ldots on input line 378.
LaTeX Info: Redefining \dots on input line 381.
LaTeX Info: Redefining \cdots on input line 466.
\Mathstrutbox@=\box29
\strutbox@=\box30
\big@size=\dimen119
LaTeX Font Info:    Redeclaring font encoding OML on input line 566.
LaTeX Font Info:    Redeclaring font encoding OMS on input line 567.


Package amsmath Warning: Unable to redefine math accent \vec.

\macc@depth=\count111
\c@MaxMatrixCols=\count112
\dotsspace@=\muskip10
\c@parentequation=\count113
\dspbrk@lvl=\count114
\tag@help=\toks18
\row@=\count115
\column@=\count116
\maxfields@=\count117
\andhelp@=\toks19
\eqnshift@=\dimen120
\alignsep@=\dimen121
\tagshift@=\dimen122
\tagwidth@=\dimen123
\totwidth@=\dimen124
\lineht@=\dimen125
\@envbody=\toks20
\multlinegap=\skip44
\multlinetaggap=\skip45
\mathdisplay@stack=\toks21
LaTeX Info: Redefining \[ on input line 2665.
LaTeX Info: Redefining \] on input line 2666.
)
("C:\Users\User\AppData\Local\Programs\MiKTeX 2.9\tex\latex\caption\caption.sty
"
Package: caption 2016/02/21 v3.3-144 Customizing captions (AR)

("C:\Users\User\AppData\Local\Programs\MiKTeX 2.9\tex\latex\caption\caption3.st
y"
Package: caption3 2016/02/04 v1.7-139 caption3 kernel (AR)
Package caption3 Info: TeX engine: e-TeX on input line 67.
\captionmargin=\dimen126
\captionmargin@=\dimen127
\captionwidth=\dimen128
\caption@tempdima=\dimen129
\caption@indent=\dimen130
\caption@parindent=\dimen131
\caption@hangindent=\dimen132
Package caption Info: Unknown document class (or package),
(caption)             standard defaults will be used.
)

Package caption Warning: Unsupported document class (or package) detected,
(caption)                usage of the caption package is not recommended.
See the caption package documentation for explanation.

Package caption Info: \@makecaption = \long macro:#1#2->\captionstyle \ifx \@ca
ptype \fig@type \vskip \figcapgap \fi \setbox \@tempboxa \hbox {{\floatlegendst
yle #1\floatcounterend }\capstrut #2}\ifdim \wd \@tempboxa >\hsize {\floatlegen
dstyle #1\floatcounterend }\capstrut #2\par \else \hbox to\hsize {\leftlegendgl
ue \unhbox \@tempboxa \hfil }\fi \ifx \@captype \fig@type \else \vskip \tabcapg
ap \fi .
\c@ContinuedFloat=\count118
)
("C:\Users\User\AppData\Local\Programs\MiKTeX 2.9\tex\latex\caption\subcaption.
sty"
Package: subcaption 2016/02/20 v1.1-142 Sub-captions (AR)
\c@subfigure=\count119
\c@subtable=\count120
)
("C:\Users\User\AppData\Local\Programs\MiKTeX 2.9\tex\latex\pgf\frontendlayer\t
ikz.sty"
("C:\Users\User\AppData\Local\Programs\MiKTeX 2.9\tex\latex\pgf\basiclayer\pgf.
sty"
("C:\Users\User\AppData\Local\Programs\MiKTeX 2.9\tex\latex\pgf\utilities\pgfrc
s.sty"
("C:\Users\User\AppData\Local\Programs\MiKTeX 2.9\tex\generic\pgf\utilities\pgf
util-common.tex"
\pgfutil@everybye=\toks22
\pgfutil@tempdima=\dimen133
\pgfutil@tempdimb=\dimen134

("C:\Users\User\AppData\Local\Programs\MiKTeX 2.9\tex\generic\pgf\utilities\pgf
util-common-lists.tex"))
("C:\Users\User\AppData\Local\Programs\MiKTeX 2.9\tex\generic\pgf\utilities\pgf
util-latex.def"
\pgfutil@abb=\box31

("C:\Users\User\AppData\Local\Programs\MiKTeX 2.9\tex\latex\ms\everyshi.sty"
Package: everyshi 2001/05/15 v3.00 EveryShipout Package (MS)
))
("C:\Users\User\AppData\Local\Programs\MiKTeX 2.9\tex\generic\pgf\utilities\pgf
rcs.code.tex"
Package: pgfrcs 2015/08/07 v3.0.1a (rcs-revision 1.31)
))
Package: pgf 2015/08/07 v3.0.1a (rcs-revision 1.15)

("C:\Users\User\AppData\Local\Programs\MiKTeX 2.9\tex\latex\pgf\basiclayer\pgfc
ore.sty"
("C:\Users\User\AppData\Local\Programs\MiKTeX 2.9\tex\latex\pgf\systemlayer\pgf
sys.sty"
("C:\Users\User\AppData\Local\Programs\MiKTeX 2.9\tex\generic\pgf\systemlayer\p
gfsys.code.tex"
Package: pgfsys 2014/07/09 v3.0.1a (rcs-revision 1.48)

("C:\Users\User\AppData\Local\Programs\MiKTeX 2.9\tex\generic\pgf\utilities\pgf
keys.code.tex"
\pgfkeys@pathtoks=\toks23
\pgfkeys@temptoks=\toks24

("C:\Users\User\AppData\Local\Programs\MiKTeX 2.9\tex\generic\pgf\utilities\pgf
keysfiltered.code.tex"
\pgfkeys@tmptoks=\toks25
))
\pgf@x=\dimen135
\pgf@y=\dimen136
\pgf@xa=\dimen137
\pgf@ya=\dimen138
\pgf@xb=\dimen139
\pgf@yb=\dimen140
\pgf@xc=\dimen141
\pgf@yc=\dimen142
\w@pgf@writea=\write3
\r@pgf@reada=\read1
\c@pgf@counta=\count121
\c@pgf@countb=\count122
\c@pgf@countc=\count123
\c@pgf@countd=\count124
\t@pgf@toka=\toks26
\t@pgf@tokb=\toks27
\t@pgf@tokc=\toks28

("C:\Users\User\AppData\Local\Programs\MiKTeX 2.9\tex\generic\pgf\systemlayer\p
gf.cfg"
File: pgf.cfg 2008/05/14  (rcs-revision 1.7)
)
Driver file for pgf: pgfsys-pdftex.def

("C:\Users\User\AppData\Local\Programs\MiKTeX 2.9\tex\generic\pgf\systemlayer\p
gfsys-pdftex.def"
File: pgfsys-pdftex.def 2014/10/11  (rcs-revision 1.35)

("C:\Users\User\AppData\Local\Programs\MiKTeX 2.9\tex\generic\pgf\systemlayer\p
gfsys-common-pdf.def"
File: pgfsys-common-pdf.def 2013/10/10  (rcs-revision 1.13)
)))
("C:\Users\User\AppData\Local\Programs\MiKTeX 2.9\tex\generic\pgf\systemlayer\p
gfsyssoftpath.code.tex"
File: pgfsyssoftpath.code.tex 2013/09/09  (rcs-revision 1.9)
\pgfsyssoftpath@smallbuffer@items=\count125
\pgfsyssoftpath@bigbuffer@items=\count126
)
("C:\Users\User\AppData\Local\Programs\MiKTeX 2.9\tex\generic\pgf\systemlayer\p
gfsysprotocol.code.tex"
File: pgfsysprotocol.code.tex 2006/10/16  (rcs-revision 1.4)
))
("C:\Users\User\AppData\Local\Programs\MiKTeX 2.9\tex\latex\xcolor\xcolor.sty"
Package: xcolor 2007/01/21 v2.11 LaTeX color extensions (UK)

("C:\Users\User\AppData\Local\Programs\MiKTeX 2.9\tex\latex\00miktex\color.cfg"
File: color.cfg 2007/01/18 v1.5 color configuration of teTeX/TeXLive
)
Package xcolor Info: Driver file: pdftex.def on input line 225.
Package xcolor Info: Model `cmy' substituted by `cmy0' on input line 1337.
Package xcolor Info: Model `hsb' substituted by `rgb' on input line 1341.
Package xcolor Info: Model `RGB' extended on input line 1353.
Package xcolor Info: Model `HTML' substituted by `rgb' on input line 1355.
Package xcolor Info: Model `Hsb' substituted by `hsb' on input line 1356.
Package xcolor Info: Model `tHsb' substituted by `hsb' on input line 1357.
Package xcolor Info: Model `HSB' substituted by `hsb' on input line 1358.
Package xcolor Info: Model `Gray' substituted by `gray' on input line 1359.
Package xcolor Info: Model `wave' substituted by `hsb' on input line 1360.
)
("C:\Users\User\AppData\Local\Programs\MiKTeX 2.9\tex\generic\pgf\basiclayer\pg
fcore.code.tex"
Package: pgfcore 2010/04/11 v3.0.1a (rcs-revision 1.7)

("C:\Users\User\AppData\Local\Programs\MiKTeX 2.9\tex\generic\pgf\math\pgfmath.
code.tex"
("C:\Users\User\AppData\Local\Programs\MiKTeX 2.9\tex\generic\pgf\math\pgfmathc
alc.code.tex"
("C:\Users\User\AppData\Local\Programs\MiKTeX 2.9\tex\generic\pgf\math\pgfmathu
til.code.tex")
("C:\Users\User\AppData\Local\Programs\MiKTeX 2.9\tex\generic\pgf\math\pgfmathp
arser.code.tex"
\pgfmath@dimen=\dimen143
\pgfmath@count=\count127
\pgfmath@box=\box32
\pgfmath@toks=\toks29
\pgfmath@stack@operand=\toks30
\pgfmath@stack@operation=\toks31
)
("C:\Users\User\AppData\Local\Programs\MiKTeX 2.9\tex\generic\pgf\math\pgfmathf
unctions.code.tex"
("C:\Users\User\AppData\Local\Programs\MiKTeX 2.9\tex\generic\pgf\math\pgfmathf
unctions.basic.code.tex")
("C:\Users\User\AppData\Local\Programs\MiKTeX 2.9\tex\generic\pgf\math\pgfmathf
unctions.trigonometric.code.tex")
("C:\Users\User\AppData\Local\Programs\MiKTeX 2.9\tex\generic\pgf\math\pgfmathf
unctions.random.code.tex")
("C:\Users\User\AppData\Local\Programs\MiKTeX 2.9\tex\generic\pgf\math\pgfmathf
unctions.comparison.code.tex")
("C:\Users\User\AppData\Local\Programs\MiKTeX 2.9\tex\generic\pgf\math\pgfmathf
unctions.base.code.tex")
("C:\Users\User\AppData\Local\Programs\MiKTeX 2.9\tex\generic\pgf\math\pgfmathf
unctions.round.code.tex")
("C:\Users\User\AppData\Local\Programs\MiKTeX 2.9\tex\generic\pgf\math\pgfmathf
unctions.misc.code.tex")
("C:\Users\User\AppData\Local\Programs\MiKTeX 2.9\tex\generic\pgf\math\pgfmathf
unctions.integerarithmetics.code.tex")))
("C:\Users\User\AppData\Local\Programs\MiKTeX 2.9\tex\generic\pgf\math\pgfmathf
loat.code.tex"
\c@pgfmathroundto@lastzeros=\count128
))
("C:\Users\User\AppData\Local\Programs\MiKTeX 2.9\tex\generic\pgf\basiclayer\pg
fcorepoints.code.tex"
File: pgfcorepoints.code.tex 2013/10/07  (rcs-revision 1.27)
\pgf@picminx=\dimen144
\pgf@picmaxx=\dimen145
\pgf@picminy=\dimen146
\pgf@picmaxy=\dimen147
\pgf@pathminx=\dimen148
\pgf@pathmaxx=\dimen149
\pgf@pathminy=\dimen150
\pgf@pathmaxy=\dimen151
\pgf@xx=\dimen152
\pgf@xy=\dimen153
\pgf@yx=\dimen154
\pgf@yy=\dimen155
\pgf@zx=\dimen156
\pgf@zy=\dimen157
)
("C:\Users\User\AppData\Local\Programs\MiKTeX 2.9\tex\generic\pgf\basiclayer\pg
fcorepathconstruct.code.tex"
File: pgfcorepathconstruct.code.tex 2013/10/07  (rcs-revision 1.29)
\pgf@path@lastx=\dimen158
\pgf@path@lasty=\dimen159
)
("C:\Users\User\AppData\Local\Programs\MiKTeX 2.9\tex\generic\pgf\basiclayer\pg
fcorepathusage.code.tex"
File: pgfcorepathusage.code.tex 2014/11/02  (rcs-revision 1.24)
\pgf@shorten@end@additional=\dimen160
\pgf@shorten@start@additional=\dimen161
)
("C:\Users\User\AppData\Local\Programs\MiKTeX 2.9\tex\generic\pgf\basiclayer\pg
fcorescopes.code.tex"
File: pgfcorescopes.code.tex 2015/05/08  (rcs-revision 1.46)
\pgfpic=\box33
\pgf@hbox=\box34
\pgf@layerbox@main=\box35
\pgf@picture@serial@count=\count129
)
("C:\Users\User\AppData\Local\Programs\MiKTeX 2.9\tex\generic\pgf\basiclayer\pg
fcoregraphicstate.code.tex"
File: pgfcoregraphicstate.code.tex 2014/11/02  (rcs-revision 1.12)
\pgflinewidth=\dimen162
)
("C:\Users\User\AppData\Local\Programs\MiKTeX 2.9\tex\generic\pgf\basiclayer\pg
fcoretransformations.code.tex"
File: pgfcoretransformations.code.tex 2015/08/07  (rcs-revision 1.20)
\pgf@pt@x=\dimen163
\pgf@pt@y=\dimen164
\pgf@pt@temp=\dimen165
)
("C:\Users\User\AppData\Local\Programs\MiKTeX 2.9\tex\generic\pgf\basiclayer\pg
fcorequick.code.tex"
File: pgfcorequick.code.tex 2008/10/09  (rcs-revision 1.3)
)
("C:\Users\User\AppData\Local\Programs\MiKTeX 2.9\tex\generic\pgf\basiclayer\pg
fcoreobjects.code.tex"
File: pgfcoreobjects.code.tex 2006/10/11  (rcs-revision 1.2)
)
("C:\Users\User\AppData\Local\Programs\MiKTeX 2.9\tex\generic\pgf\basiclayer\pg
fcorepathprocessing.code.tex"
File: pgfcorepathprocessing.code.tex 2013/09/09  (rcs-revision 1.9)
)
("C:\Users\User\AppData\Local\Programs\MiKTeX 2.9\tex\generic\pgf\basiclayer\pg
fcorearrows.code.tex"
File: pgfcorearrows.code.tex 2015/05/14  (rcs-revision 1.43)
\pgfarrowsep=\dimen166
)
("C:\Users\User\AppData\Local\Programs\MiKTeX 2.9\tex\generic\pgf\basiclayer\pg
fcoreshade.code.tex"
File: pgfcoreshade.code.tex 2013/07/15  (rcs-revision 1.15)
\pgf@max=\dimen167
\pgf@sys@shading@range@num=\count130
)
("C:\Users\User\AppData\Local\Programs\MiKTeX 2.9\tex\generic\pgf\basiclayer\pg
fcoreimage.code.tex"
File: pgfcoreimage.code.tex 2013/07/15  (rcs-revision 1.18)

("C:\Users\User\AppData\Local\Programs\MiKTeX 2.9\tex\generic\pgf\basiclayer\pg
fcoreexternal.code.tex"
File: pgfcoreexternal.code.tex 2014/07/09  (rcs-revision 1.21)
\pgfexternal@startupbox=\box36
))
("C:\Users\User\AppData\Local\Programs\MiKTeX 2.9\tex\generic\pgf\basiclayer\pg
fcorelayers.code.tex"
File: pgfcorelayers.code.tex 2013/07/18  (rcs-revision 1.7)
)
("C:\Users\User\AppData\Local\Programs\MiKTeX 2.9\tex\generic\pgf\basiclayer\pg
fcoretransparency.code.tex"
File: pgfcoretransparency.code.tex 2013/09/30  (rcs-revision 1.5)
)
("C:\Users\User\AppData\Local\Programs\MiKTeX 2.9\tex\generic\pgf\basiclayer\pg
fcorepatterns.code.tex"
File: pgfcorepatterns.code.tex 2013/11/07  (rcs-revision 1.5)
)))
("C:\Users\User\AppData\Local\Programs\MiKTeX 2.9\tex\generic\pgf\modules\pgfmo
duleshapes.code.tex"
File: pgfmoduleshapes.code.tex 2014/03/21  (rcs-revision 1.35)
\pgfnodeparttextbox=\box37
)
("C:\Users\User\AppData\Local\Programs\MiKTeX 2.9\tex\generic\pgf\modules\pgfmo
duleplot.code.tex"
File: pgfmoduleplot.code.tex 2015/08/03  (rcs-revision 1.13)
)
("C:\Users\User\AppData\Local\Programs\MiKTeX 2.9\tex\latex\pgf\compatibility\p
gfcomp-version-0-65.sty"
Package: pgfcomp-version-0-65 2007/07/03 v3.0.1a (rcs-revision 1.7)
\pgf@nodesepstart=\dimen168
\pgf@nodesepend=\dimen169
)
("C:\Users\User\AppData\Local\Programs\MiKTeX 2.9\tex\latex\pgf\compatibility\p
gfcomp-version-1-18.sty"
Package: pgfcomp-version-1-18 2007/07/23 v3.0.1a (rcs-revision 1.1)
))
("C:\Users\User\AppData\Local\Programs\MiKTeX 2.9\tex\latex\pgf\utilities\pgffo
r.sty"
("C:\Users\User\AppData\Local\Programs\MiKTeX 2.9\tex\latex\pgf\utilities\pgfke
ys.sty"
("C:\Users\User\AppData\Local\Programs\MiKTeX 2.9\tex\generic\pgf\utilities\pgf
keys.code.tex"))
("C:\Users\User\AppData\Local\Programs\MiKTeX 2.9\tex\latex\pgf\math\pgfmath.st
y"
("C:\Users\User\AppData\Local\Programs\MiKTeX 2.9\tex\generic\pgf\math\pgfmath.
code.tex"))
("C:\Users\User\AppData\Local\Programs\MiKTeX 2.9\tex\generic\pgf\utilities\pgf
for.code.tex"
Package: pgffor 2013/12/13 v3.0.1a (rcs-revision 1.25)

("C:\Users\User\AppData\Local\Programs\MiKTeX 2.9\tex\generic\pgf\math\pgfmath.
code.tex")
\pgffor@iter=\dimen170
\pgffor@skip=\dimen171
\pgffor@stack=\toks32
\pgffor@toks=\toks33
))
("C:\Users\User\AppData\Local\Programs\MiKTeX 2.9\tex\generic\pgf\frontendlayer
\tikz\tikz.code.tex"
Package: tikz 2015/08/07 v3.0.1a (rcs-revision 1.151)

("C:\Users\User\AppData\Local\Programs\MiKTeX 2.9\tex\generic\pgf\libraries\pgf
libraryplothandlers.code.tex"
File: pgflibraryplothandlers.code.tex 2013/08/31 v3.0.1a (rcs-revision 1.20)
\pgf@plot@mark@count=\count131
\pgfplotmarksize=\dimen172
)
\tikz@lastx=\dimen173
\tikz@lasty=\dimen174
\tikz@lastxsaved=\dimen175
\tikz@lastysaved=\dimen176
\tikzleveldistance=\dimen177
\tikzsiblingdistance=\dimen178
\tikz@figbox=\box38
\tikz@figbox@bg=\box39
\tikz@tempbox=\box40
\tikz@tempbox@bg=\box41
\tikztreelevel=\count132
\tikznumberofchildren=\count133
\tikznumberofcurrentchild=\count134
\tikz@fig@count=\count135

("C:\Users\User\AppData\Local\Programs\MiKTeX 2.9\tex\generic\pgf\modules\pgfmo
dulematrix.code.tex"
File: pgfmodulematrix.code.tex 2013/09/17  (rcs-revision 1.8)
\pgfmatrixcurrentrow=\count136
\pgfmatrixcurrentcolumn=\count137
\pgf@matrix@numberofcolumns=\count138
)
\tikz@expandcount=\count139

("C:\Users\User\AppData\Local\Programs\MiKTeX 2.9\tex\generic\pgf\frontendlayer
\tikz\libraries\tikzlibrarytopaths.code.tex"
File: tikzlibrarytopaths.code.tex 2008/06/17 v3.0.1a (rcs-revision 1.2)
)))
("C:\Users\User\AppData\Local\Programs\MiKTeX 2.9\tex\latex\algorithms\algorith
m.sty"
Package: algorithm 2009/08/24 v0.1 Document Style `algorithm' - floating enviro
nment

("C:\Users\User\AppData\Local\Programs\MiKTeX 2.9\tex\latex\float\float.sty"
Package: float 2001/11/08 v1.3d Float enhancements (AL)
\c@float@type=\count140
\float@exts=\toks34
\float@box=\box42
\@float@everytoks=\toks35
\@floatcapt=\box43
)
("C:\Users\User\AppData\Local\Programs\MiKTeX 2.9\tex\latex\base\ifthen.sty"
Package: ifthen 2014/09/29 v1.1c Standard LaTeX ifthen package (DPC)
)
\@float@every@algorithm=\toks36
\c@algorithm=\count141
)
("C:\Users\User\AppData\Local\Programs\MiKTeX 2.9\tex\latex\algorithmicx\algpse
udocode.sty"
Package: algpseudocode 

("C:\Users\User\AppData\Local\Programs\MiKTeX 2.9\tex\latex\algorithmicx\algori
thmicx.sty"
Package: algorithmicx 2005/04/27 v1.2 Algorithmicx

Document Style algorithmicx 1.2 - a greatly improved `algorithmic' style
\c@ALG@line=\count142
\c@ALG@rem=\count143
\c@ALG@nested=\count144
\ALG@tlm=\skip46
\ALG@thistlm=\skip47
\c@ALG@Lnr=\count145
\c@ALG@blocknr=\count146
\c@ALG@storecount=\count147
\c@ALG@tmpcounter=\count148
\ALG@tmplength=\skip48
)
Document Style - pseudocode environments for use with the `algorithmicx' style
)
("C:\Users\User\AppData\Local\Programs\MiKTeX 2.9\tex\latex\pdfpages\pdfpages.s
ty"
Package: pdfpages 2015/09/18 v0.5d Insert pages of external PDF documents (AM)
 ("C:\Users\User\AppData\Local\Programs\MiKTeX 2.9\tex\latex\tools\calc.sty"
Package: calc 2014/10/28 v4.3 Infix arithmetic (KKT,FJ)
\calc@Acount=\count149
\calc@Bcount=\count150
\calc@Adimen=\dimen179
\calc@Bdimen=\dimen180
\calc@Askip=\skip49
\calc@Bskip=\skip50
LaTeX Info: Redefining \setlength on input line 80.
LaTeX Info: Redefining \addtolength on input line 81.
\calc@Ccount=\count151
\calc@Cskip=\skip51
)
("C:\Users\User\AppData\Local\Programs\MiKTeX 2.9\tex\latex\eso-pic\eso-pic.sty
"
Package: eso-pic 2015/07/21 v2.0g eso-pic (RN)

("C:\Users\User\AppData\Local\Programs\MiKTeX 2.9\tex\generic\oberdiek\atbegshi
.sty"
Package: atbegshi 2011/10/05 v1.16 At begin shipout hook (HO)
))
\AM@pagewidth=\dimen181
\AM@pageheight=\dimen182

("C:\Users\User\AppData\Local\Programs\MiKTeX 2.9\tex\latex\pdfpages\pppdftex.d
ef"
File: pppdftex.def 2015/09/18 v0.5d Pdfpages driver for pdfTeX (AM)
)
\AM@pagebox=\box44
\AM@toc@title=\toks37
\c@AM@survey=\count152
\AM@templatesizebox=\box45
)
("C:\Users\User\AppData\Local\Programs\MiKTeX 2.9\tex\latex\multirow\multirow.s
ty"
\bigstrutjot=\dimen183
)
("C:\Users\User\AppData\Local\Programs\MiKTeX 2.9\tex\latex\hyperref\hyperref.s
ty"
Package: hyperref 2012/11/06 v6.83m Hypertext links for LaTeX

("C:\Users\User\AppData\Local\Programs\MiKTeX 2.9\tex\generic\oberdiek\hobsub-h
yperref.sty"
Package: hobsub-hyperref 2012/04/25 v1.12 Bundle oberdiek, subset hyperref (HO)


("C:\Users\User\AppData\Local\Programs\MiKTeX 2.9\tex\generic\oberdiek\hobsub-g
eneric.sty"
Package: hobsub-generic 2012/04/25 v1.12 Bundle oberdiek, subset generic (HO)
Package: hobsub 2012/04/25 v1.12 Construct package bundles (HO)
Package hobsub Info: Skipping package `infwarerr' (already loaded).
Package hobsub Info: Skipping package `ltxcmds' (already loaded).
Package hobsub Info: Skipping package `ifluatex' (already loaded).
Package: ifvtex 2010/03/01 v1.5 Detect VTeX and its facilities (HO)
Package ifvtex Info: VTeX not detected.
Package: intcalc 2007/09/27 v1.1 Expandable calculations with integers (HO)
Package hobsub Info: Skipping package `ifpdf' (already loaded).
Package hobsub Info: Skipping package `etexcmds' (already loaded).
Package hobsub Info: Skipping package `kvsetkeys' (already loaded).
Package hobsub Info: Skipping package `kvdefinekeys' (already loaded).
Package hobsub Info: Skipping package `pdftexcmds' (already loaded).
Package: pdfescape 2011/11/25 v1.13 Implements pdfTeX's escape features (HO)
Package: bigintcalc 2012/04/08 v1.3 Expandable calculations on big integers (HO
)
Package: bitset 2011/01/30 v1.1 Handle bit-vector datatype (HO)
Package: uniquecounter 2011/01/30 v1.2 Provide unlimited unique counter (HO)
)
Package hobsub Info: Skipping package `hobsub' (already loaded).
Package: letltxmacro 2010/09/02 v1.4 Let assignment for LaTeX macros (HO)
Package: hopatch 2011/06/24 v1.1 Wrapper for package hooks (HO)
Package: xcolor-patch 2011/01/30 xcolor patch
Package: atveryend 2011/06/30 v1.8 Hooks at the very end of document (HO)
Package atveryend Info: \enddocument detected (standard20110627).
Package hobsub Info: Skipping package `atbegshi' (already loaded).
Package: refcount 2011/10/16 v3.4 Data extraction from label references (HO)
Package: hycolor 2011/01/30 v1.7 Color options for hyperref/bookmark (HO)
)
("C:\Users\User\AppData\Local\Programs\MiKTeX 2.9\tex\generic\ifxetex\ifxetex.s
ty"
Package: ifxetex 2010/09/12 v0.6 Provides ifxetex conditional
)
("C:\Users\User\AppData\Local\Programs\MiKTeX 2.9\tex\latex\oberdiek\auxhook.st
y"
Package: auxhook 2011/03/04 v1.3 Hooks for auxiliary files (HO)
)
\@linkdim=\dimen184
\Hy@linkcounter=\count153
\Hy@pagecounter=\count154

("C:\Users\User\AppData\Local\Programs\MiKTeX 2.9\tex\latex\hyperref\pd1enc.def
"
File: pd1enc.def 2012/11/06 v6.83m Hyperref: PDFDocEncoding definition (HO)
)
\Hy@SavedSpaceFactor=\count155

("C:\Users\User\AppData\Local\Programs\MiKTeX 2.9\tex\latex\00miktex\hyperref.c
fg"
File: hyperref.cfg 2002/06/06 v1.2 hyperref configuration of TeXLive
)
Package hyperref Info: Hyper figures OFF on input line 4443.
Package hyperref Info: Link nesting OFF on input line 4448.
Package hyperref Info: Hyper index ON on input line 4451.
Package hyperref Info: Plain pages OFF on input line 4458.
Package hyperref Info: Backreferencing OFF on input line 4463.
Package hyperref Info: Implicit mode ON; LaTeX internals redefined.
Package hyperref Info: Bookmarks ON on input line 4688.
\c@Hy@tempcnt=\count156
 ("C:\Users\User\AppData\Local\Programs\MiKTeX 2.9\tex\latex\url\url.sty"
\Urlmuskip=\muskip11
Package: url 2013/09/16  ver 3.4  Verb mode for urls, etc.
)
LaTeX Info: Redefining \url on input line 5041.
\XeTeXLinkMargin=\dimen185
\Fld@menulength=\count157
\Field@Width=\dimen186
\Fld@charsize=\dimen187
Package hyperref Info: Hyper figures OFF on input line 6295.
Package hyperref Info: Link nesting OFF on input line 6300.
Package hyperref Info: Hyper index ON on input line 6303.
Package hyperref Info: backreferencing OFF on input line 6310.
Package hyperref Info: Link coloring OFF on input line 6315.
Package hyperref Info: Link coloring with OCG OFF on input line 6320.
Package hyperref Info: PDF/A mode OFF on input line 6325.
LaTeX Info: Redefining \ref on input line 6365.
LaTeX Info: Redefining \pageref on input line 6369.
\Hy@abspage=\count158
\c@Item=\count159
\c@Hfootnote=\count160
)

Package hyperref Message: Driver (autodetected): hpdftex.


("C:\Users\User\AppData\Local\Programs\MiKTeX 2.9\tex\latex\hyperref\hpdftex.de
f"
File: hpdftex.def 2012/11/06 v6.83m Hyperref driver for pdfTeX
\Fld@listcount=\count161
\c@bookmark@seq@number=\count162

("C:\Users\User\AppData\Local\Programs\MiKTeX 2.9\tex\latex\oberdiek\rerunfilec
heck.sty"
Package: rerunfilecheck 2011/04/15 v1.7 Rerun checks for auxiliary files (HO)
Package uniquecounter Info: New unique counter `rerunfilecheck' on input line 2
82.
)
\Hy@SectionHShift=\skip52
)
("C:\Users\User\AppData\Local\Programs\MiKTeX 2.9\tex\latex\tools\tabularx.sty"
Package: tabularx 2014/10/28 v2.10 `tabularx' package (DPC)
("C:\Users\User\AppData\Local\Programs\MiKTeX 2.9\tex\latex\tools\array.sty"
Package: array 2014/10/28 v2.4c Tabular extension package (FMi)
\col@sep=\dimen188
\extrarowheight=\dimen189
\NC@list=\toks38
\extratabsurround=\skip53
\backup@length=\skip54
)
\TX@col@width=\dimen190
\TX@old@table=\dimen191
\TX@old@col=\dimen192
\TX@target=\dimen193
\TX@delta=\dimen194
\TX@cols=\count163
\TX@ftn=\toks39
)
("C:\Users\User\AppData\Local\Programs\MiKTeX 2.9\tex\latex\colortbl\colortbl.s
ty"
Package: colortbl 2012/02/13 v1.0a Color table columns (DPC)
\everycr=\toks40
\minrowclearance=\skip55
)
("C:\Users\User\AppData\Local\Programs\MiKTeX 2.9\tex\latex\tools\hhline.sty"
Package: hhline 2014/10/28 v2.03 Table rule package (DPC)
)
("C:\Users\User\AppData\Local\Programs\MiKTeX 2.9\tex\generic\pgf\frontendlayer
\tikz\libraries\tikzlibraryshapes.geometric.code.tex"
File: tikzlibraryshapes.geometric.code.tex 2008/01/09 v3.0.1a (rcs-revision 1.1
)

("C:\Users\User\AppData\Local\Programs\MiKTeX 2.9\tex\generic\pgf\libraries\sha
pes\pgflibraryshapes.geometric.code.tex"
File: pgflibraryshapes.geometric.code.tex 2008/06/26 v3.0.1a (rcs-revision 1.1)

))
("C:\Users\User\AppData\Local\Programs\MiKTeX 2.9\tex\generic\pgf\frontendlayer
\tikz\libraries\tikzlibraryarrows.code.tex"
File: tikzlibraryarrows.code.tex 2008/01/09 v3.0.1a (rcs-revision 1.1)

("C:\Users\User\AppData\Local\Programs\MiKTeX 2.9\tex\generic\pgf\libraries\pgf
libraryarrows.code.tex"
File: pgflibraryarrows.code.tex 2013/09/23 v3.0.1a (rcs-revision 1.16)
\arrowsize=\dimen195
))
("C:\Users\User\AppData\Local\Programs\MiKTeX 2.9\tex\latex\preprint\authblk.st
y"
Package: authblk 2001/02/27 1.3 (PWD)
\affilsep=\skip56
\@affilsep=\skip57
\c@Maxaffil=\count164
\c@authors=\count165
\c@affil=\count166
) (chemical-equ.aux

LaTeX Warning: Label `blostein_97' multiply defined.


LaTeX Warning: Label `Garain_07' multiply defined.

)
\openout1 = `chemical-equ.aux'.

LaTeX Font Info:    Checking defaults for OML/cmm/m/it on input line 103.
LaTeX Font Info:    ... okay on input line 103.
LaTeX Font Info:    Checking defaults for T1/cmr/m/n on input line 103.
LaTeX Font Info:    ... okay on input line 103.
LaTeX Font Info:    Checking defaults for OT1/cmr/m/n on input line 103.
LaTeX Font Info:    ... okay on input line 103.
LaTeX Font Info:    Checking defaults for OMS/cmsy/m/n on input line 103.
LaTeX Font Info:    ... okay on input line 103.
LaTeX Font Info:    Checking defaults for OMX/cmex/m/n on input line 103.
LaTeX Font Info:    ... okay on input line 103.
LaTeX Font Info:    Checking defaults for U/cmr/m/n on input line 103.
LaTeX Font Info:    ... okay on input line 103.
LaTeX Font Info:    Checking defaults for TS1/cmr/m/n on input line 103.
LaTeX Font Info:    ... okay on input line 103.
LaTeX Font Info:    Checking defaults for PD1/pdf/m/n on input line 103.
LaTeX Font Info:    ... okay on input line 103.

("C:\Users\User\AppData\Local\Programs\MiKTeX 2.9\tex\context\base\supp-pdf.mki
i"
[Loading MPS to PDF converter (version 2006.09.02).]
\scratchcounter=\count167
\scratchdimen=\dimen196
\scratchbox=\box46
\nofMPsegments=\count168
\nofMParguments=\count169
\everyMPshowfont=\toks41
\MPscratchCnt=\count170
\MPscratchDim=\dimen197
\MPnumerator=\count171
\makeMPintoPDFobject=\count172
\everyMPtoPDFconversion=\toks42
)
Package caption Info: Begin \AtBeginDocument code.
Package caption Info: float package is loaded.
Package caption Info: hyperref package is loaded.
Package caption Info: End \AtBeginDocument code.
 ABD: EveryShipout initializing macros
\AtBeginShipoutBox=\box47

("C:\Users\User\AppData\Local\Programs\MiKTeX 2.9\tex\latex\oberdiek\pdflscape.
sty"
Package: pdflscape 2008/08/11 v0.10 Display of landscape pages in PDF (HO)

("C:\Users\User\AppData\Local\Programs\MiKTeX 2.9\tex\latex\graphics\lscape.sty
"
Package: lscape 2000/10/22 v3.01 Landscape Pages (DPC)
)
Package pdflscape Info: Auto-detected driver: pdftex on input line 80.
)
Package hyperref Info: Link coloring OFF on input line 103.

("C:\Users\User\AppData\Local\Programs\MiKTeX 2.9\tex\latex\hyperref\nameref.st
y"
Package: nameref 2012/10/27 v2.43 Cross-referencing by name of section

("C:\Users\User\AppData\Local\Programs\MiKTeX 2.9\tex\generic\oberdiek\gettitle
string.sty"
Package: gettitlestring 2010/12/03 v1.4 Cleanup title references (HO)
)
\c@section@level=\count173
)
LaTeX Info: Redefining \ref on input line 103.
LaTeX Info: Redefining \pageref on input line 103.
LaTeX Info: Redefining \nameref on input line 103.
 (chemical-equ.out) (chemical-equ.out)
\@outlinefile=\write4
\openout4 = `chemical-equ.out'.

LaTeX Font Info:    Calculating math sizes for size <8.5> on input line 138.


LaTeX Font Warning: Font shape `OMX/cmex/m/n' in size <8.5> not available
(Font)              size <8> substituted on input line 138.


Underfull \vbox (badness 2762) has occurred while \output is active []


Overfull \hbox (3.2307pt too wide) in paragraph at lines 162--165
\OT1/cmr/m/n/10 white spac-ings which are usu-ally larger in math-equation
 []

[1{C:/Users/User/AppData/Local/MiKTeX/2.9/pdftex/config/pdftex.map}


]
Overfull \hbox (9.50844pt too wide) in paragraph at lines 174--176
\OT1/cmr/m/n/10 sys-tem that re-con-structs chem-i-cal molecules from scanned
 []

<simage.png, id=82, 1807.75375pt x 403.5075pt>
File: simage.png Graphic file (type png)
 <use simage.png>
Package pdftex.def Info: simage.png used on input line 208.
(pdftex.def)             Requested size: 222.74849pt x 49.71794pt.

<hProj.png, id=83, 1807.75375pt x 403.5075pt>
File: hProj.png Graphic file (type png)
 <use hProj.png>
Package pdftex.def Info: hProj.png used on input line 210.
(pdftex.def)             Requested size: 222.74849pt x 49.71794pt.


LaTeX Warning: `h' float specifier changed to `ht'.

File: simage.png Graphic file (type png)
<use simage.png>
Package pdftex.def Info: simage.png used on input line 223.
(pdftex.def)             Requested size: 222.74849pt x 49.71794pt.
 <histogram.png, id=84, 884.55469pt x 441.90094pt>
File: histogram.png Graphic file (type png)

<use histogram.png>
Package pdftex.def Info: histogram.png used on input line 225.
(pdftex.def)             Requested size: 222.74849pt x 111.27736pt.


LaTeX Warning: `h' float specifier changed to `ht'.

[2]
Overfull \hbox (20.43329pt too wide) detected at line 250
$\OML/cmm/m/it/10 F\OT1/cmr/m/n/10 (\OML/cmm/m/it/10 C[]; C[]\OT1/cmr/m/n/10 ) 
= []$ 
 []


Overfull \hbox (2.17514pt too wide) in paragraph at lines 253--258
[]\OT1/cmr/m/n/10 Cluster for-ma-tion re-quires in-for-ma-tion on inter-word
 []

LaTeX Font Info:    Try loading font information for OMS+cmr on input line 259.

("C:\Users\User\AppData\Local\Programs\MiKTeX 2.9\tex\latex\base\omscmr.fd"
File: omscmr.fd 2014/09/29 v2.5h Standard LaTeX font definitions
)
LaTeX Font Info:    Font shape `OMS/cmr/m/n' in size <10> not available
(Font)              Font shape `OMS/cmsy/m/n' tried instead on input line 259.

Overfull \hbox (2.42847pt too wide) in paragraph at lines 258--261
\OT1/cmr/m/n/10 where $\OML/cmm/m/it/10 b \OT1/cmr/m/n/10 = []$\OMS/cmsy/m/n/10
 f$[]$g \OT1/cmr/m/n/10 such that $(\OML/cmm/m/it/10 F\OT1/cmr/m/n/10 (\OML/cmm
/m/it/10 C[]; C[]\OT1/cmr/m/n/10 ) =$
 []

<blob.png, id=111, 1355.8153pt x 302.63063pt>
File: blob.png Graphic file (type png)
 <use blob.png>
Package pdftex.def Info: blob.png used on input line 276.
(pdftex.def)             Requested size: 222.74849pt x 49.71947pt.
 [3 <./simage.png (PNG copy)> <./hProj.png (PNG copy)> <./histogram.png> <./blo
b.png>]
<singleChar.png, id=131, 1355.8153pt x 302.63063pt>
File: singleChar.png Graphic file (type png)
 <use singleChar.png>
Package pdftex.def Info: singleChar.png used on input line 302.
(pdftex.def)             Requested size: 222.74849pt x 49.71947pt.
Missing character: There is no â in font cmr10!
Missing character: There is no € in font cmr10!
Missing character: There is no ˜ in font cmr10!
Missing character: There is no â in font cmr10!
Missing character: There is no € in font cmr10!
Missing character: There is no ™ in font cmr10!
Missing character: There is no â in font cmr10!
Missing character: There is no € in font cmr10!
Missing character: There is no ˜ in font cmr10!
Missing character: There is no â in font cmr10!
Missing character: There is no € in font cmr10!
Missing character: There is no ™ in font cmr10!
Missing character: There is no â in font cmr10!
Missing character: There is no € in font cmr10!
Missing character: There is no ˜ in font cmr10!
Missing character: There is no â in font cmr10!
Missing character: There is no € in font cmr10!
Missing character: There is no ™ in font cmr10!

<singleCharafterEuler.png, id=135, 1758.57pt x 445.665pt>
File: singleCharafterEuler.png Graphic file (type png)

<use singleCharafterEuler.png>
Package pdftex.def Info: singleCharafterEuler.png used on input line 314.
(pdftex.def)             Requested size: 222.74849pt x 56.44922pt.
 <plus.png, id=138, 17.31468pt x 18.0675pt>
File: plus.png Graphic file (type png)

<use plus.png>
Package pdftex.def Info: plus.png used on input line 327.
(pdftex.def)             Requested size: 14.45386pt x 14.45372pt.
 <plusH.png, id=139, 38.1425pt x 38.1425pt>
File: plusH.png Graphic file (type png)
 <use plusH.png>
Package pdftex.def Info: plusH.png used on input line 328.
(pdftex.def)             Requested size: 14.45355pt x 14.45355pt.

<plusV.png, id=140, 38.1425pt x 38.1425pt>
File: plusV.png Graphic file (type png)
 <use plusV.png>
Package pdftex.def Info: plusV.png used on input line 329.
(pdftex.def)             Requested size: 14.45355pt x 14.45355pt.

<minus.png, id=141, 24.09pt x 3.01125pt>
File: minus.png Graphic file (type png)
 <use minus.png>
Package pdftex.def Info: minus.png used on input line 330.
(pdftex.def)             Requested size: 14.45372pt x 1.44565pt.

<minusH.png, id=142, 24.09pt x 3.01125pt>
File: minusH.png Graphic file (type png)
 <use minusH.png>
Package pdftex.def Info: minusH.png used on input line 331.
(pdftex.def)             Requested size: 14.45372pt x 1.44565pt.

<minusV.png, id=143, 24.09pt x 3.01125pt>
File: minusV.png Graphic file (type png)
 <use minusV.png>
Package pdftex.def Info: minusV.png used on input line 332.
(pdftex.def)             Requested size: 14.45372pt x 1.44565pt.

<arrow.png, id=144, 26.34843pt x 9.03375pt>
File: arrow.png Graphic file (type png)
 <use arrow.png>
Package pdftex.def Info: arrow.png used on input line 333.
(pdftex.def)             Requested size: 14.45387pt x 3.6137pt.

<arrowH.png, id=145, 35.13126pt x 12.045pt>
File: arrowH.png Graphic file (type png)
 <use arrowH.png>
Package pdftex.def Info: arrowH.png used on input line 334.
(pdftex.def)             Requested size: 14.45375pt x 3.6137pt.

<arrowV.png, id=146, 35.13126pt x 12.045pt>
File: arrowV.png Graphic file (type png)
 <use arrowV.png>
Package pdftex.def Info: arrowV.png used on input line 335.
(pdftex.def)             Requested size: 14.45375pt x 3.6137pt.

Overfull \hbox (0.39732pt too wide) in paragraph at lines 360--361
\OT1/cmr/m/n/10 points of a con-nected com-po-nent. This is de-ter-mined
 []

<nn.png, id=149, 422.32782pt x 145.29282pt>
File: nn.png Graphic file (type png)
 <use nn.png>
Package pdftex.def Info: nn.png used on input line 384.
(pdftex.def)             Requested size: 222.74849pt x 76.63235pt.


LaTeX Warning: `h' float specifier changed to `ht'.

[4 <./singleChar.png> <./singleCharafterEuler.png (PNG copy)> <./plus.png> <./p
lusH.png (PNG copy)> <./plusV.png (PNG copy)> <./minus.png (PNG copy)> <./minus
H.png (PNG copy)> <./minusV.png (PNG copy)> <./arrow.png> <./arrowH.png (PNG co
py)> <./arrowV.png (PNG copy)>]
<operator.png, id=169, 1318.9275pt x 334.24875pt>
File: operator.png Graphic file (type png)
 <use operator.png>
Package pdftex.def Info: operator.png used on input line 423.
(pdftex.def)             Requested size: 222.74849pt x 56.44922pt.

<equation.png, id=172, 1209.76968pt x 56.46094pt>
File: equation.png Graphic file (type png)
 <use equation.png>
Package pdftex.def Info: equation.png used on input line 440.
(pdftex.def)             Requested size: 222.74849pt x 10.39513pt.

<equationOperands.png, id=173, 1209.76968pt x 56.46094pt>
File: equationOperands.png Graphic file (type png)

<use equationOperands.png>
Package pdftex.def Info: equationOperands.png used on input line 442.
(pdftex.def)             Requested size: 222.74849pt x 10.39513pt.

<equationNumber.png, id=174, 1209.01688pt x 61.73062pt>
File: equationNumber.png Graphic file (type png)

<use equationNumber.png>
Package pdftex.def Info: equationNumber.png used on input line 444.
(pdftex.def)             Requested size: 222.74849pt x 11.37288pt.
 <hrlsaRemoval.png, id=175, 1209.76968pt x 56.46094pt>
File: hrlsaRemoval.png Graphic file (type png)

<use hrlsaRemoval.png>
Package pdftex.def Info: hrlsaRemoval.png used on input line 446.
(pdftex.def)             Requested size: 222.74849pt x 10.39513pt.


LaTeX Warning: `h' float specifier changed to `ht'.


Overfull \hbox (4.67513pt too wide) in paragraph at lines 463--477
[]\OT1/cmr/m/n/10 Equation num-bers are com-mon in the dis-played equa-
 []

[5 <./nn.png> <./operator.png> <./equation.png> <./equationOperands.png> <./equ
ationNumber.png> <./hrlsaRemoval.png>]
<supSub.png, id=195, 469.755pt x 45.92157pt>
File: supSub.png Graphic file (type png)
 <use supSub.png>
Package pdftex.def Info: supSub.png used on input line 499.
(pdftex.def)             Requested size: 222.74849pt x 21.77512pt.

<flowchart.png, id=197, 1885.79532pt x 1422.0628pt>
File: flowchart.png Graphic file (type png)
 <use flowchart.png>
Package pdftex.def Info: flowchart.png used on input line 543.
(pdftex.def)             Requested size: 222.74849pt x 167.9712pt.

Overfull \hbox (3.064pt too wide) in paragraph at lines 528--548
\OT1/cmr/m/n/10 The work-ing prin-ci-ple of the parser is de-picted in Fig. []1
1[].
 []


LaTeX Warning: `h' float specifier changed to `ht'.

<arrow_img.png, id=198, 705.63625pt x 63.23625pt>
File: arrow_img.png Graphic file (type png)
 <use arrow_img.png>
Package pdftex.def Info: arrow_img.png used on input line 556.
(pdftex.def)             Requested size: 222.74849pt x 19.96198pt.

<closed_arrow_img.png, id=199, 705.63625pt x 63.23625pt>
File: closed_arrow_img.png Graphic file (type png)

<use closed_arrow_img.png>
Package pdftex.def Info: closed_arrow_img.png used on input line 558.
(pdftex.def)             Requested size: 222.74849pt x 19.96198pt.
 <op_marked.png, id=200, 529.22719pt x 47.42719pt>
File: op_marked.png Graphic file (type png)

<use op_marked.png>
Package pdftex.def Info: op_marked.png used on input line 560.
(pdftex.def)             Requested size: 222.74849pt x 19.96198pt.
 <arrow_detected.png, id=201, 529.22719pt x 47.42719pt>
File: arrow_detected.png Graphic file (type png)

<use arrow_detected.png>
Package pdftex.def Info: arrow_detected.png used on input line 562.
(pdftex.def)             Requested size: 222.74849pt x 19.96198pt.


LaTeX Warning: `h' float specifier changed to `ht'.


LaTeX Warning: No positions in optional float specifier.
               Default added (so using `tbp') on input line 576.

<sampleDocument.png, id=207, 1528.96219pt x 703.87968pt>
File: sampleDocument.png Graphic file (type png)

<use sampleDocument.png>
Package pdftex.def Info: sampleDocument.png used on input line 580.
(pdftex.def)             Requested size: 222.74849pt x 102.53787pt.
 <DCE.png, id=208, 1528.96219pt x 703.87968pt>
File: DCE.png Graphic file (type png)

<use DCE.png>
Package pdftex.def Info: DCE.png used on input line 582.
(pdftex.def)             Requested size: 222.74849pt x 102.53787pt.
 <directOCR.jpg, id=209, 212.2329pt x 113.9457pt>
File: directOCR.jpg Graphic file (type jpg)

<use directOCR.jpg>
Package pdftex.def Info: directOCR.jpg used on input line 585.
(pdftex.def)             Requested size: 222.74849pt x 119.59781pt.

Overfull \hbox (0.28516pt too wide) in paragraph at lines 600--602
\OT1/cmr/m/n/10 dataset, the ac-cu-racy of OCR con-ver-sion is only 43.13%.
 []

[6 <./supSub.png> <./flowchart.png> <./arrow_img.png (PNG copy)> <./closed_arro
w_img.png (PNG copy)> <./op_marked.png> <./arrow_detected.png>]
<chemEqParts.png, id=228, 389.20406pt x 145.29282pt>
File: chemEqParts.png Graphic file (type png)
 <use chemEqParts.png>
Package pdftex.def Info: chemEqParts.png used on input line 755.
(pdftex.def)             Requested size: 222.74849pt x 83.15695pt.

Overfull \hbox (15.42514pt too wide) in paragraph at lines 771--772
\OT1/cmr/m/n/10 Numeric co-ef-fi-cient de-notes the num-ber of molecules/atoms
 []

[7 <./sampleDocument.png> <./DCE.png> <./directOCR.jpg> <./chemEqParts.png>]
Overfull \hbox (4.24208pt too wide) in paragraph at lines 780--784
\OT1/cmr/m/n/10 no match is found, the sub-string ex-tracted from S$[]$
 []

Package hyperref Info: bookmark level for unknown algorithm defaults to 0 on in
put line 787.
<stateCorrection.png, id=248, 768.62157pt x 488.57532pt>
File: stateCorrection.png Graphic file (type png)

<use stateCorrection.png>
Package pdftex.def Info: stateCorrection.png used on input line 820.
(pdftex.def)             Requested size: 222.74849pt x 141.58629pt.


LaTeX Warning: `h' float specifier changed to `ht'.

<radical.png, id=249, 233.87375pt x 70.2625pt>
File: radical.png Graphic file (type png)
 <use radical.png>
Package pdftex.def Info: radical.png used on input line 831.
(pdftex.def)             Requested size: 123.75pt x 37.1789pt.


LaTeX Warning: `h' float specifier changed to `ht'.

<autoCorrectionPictorial-a.png, id=250, 270.25969pt x 485.56406pt>
File: autoCorrectionPictorial-a.png Graphic file (type png)

<use autoCorrectionPictorial-a.png>
Package pdftex.def Info: autoCorrectionPictorial-a.png used on input line 844.
(pdftex.def)             Requested size: 98.99849pt x 177.86288pt.

<autoCorrectionPictorial-b.png, id=251, 132.495pt x 478.78876pt>
File: autoCorrectionPictorial-b.png Graphic file (type png)

<use autoCorrectionPictorial-b.png>
Package pdftex.def Info: autoCorrectionPictorial-b.png used on input line 845.
(pdftex.def)             Requested size: 98.99849pt x 357.74643pt.


LaTeX Warning: `h' float specifier changed to `ht'.


Underfull \hbox (badness 10000) in paragraph at lines 858--858
[][][][]$\OT1/cmtt/m/n/8.5 http : / / en . wikipedia . org / wiki / Dictionary 
_ of _$
 []

[8]
Overfull \hbox (19.94882pt too wide) in paragraph at lines 865--868
\OT1/cmr/m/n/10 Longest com-mon sub-string(s) (LCS) be-tween $\OML/cmm/m/it/10 
Combinations$
 []


Overfull \hbox (3.06065pt too wide) in paragraph at lines 865--868
\OT1/cmr/m/n/10 ered as the $\OML/cmm/m/it/10 Corrected$ \OT1/cmr/m/n/10 for-mu
la unit; else the $\OML/cmm/m/it/10 SubMatch$\OT1/cmr/m/n/10 es
 []


Overfull \hbox (1.20515pt too wide) in paragraph at lines 865--868
\OT1/cmr/m/n/10 as shown in Fig. []18[](b). Since the num-ber of $\OML/cmm/m/it
/10 SubMatch$\OT1/cmr/m/n/10 es
 []


Overfull \hbox (21.4376pt too wide) in paragraph at lines 865--868
$\OML/cmm/m/it/10 Combination$ \OT1/cmr/m/n/10 (i.e. 4) is con-sid-ered as $\OM
L/cmm/m/it/10 PossibleFormulaUnit$\OT1/cmr/m/n/10 .
 []

<nabr.png, id=279, 27.10126pt x 16.06pt>
File: nabr.png Graphic file (type png)
 <use nabr.png>
Package pdftex.def Info: nabr.png used on input line 873.
(pdftex.def)             Requested size: 49.50302pt x 29.33876pt.

<lcs.png, id=280, 818.0964pt x 529.0164pt>
File: lcs.png Graphic file (type png)
 <use lcs.png>
Package pdftex.def Info: lcs.png used on input line 874.
(pdftex.def)             Requested size: 197.99698pt x 128.03204pt.


LaTeX Warning: `h' float specifier changed to `ht'.


Overfull \hbox (19.35367pt too wide) in paragraph at lines 898--899
[] $\OML/cmm/m/it/8.5 SubMatch \OMS/cmsy/m/n/8.5   []\OT1/cmr/m/n/8.5 (\OML/cmm
/m/it/8.5 Combinations; ChemList\OT1/cmr/m/n/8.5 )$ 
 []


Underfull \vbox (badness 10000) has occurred while \output is active []

 [9 <./stateCorrection.png> <./radical.png> <./autoCorrectionPictorial-a.png> <
./autoCorrectionPictorial-b.png>]
<equationContext_1.png, id=301, 779.91376pt x 462.72874pt>
File: equationContext_1.png Graphic file (type png)

<use equationContext_1.png>
Package pdftex.def Info: equationContext_1.png used on input line 930.
(pdftex.def)             Requested size: 197.99698pt x 117.46825pt.


LaTeX Warning: `h' float specifier changed to `ht'.


Overfull \hbox (1.53113pt too wide) in paragraph at lines 938--943
$\OML/cmm/m/it/10 PossibleFormulaUnit$\OT1/cmr/m/n/10 s and re-turns the $\OML/
cmm/m/it/10 FinalEquation$
 []


Overfull \hbox (20.63356pt too wide) in paragraph at lines 938--943
$\OML/cmm/m/it/10 Products$\OT1/cmr/m/n/10 , $\OML/cmm/m/it/10 P[]$ \OT1/cmr/m/
n/10 are com-puted and stored in the $\OML/cmm/m/it/10 ContextTable$\OT1/cmr/m/
n/10 .
 []


Overfull \hbox (33.98634pt too wide) in paragraph at lines 944--945
\OT1/cmr/m/n/10 re-ac-tion, pre-recognised op-er-a-tors along with $\OML/cmm/m/
it/10 FinalCompound$\OT1/cmr/m/n/10 s
 []


Overfull \hbox (20.06847pt too wide) in paragraph at lines 951--952
[]\OT1/cmr/bx/n/8.5 pro-ce-dure \OT1/cmr/m/sc/8.5 Get-Fi-nalEqn\OT1/cmr/m/n/8.5
 ($\OML/cmm/m/it/8.5 PossibleFormulaUnit$\OT1/cmr/m/n/8.5 ,$\OML/cmm/m/it/8.5 C
orrected$\OT1/cmr/m/n/8.5 ) 
 []


Underfull \hbox (badness 10000) in paragraph at lines 987--987
[][][][]$\OT1/cmtt/m/n/8.5 ftp : / / www . ctan . org / tex-[]archive / macros 
/ latex /$
 []


Overfull \hbox (13.313pt too wide) in paragraph at lines 993--1001
\OT1/cmr/m/n/10 We have im-ple-mented our al-go-rithm in MAT-LAB 8.3.0.532
 []

[10 <./nabr.png> <./lcs.png> <./equationContext_1.png>]
Underfull \vbox (badness 1888) has occurred while \output is active []


Overfull \hbox (10.64734pt too wide) in paragraph at lines 1009--1010
[]\OT1/cmr/m/n/10 Some sam-ple ex-per-i-men-tal re-sults are shown in Fig. []23
[],
 []

<correctedFinalEq.jpg, id=329, 241.6227pt x 113.9457pt>
File: correctedFinalEq.jpg Graphic file (type jpg)

<use correctedFinalEq.jpg>
Package pdftex.def Info: correctedFinalEq.jpg used on input line 1015.
(pdftex.def)             Requested size: 222.74849pt x 105.05037pt.

Overfull \hbox (2.90263pt too wide) in paragraph at lines 1054--1055
[]\OT1/cmr/m/it/10 Case 1 \OT1/cmr/m/n/10 : Chem-i-cal equa-tions some-times co
n-tain some
 []


Overfull \hbox (9.44794pt too wide) in paragraph at lines 1056--1057
$\OML/cmm/m/it/10 Na[]SiO[]$ \OT1/cmr/m/n/10 is de-tected based on $\OML/cmm/m/
it/10 ChemList$ \OT1/cmr/m/n/10 and LCS match-
 []

[11 <./correctedFinalEq.jpg>]
Overfull \hbox (18.12488pt too wide) in paragraph at lines 1060--1061
[]\OT1/cmr/m/it/10 Case 4 \OT1/cmr/m/n/10 : Frac-tions in the nu-meric co-ef-fi
-cients (Fig. []21[](c))
 []

<n.jpg, id=349, 940.51375pt x 87.32625pt>
File: n.jpg Graphic file (type jpg)
 <use n.jpg>
Package pdftex.def Info: n.jpg used on input line 1066.
(pdftex.def)             Requested size: 222.74849pt x 20.68156pt.

<up.jpg, id=350, 1120.185pt x 121.45375pt>
File: up.jpg Graphic file (type jpg)
 <use up.jpg>
Package pdftex.def Info: up.jpg used on input line 1068.
(pdftex.def)             Requested size: 222.74849pt x 24.14946pt.

<fraction.jpg, id=351, 852.18375pt x 88.33pt>
File: fraction.jpg Graphic file (type jpg)
 <use fraction.jpg>
Package pdftex.def Info: fraction.jpg used on input line 1070.
(pdftex.def)             Requested size: 222.74849pt x 23.0879pt.

<error5.png, id=354, 812.03375pt x 349.305pt>
File: error5.png Graphic file (type png)
 <use error5.png>
Package pdftex.def Info: error5.png used on input line 1084.
(pdftex.def)             Requested size: 222.74849pt x 95.81665pt.

<5.jpg, id=355, 2098.84125pt x 2754.29pt>
File: 5.jpg Graphic file (type jpg)
 <use 5.jpg>
Package pdftex.def Info: 5.jpg used on input line 1096.
(pdftex.def)             Requested size: 247.5pt x 324.78487pt.

<5copy.png, id=356, 2078.76625pt x 2708.1175pt>
File: 5copy.png Graphic file (type png)
 <use 5copy.png>
Package pdftex.def Info: 5copy.png used on input line 1097.
(pdftex.def)             Requested size: 247.5pt x 322.39809pt.

<5directOCR.pdf, id=357, 614.295pt x 794.97pt>
File: 5directOCR.pdf Graphic file (type pdf)
 <use 5directOCR.pdf>
Package pdftex.def Info: 5directOCR.pdf used on input line 1100.
(pdftex.def)             Requested size: 247.5pt x 320.29924pt.

<finalResult_5.pdf, id=358, 614.295pt x 794.97pt>
File: finalResult_5.pdf Graphic file (type pdf)
 <use finalResult_5.pdf>
Package pdftex.def Info: finalResult_5.pdf used on input line 1101.
(pdftex.def)             Requested size: 247.5pt x 320.29924pt.

Overfull \hbox (25.19998pt too wide) in paragraph at lines 1093--1105
 [] 
 []


LaTeX Warning: Float too large for page by 27.48967pt on input line 1107.


LaTeX Warning: `h' float specifier changed to `ht'.

<6.jpg, id=359, 2081.7775pt x 2737.22626pt>
File: 6.jpg Graphic file (type jpg)
 <use 6.jpg>
Package pdftex.def Info: 6.jpg used on input line 1115.
(pdftex.def)             Requested size: 247.5pt x 325.404pt.

<6copy.png, id=360, 2066.72125pt x 2697.07625pt>
File: 6copy.png Graphic file (type png)
 <use 6copy.png>
Package pdftex.def Info: 6copy.png used on input line 1116.
(pdftex.def)             Requested size: 247.5pt x 322.97673pt.

<6directOCR.pdf, id=361, 614.295pt x 794.97pt>
File: 6directOCR.pdf Graphic file (type pdf)
 <use 6directOCR.pdf>
Package pdftex.def Info: 6directOCR.pdf used on input line 1119.
(pdftex.def)             Requested size: 247.5pt x 320.29924pt.

<finalResult_6.pdf, id=362, 614.295pt x 794.97pt>
File: finalResult_6.pdf Graphic file (type pdf)
 <use finalResult_6.pdf>
Package pdftex.def Info: finalResult_6.pdf used on input line 1120.
(pdftex.def)             Requested size: 247.5pt x 320.29924pt.

Overfull \hbox (25.19998pt too wide) in paragraph at lines 1112--1124
 [] 
 []


LaTeX Warning: Float too large for page by 28.10881pt on input line 1126.


LaTeX Warning: `h' float specifier changed to `ht'.

<11.jpg, id=363, 1908.12875pt x 2570.60374pt>
File: 11.jpg Graphic file (type jpg)
 <use 11.jpg>
Package pdftex.def Info: 11.jpg used on input line 1133.
(pdftex.def)             Requested size: 247.5pt x 333.40573pt.

<11copy.png, id=364, 1896.08376pt x 2522.42375pt>
File: 11copy.png Graphic file (type png)
 <use 11copy.png>
Package pdftex.def Info: 11copy.png used on input line 1134.
(pdftex.def)             Requested size: 247.5pt x 329.23523pt.

<11directOCR.pdf, id=365, 614.295pt x 794.97pt>
File: 11directOCR.pdf Graphic file (type pdf)
 <use 11directOCR.pdf>
Package pdftex.def Info: 11directOCR.pdf used on input line 1137.
(pdftex.def)             Requested size: 247.5pt x 320.29924pt.

<finalResult_11.pdf, id=366, 614.295pt x 794.97pt>
File: finalResult_11.pdf Graphic file (type pdf)
 <use finalResult_11.pdf>
Package pdftex.def Info: finalResult_11.pdf used on input line 1138.
(pdftex.def)             Requested size: 247.5pt x 320.29924pt.

Overfull \hbox (25.19998pt too wide) in paragraph at lines 1130--1142
 [] 
 []


LaTeX Warning: Float too large for page by 36.11053pt on input line 1144.


LaTeX Warning: `h' float specifier changed to `ht'.

<23.jpg, id=367, 2039.62pt x 2737.22626pt>
File: 23.jpg Graphic file (type jpg)
 <use 23.jpg>
Package pdftex.def Info: 23.jpg used on input line 1150.
(pdftex.def)             Requested size: 247.5pt x 332.12845pt.

<23copy.png, id=368, 2018.54124pt x 2682.02pt>
File: 23copy.png Graphic file (type png)
 <use 23copy.png>
Package pdftex.def Info: 23copy.png used on input line 1151.
(pdftex.def)             Requested size: 247.5pt x 328.82657pt.

<23directOCR.pdf, id=369, 614.295pt x 794.97pt>
File: 23directOCR.pdf Graphic file (type pdf)
 <use 23directOCR.pdf>
Package pdftex.def Info: 23directOCR.pdf used on input line 1154.
(pdftex.def)             Requested size: 247.5pt x 320.29924pt.

<23finalResult.pdf, id=370, 614.295pt x 794.97pt>
File: 23finalResult.pdf Graphic file (type pdf)
 <use 23finalResult.pdf>
Package pdftex.def Info: 23finalResult.pdf used on input line 1155.
(pdftex.def)             Requested size: 247.5pt x 320.29924pt.

Overfull \hbox (25.19998pt too wide) in paragraph at lines 1147--1159
 [] 
 []


LaTeX Warning: Float too large for page by 34.83325pt on input line 1161.


LaTeX Warning: `h' float specifier changed to `ht'.

Missing character: There is no â in font cmr8!
Missing character: There is no € in font cmr8!
Missing character: There is no “ in font cmr8!
Missing character: There is no â in font cmr8!
Missing character: There is no € in font cmr8!
Missing character: There is no “ in font cmr8!
[12 <./n.jpg> <./up.jpg> <./fraction.jpg> <./error5.png>]pdfTeX warning (ext4):
 destination with the same identifier (name{cite.blostein_97}) has been already
 used, duplicate ignored
<to be read again> 
                   \relax 
l.1265 \bibitem{blostein_97}
                             D.~Blostein and A.~Grabavec,
Missing character: There is no â in font cmr8!
Missing character: There is no € in font cmr8!
Missing character: There is no “ in font cmr8!
pdfTeX warning (ext4): destination with the same identifier (name{cite.Garain_0
7}) has been already used, duplicate ignored
<to be read again> 
                   \relax 
l.1274 \bibitem{Garain_07}
                           U.~Garain and B.~B.~Chaudhuri \emph{An OCR
Missing character: There is no â in font cmr8!
Missing character: There is no € in font cmr8!
Missing character: There is no “ in font cmr8!
Package atveryend Info: Empty hook `BeforeClearDocument' on input line 1305.
 [13

]
[14 <./5.jpg> <./5copy.png> <./5directOCR.pdf> <./finalResult_5.pdf>] [15 <./6.
jpg> <./6copy.png> <./6directOCR.pdf> <./finalResult_6.pdf>] [16 <./11.jpg> <./
11copy.png> <./11directOCR.pdf> <./finalResult_11.pdf>] [17 <./23.jpg> <./23cop
y.png> <./23directOCR.pdf> <./23finalResult.pdf>]
Package atveryend Info: Empty hook `AfterLastShipout' on input line 1305.
 (chemical-equ.aux)
Package atveryend Info: Executing hook `AtVeryEndDocument' on input line 1305.
Package atveryend Info: Executing hook `AtEndAfterFileList' on input line 1305.



Package rerunfilecheck Warning: File `chemical-equ.out' has changed.
(rerunfilecheck)                Rerun to get outlines right
(rerunfilecheck)                or use package `bookmark'.

Package rerunfilecheck Info: Checksums for `chemical-equ.out':
(rerunfilecheck)             Before: D786AE705C60AE61B789E0EE08462498;194
(rerunfilecheck)             After:  19D72D4C1D0455F931D80CA80531A045;198.

LaTeX Font Warning: Size substitutions with differences
(Font)              up to 0.5pt have occurred.


LaTeX Warning: There were multiply-defined labels.

Package atveryend Info: Empty hook `AtVeryVeryEnd' on input line 1305.
 ) 
Here is how much of TeX's memory you used:
 20263 strings out of 493634
 385946 string characters out of 3135647
 457185 words of memory out of 3000000
 23130 multiletter control sequences out of 15000+200000
 16272 words of font info for 58 fonts, out of 3000000 for 9000
 1025 hyphenation exceptions out of 8191
 55i,14n,56p,886b,483s stack positions out of 5000i,500n,10000p,200000b,50000s
<C:/Users/User/AppData/Local/Programs/MiKTeX 2.9/fonts/type1/public/amsfonts/
cm/cmbsy10.pfb><C:/Users/User/AppData/Local/Programs/MiKTeX 2.9/fonts/type1/pub
lic/amsfonts/cm/cmbx10.pfb><C:/Users/User/AppData/Local/Programs/MiKTeX 2.9/fon
ts/type1/public/amsfonts/cm/cmbx12.pfb><C:/Users/User/AppData/Local/Programs/Mi
KTeX 2.9/fonts/type1/public/amsfonts/cm/cmbx8.pfb><C:/Users/User/AppData/Local/
Programs/MiKTeX 2.9/fonts/type1/public/amsfonts/cm/cmcsc10.pfb><C:/Users/User/A
ppData/Local/Programs/MiKTeX 2.9/fonts/type1/public/amsfonts/cm/cmex10.pfb><C:/
Users/User/AppData/Local/Programs/MiKTeX 2.9/fonts/type1/public/amsfonts/cm/cmm
i10.pfb><C:/Users/User/AppData/Local/Programs/MiKTeX 2.9/fonts/type1/public/ams
fonts/cm/cmmi12.pfb><C:/Users/User/AppData/Local/Programs/MiKTeX 2.9/fonts/type
1/public/amsfonts/cm/cmmi5.pfb><C:/Users/User/AppData/Local/Programs/MiKTeX 2.9
/fonts/type1/public/amsfonts/cm/cmmi7.pfb><C:/Users/User/AppData/Local/Programs
/MiKTeX 2.9/fonts/type1/public/amsfonts/cm/cmmi8.pfb><C:/Users/User/AppData/Loc
al/Programs/MiKTeX 2.9/fonts/type1/public/amsfonts/cm/cmr10.pfb><C:/Users/User/
AppData/Local/Programs/MiKTeX 2.9/fonts/type1/public/amsfonts/cm/cmr12.pfb><C:/
Users/User/AppData/Local/Programs/MiKTeX 2.9/fonts/type1/public/amsfonts/cm/cmr
5.pfb><C:/Users/User/AppData/Local/Programs/MiKTeX 2.9/fonts/type1/public/amsfo
nts/cm/cmr7.pfb><C:/Users/User/AppData/Local/Programs/MiKTeX 2.9/fonts/type1/pu
blic/amsfonts/cm/cmr8.pfb><C:/Users/User/AppData/Local/Programs/MiKTeX 2.9/font
s/type1/public/amsfonts/cm/cmsy10.pfb><C:/Users/User/AppData/Local/Programs/MiK
TeX 2.9/fonts/type1/public/amsfonts/cm/cmsy7.pfb><C:/Users/User/AppData/Local/P
rograms/MiKTeX 2.9/fonts/type1/public/amsfonts/cm/cmsy8.pfb><C:/Users/User/AppD
ata/Local/Programs/MiKTeX 2.9/fonts/type1/public/amsfonts/cm/cmti10.pfb><C:/Use
rs/User/AppData/Local/Programs/MiKTeX 2.9/fonts/type1/public/amsfonts/cm/cmti8.
pfb><C:/Users/User/AppData/Local/Programs/MiKTeX 2.9/fonts/type1/public/amsfont
s/cm/cmtt10.pfb><C:/Users/User/AppData/Local/Programs/MiKTeX 2.9/fonts/type1/pu
blic/amsfonts/cm/cmtt8.pfb>
Output written on chemical-equ.pdf (17 pages, 6054672 bytes).
PDF statistics:
 597 PDF objects out of 1000 (max. 8388607)
 97 named destinations out of 1000 (max. 500000)
 340 words of extra memory for PDF output out of 10000 (max. 10000000)

