This is pdfTeX, Version 3.1415926-2.5-1.40.14 (MiKTeX 2.9 64-bit) (preloaded format=pdflatex 2014.10.30)  21 JUN 2015 21:22
entering extended mode
**C:/Users/Anubhab*Majumdar/Google*Drive/#FinalSemesterThesis/ProjectPaper/mach
ine_vision*1.0.tex

("C:/Users/Anubhab Majumdar/Google Drive/#FinalSemesterThesis/ProjectPaper/mach
ine_vision 1.0.tex"
LaTeX2e <2011/06/27>
Babel <v3.8m> and hyphenation patterns for english, afrikaans, ancientgreek, ar
abic, armenian, assamese, basque, bengali, bokmal, bulgarian, catalan, coptic, 
croatian, czech, danish, dutch, esperanto, estonian, farsi, finnish, french, ga
lician, german, german-x-2013-05-26, greek, gujarati, hindi, hungarian, iceland
ic, indonesian, interlingua, irish, italian, kannada, kurmanji, latin, latvian,
 lithuanian, malayalam, marathi, mongolian, mongolianlmc, monogreek, ngerman, n
german-x-2013-05-26, nynorsk, oriya, panjabi, pinyin, polish, portuguese, roman
ian, russian, sanskrit, serbian, slovak, slovenian, spanish, swedish, swissgerm
an, tamil, telugu, turkish, turkmen, ukenglish, ukrainian, uppersorbian, usengl
ishmax, welsh, loaded.
("C:\Program Files\MiKTeX 2.9\tex\latex\base\fix-cm.sty"
Package: fix-cm 2006/09/13 v1.1m fixes to LaTeX

("C:\Program Files\MiKTeX 2.9\tex\latex\base\ts1enc.def"
File: ts1enc.def 2001/06/05 v3.0e (jk/car/fm) Standard LaTeX file
))
("C:\Users\Anubhab Majumdar\Google Drive\#FinalSemesterThesis\ProjectPaper\svjo
ur3.cls"
Document Class: svjour3 2007/05/08 v3.2 
LaTeX document class for Springer journals
Class Springer-SVJour3 Info: extra/valid Springer sub-package (-> *.clo) 
(Springer-SVJour3)           not found in option list of \documentclass
(Springer-SVJour3)           - autoactivating "global" style.

("C:\Users\Anubhab Majumdar\Google Drive\#FinalSemesterThesis\ProjectPaper\svgl
ov3.clo"
File: svglov3.clo 2009/12/18 v3.2 style option for standardised journals

SVJour Class option: svglov3.clo for standardised journals
)
LaTeX Font Info:    Redeclaring math symbol \Gamma on input line 147.
LaTeX Font Info:    Redeclaring math symbol \Delta on input line 148.
LaTeX Font Info:    Redeclaring math symbol \Theta on input line 149.
LaTeX Font Info:    Redeclaring math symbol \Lambda on input line 150.
LaTeX Font Info:    Redeclaring math symbol \Xi on input line 151.
LaTeX Font Info:    Redeclaring math symbol \Pi on input line 152.
LaTeX Font Info:    Redeclaring math symbol \Sigma on input line 153.
LaTeX Font Info:    Redeclaring math symbol \Upsilon on input line 154.
LaTeX Font Info:    Redeclaring math symbol \Phi on input line 155.
LaTeX Font Info:    Redeclaring math symbol \Psi on input line 156.
LaTeX Font Info:    Redeclaring math symbol \Omega on input line 157.
\logodepth=\dimen102
\headerboxheight=\dimen103
\betweenumberspace=\dimen104
\aftertext=\dimen105
\headlineindent=\dimen106
\c@inst=\count79
\c@auth=\count80
\instindent=\dimen107
\authrun=\box26
\authorrunning=\toks14
\titrun=\box27
\titlerunning=\toks15
\combirun=\box28
\c@lastpage=\count81
\rubricwidth=\dimen108
\c@section=\count82
\c@subsection=\count83
\c@subsubsection=\count84
\c@paragraph=\count85
\c@subparagraph=\count86
\spthmsep=\dimen109
\c@theorem=\count87
\c@case=\count88
\c@conjecture=\count89
\c@corollary=\count90
\c@definition=\count91
\c@example=\count92
\c@exercise=\count93
\c@lemma=\count94
\c@note=\count95
\c@problem=\count96
\c@property=\count97
\c@proposition=\count98
\c@question=\count99
\c@solution=\count100
\c@remark=\count101
\c@figure=\count102
\c@table=\count103
\abovecaptionskip=\skip41
\belowcaptionskip=\skip42
\figcapgap=\dimen110
\tabcapgap=\dimen111
\figgap=\dimen112
\bibindent=\dimen113
\@tempcntc=\count104
) ("C:\Program Files\MiKTeX 2.9\tex\latex\graphics\graphicx.sty"
Package: graphicx 1999/02/16 v1.0f Enhanced LaTeX Graphics (DPC,SPQR)

("C:\Program Files\MiKTeX 2.9\tex\latex\graphics\keyval.sty"
Package: keyval 1999/03/16 v1.13 key=value parser (DPC)
\KV@toks@=\toks16
)
("C:\Program Files\MiKTeX 2.9\tex\latex\graphics\graphics.sty"
Package: graphics 2009/02/05 v1.0o Standard LaTeX Graphics (DPC,SPQR)

("C:\Program Files\MiKTeX 2.9\tex\latex\graphics\trig.sty"
Package: trig 1999/03/16 v1.09 sin cos tan (DPC)
)
("C:\Program Files\MiKTeX 2.9\tex\latex\00miktex\graphics.cfg"
File: graphics.cfg 2007/01/18 v1.5 graphics configuration of teTeX/TeXLive
)
Package graphics Info: Driver file: pdftex.def on input line 91.

("C:\Program Files\MiKTeX 2.9\tex\latex\pdftex-def\pdftex.def"
File: pdftex.def 2011/05/27 v0.06d Graphics/color for pdfTeX

("C:\Program Files\MiKTeX 2.9\tex\generic\oberdiek\infwarerr.sty"
Package: infwarerr 2010/04/08 v1.3 Providing info/warning/error messages (HO)
)
("C:\Program Files\MiKTeX 2.9\tex\generic\oberdiek\ltxcmds.sty"
Package: ltxcmds 2011/11/09 v1.22 LaTeX kernel commands for general use (HO)
)
\Gread@gobject=\count105
))
\Gin@req@height=\dimen114
\Gin@req@width=\dimen115
)
("C:\Program Files\MiKTeX 2.9\tex\latex\oberdiek\epstopdf.sty"
Package: epstopdf 2010/02/09 v2.5 Conversion with epstopdf on the fly (HO)

("C:\Program Files\MiKTeX 2.9\tex\latex\oberdiek\epstopdf-base.sty"
Package: epstopdf-base 2010/02/09 v2.5 Base part for package epstopdf

("C:\Program Files\MiKTeX 2.9\tex\latex\oberdiek\grfext.sty"
Package: grfext 2010/08/19 v1.1 Manage graphics extensions (HO)

("C:\Program Files\MiKTeX 2.9\tex\generic\oberdiek\kvdefinekeys.sty"
Package: kvdefinekeys 2011/04/07 v1.3 Define keys (HO)
))
("C:\Program Files\MiKTeX 2.9\tex\latex\oberdiek\kvoptions.sty"
Package: kvoptions 2011/06/30 v3.11 Key value format for package options (HO)

("C:\Program Files\MiKTeX 2.9\tex\generic\oberdiek\kvsetkeys.sty"
Package: kvsetkeys 2012/04/25 v1.16 Key value parser (HO)

("C:\Program Files\MiKTeX 2.9\tex\generic\oberdiek\etexcmds.sty"
Package: etexcmds 2011/02/16 v1.5 Avoid name clashes with e-TeX commands (HO)

("C:\Program Files\MiKTeX 2.9\tex\generic\oberdiek\ifluatex.sty"
Package: ifluatex 2010/03/01 v1.3 Provides the ifluatex switch (HO)
Package ifluatex Info: LuaTeX not detected.
)
Package etexcmds Info: Could not find \expanded.
(etexcmds)             That can mean that you are not using pdfTeX 1.50 or
(etexcmds)             that some package has redefined \expanded.
(etexcmds)             In the latter case, load this package earlier.
)))
("C:\Program Files\MiKTeX 2.9\tex\generic\oberdiek\pdftexcmds.sty"
Package: pdftexcmds 2011/11/29 v0.20 Utility functions of pdfTeX for LuaTeX (HO
)

("C:\Program Files\MiKTeX 2.9\tex\generic\oberdiek\ifpdf.sty"
Package: ifpdf 2011/01/30 v2.3 Provides the ifpdf switch (HO)
Package ifpdf Info: pdfTeX in PDF mode is detected.
)
Package pdftexcmds Info: LuaTeX not detected.
Package pdftexcmds Info: \pdf@primitive is available.
Package pdftexcmds Info: \pdf@ifprimitive is available.
Package pdftexcmds Info: \pdfdraftmode found.
)
Package grfext Info: Graphics extension search list:
(grfext)             [.png,.pdf,.jpg,.mps,.jpeg,.jbig2,.jb2,.PNG,.PDF,.JPG,.JPE
G,.JBIG2,.JB2,.eps]
(grfext)             \AppendGraphicsExtensions on input line 452.
))
("C:\Program Files\MiKTeX 2.9\tex\latex\amsmath\amsmath.sty"
Package: amsmath 2013/01/14 v2.14 AMS math features
\@mathmargin=\skip43

For additional information on amsmath, use the `?' option.
("C:\Program Files\MiKTeX 2.9\tex\latex\amsmath\amstext.sty"
Package: amstext 2000/06/29 v2.01

("C:\Program Files\MiKTeX 2.9\tex\latex\amsmath\amsgen.sty"
File: amsgen.sty 1999/11/30 v2.0
\@emptytoks=\toks17
\ex@=\dimen116
))
("C:\Program Files\MiKTeX 2.9\tex\latex\amsmath\amsbsy.sty"
Package: amsbsy 1999/11/29 v1.2d
\pmbraise@=\dimen117
)
("C:\Program Files\MiKTeX 2.9\tex\latex\amsmath\amsopn.sty"
Package: amsopn 1999/12/14 v2.01 operator names
)
\inf@bad=\count106
LaTeX Info: Redefining \frac on input line 210.
\uproot@=\count107
\leftroot@=\count108
LaTeX Info: Redefining \overline on input line 306.
\classnum@=\count109
\DOTSCASE@=\count110
LaTeX Info: Redefining \ldots on input line 378.
LaTeX Info: Redefining \dots on input line 381.
LaTeX Info: Redefining \cdots on input line 466.
\Mathstrutbox@=\box29
\strutbox@=\box30
\big@size=\dimen118
LaTeX Font Info:    Redeclaring font encoding OML on input line 566.
LaTeX Font Info:    Redeclaring font encoding OMS on input line 567.


Package amsmath Warning: Unable to redefine math accent \vec.

\macc@depth=\count111
\c@MaxMatrixCols=\count112
\dotsspace@=\muskip10
\c@parentequation=\count113
\dspbrk@lvl=\count114
\tag@help=\toks18
\row@=\count115
\column@=\count116
\maxfields@=\count117
\andhelp@=\toks19
\eqnshift@=\dimen119
\alignsep@=\dimen120
\tagshift@=\dimen121
\tagwidth@=\dimen122
\totwidth@=\dimen123
\lineht@=\dimen124
\@envbody=\toks20
\multlinegap=\skip44
\multlinetaggap=\skip45
\mathdisplay@stack=\toks21
LaTeX Info: Redefining \[ on input line 2665.
LaTeX Info: Redefining \] on input line 2666.
)
("C:\Users\Anubhab Majumdar\AppData\Roaming\MiKTeX\2.9\tex\latex\caption\captio
n.sty"
Package: caption 2013/05/02 v3.3-89 Customizing captions (AR)

("C:\Users\Anubhab Majumdar\AppData\Roaming\MiKTeX\2.9\tex\latex\caption\captio
n3.sty"
Package: caption3 2013/05/02 v1.6-88 caption3 kernel (AR)
Package caption3 Info: TeX engine: e-TeX on input line 57.
\captionmargin=\dimen125
\captionmargin@=\dimen126
\captionwidth=\dimen127
\caption@tempdima=\dimen128
\caption@indent=\dimen129
\caption@parindent=\dimen130
\caption@hangindent=\dimen131
Package caption Info: Unknown document class (or package),
(caption)             standard defaults will be used.
)

Package caption Warning: Unsupported document class (or package) detected,
(caption)                usage of the caption package is not recommended.
See the caption package documentation for explanation.

Package caption Info: \@makecaption = \long macro:#1#2->\captionstyle \ifx \@ca
ptype \fig@type \vskip \figcapgap \fi \setbox \@tempboxa \hbox {{\floatlegendst
yle #1\floatcounterend }\capstrut #2}\ifdim \wd \@tempboxa >\hsize {\floatlegen
dstyle #1\floatcounterend }\capstrut #2\par \else \hbox to\hsize {\leftlegendgl
ue \unhbox \@tempboxa \hfil }\fi \ifx \@captype \fig@type \else \vskip \tabcapg
ap \fi .
\c@ContinuedFloat=\count118
)
("C:\Users\Anubhab Majumdar\AppData\Roaming\MiKTeX\2.9\tex\latex\caption\subcap
tion.sty"
Package: subcaption 2013/02/03 v1.1-62 Sub-captions (AR)
\c@subfigure=\count119
\c@subtable=\count120
)
("C:\Users\Anubhab Majumdar\AppData\Roaming\MiKTeX\2.9\tex\latex\pgf\frontendla
yer\tikz.sty"
("C:\Users\Anubhab Majumdar\AppData\Roaming\MiKTeX\2.9\tex\latex\pgf\basiclayer
\pgf.sty"
("C:\Users\Anubhab Majumdar\AppData\Roaming\MiKTeX\2.9\tex\latex\pgf\utilities\
pgfrcs.sty"
("C:\Users\Anubhab Majumdar\AppData\Roaming\MiKTeX\2.9\tex\generic\pgf\utilitie
s\pgfutil-common.tex"
\pgfutil@everybye=\toks22
\pgfutil@tempdima=\dimen132
\pgfutil@tempdimb=\dimen133

("C:\Users\Anubhab Majumdar\AppData\Roaming\MiKTeX\2.9\tex\generic\pgf\utilitie
s\pgfutil-common-lists.tex"))
("C:\Users\Anubhab Majumdar\AppData\Roaming\MiKTeX\2.9\tex\generic\pgf\utilitie
s\pgfutil-latex.def"
\pgfutil@abb=\box31

("C:\Users\Anubhab Majumdar\AppData\Roaming\MiKTeX\2.9\tex\latex\ms\everyshi.st
y"
Package: everyshi 2001/05/15 v3.00 EveryShipout Package (MS)
))
("C:\Users\Anubhab Majumdar\AppData\Roaming\MiKTeX\2.9\tex\generic\pgf\utilitie
s\pgfrcs.code.tex"
Package: pgfrcs 2013/12/20 v3.0.0 (rcs-revision 1.28)
))
Package: pgf 2013/12/18 v3.0.0 (rcs-revision 1.14)

("C:\Users\Anubhab Majumdar\AppData\Roaming\MiKTeX\2.9\tex\latex\pgf\basiclayer
\pgfcore.sty"
("C:\Users\Anubhab Majumdar\AppData\Roaming\MiKTeX\2.9\tex\latex\pgf\systemlaye
r\pgfsys.sty"
("C:\Users\Anubhab Majumdar\AppData\Roaming\MiKTeX\2.9\tex\generic\pgf\systemla
yer\pgfsys.code.tex"
Package: pgfsys 2013/11/30 v3.0.0 (rcs-revision 1.47)

("C:\Users\Anubhab Majumdar\AppData\Roaming\MiKTeX\2.9\tex\generic\pgf\utilitie
s\pgfkeys.code.tex"
\pgfkeys@pathtoks=\toks23
\pgfkeys@temptoks=\toks24

("C:\Users\Anubhab Majumdar\AppData\Roaming\MiKTeX\2.9\tex\generic\pgf\utilitie
s\pgfkeysfiltered.code.tex"
\pgfkeys@tmptoks=\toks25
))
\pgf@x=\dimen134
\pgf@y=\dimen135
\pgf@xa=\dimen136
\pgf@ya=\dimen137
\pgf@xb=\dimen138
\pgf@yb=\dimen139
\pgf@xc=\dimen140
\pgf@yc=\dimen141
\w@pgf@writea=\write3
\r@pgf@reada=\read1
\c@pgf@counta=\count121
\c@pgf@countb=\count122
\c@pgf@countc=\count123
\c@pgf@countd=\count124
\t@pgf@toka=\toks26
\t@pgf@tokb=\toks27
\t@pgf@tokc=\toks28

("C:\Users\Anubhab Majumdar\AppData\Roaming\MiKTeX\2.9\tex\generic\pgf\systemla
yer\pgf.cfg"
File: pgf.cfg 2008/05/14  (rcs-revision 1.7)
)
Driver file for pgf: pgfsys-pdftex.def

("C:\Users\Anubhab Majumdar\AppData\Roaming\MiKTeX\2.9\tex\generic\pgf\systemla
yer\pgfsys-pdftex.def"
File: pgfsys-pdftex.def 2013/07/18  (rcs-revision 1.33)

("C:\Users\Anubhab Majumdar\AppData\Roaming\MiKTeX\2.9\tex\generic\pgf\systemla
yer\pgfsys-common-pdf.def"
File: pgfsys-common-pdf.def 2013/10/10  (rcs-revision 1.13)
)))
("C:\Users\Anubhab Majumdar\AppData\Roaming\MiKTeX\2.9\tex\generic\pgf\systemla
yer\pgfsyssoftpath.code.tex"
File: pgfsyssoftpath.code.tex 2013/09/09  (rcs-revision 1.9)
\pgfsyssoftpath@smallbuffer@items=\count125
\pgfsyssoftpath@bigbuffer@items=\count126
)
("C:\Users\Anubhab Majumdar\AppData\Roaming\MiKTeX\2.9\tex\generic\pgf\systemla
yer\pgfsysprotocol.code.tex"
File: pgfsysprotocol.code.tex 2006/10/16  (rcs-revision 1.4)
))
("C:\Users\Anubhab Majumdar\AppData\Roaming\MiKTeX\2.9\tex\latex\xcolor\xcolor.
sty"
Package: xcolor 2007/01/21 v2.11 LaTeX color extensions (UK)
 ("C:\Program Files\MiKTeX 2.9\tex\latex\00miktex\color.cfg"
File: color.cfg 2007/01/18 v1.5 color configuration of teTeX/TeXLive
)
Package xcolor Info: Driver file: pdftex.def on input line 225.
Package xcolor Info: Model `cmy' substituted by `cmy0' on input line 1337.
Package xcolor Info: Model `hsb' substituted by `rgb' on input line 1341.
Package xcolor Info: Model `RGB' extended on input line 1353.
Package xcolor Info: Model `HTML' substituted by `rgb' on input line 1355.
Package xcolor Info: Model `Hsb' substituted by `hsb' on input line 1356.
Package xcolor Info: Model `tHsb' substituted by `hsb' on input line 1357.
Package xcolor Info: Model `HSB' substituted by `hsb' on input line 1358.
Package xcolor Info: Model `Gray' substituted by `gray' on input line 1359.
Package xcolor Info: Model `wave' substituted by `hsb' on input line 1360.
)
("C:\Users\Anubhab Majumdar\AppData\Roaming\MiKTeX\2.9\tex\generic\pgf\basiclay
er\pgfcore.code.tex"
Package: pgfcore 2010/04/11 v3.0.0 (rcs-revision 1.7)

("C:\Users\Anubhab Majumdar\AppData\Roaming\MiKTeX\2.9\tex\generic\pgf\math\pgf
math.code.tex"
("C:\Users\Anubhab Majumdar\AppData\Roaming\MiKTeX\2.9\tex\generic\pgf\math\pgf
mathcalc.code.tex"
("C:\Users\Anubhab Majumdar\AppData\Roaming\MiKTeX\2.9\tex\generic\pgf\math\pgf
mathutil.code.tex")
("C:\Users\Anubhab Majumdar\AppData\Roaming\MiKTeX\2.9\tex\generic\pgf\math\pgf
mathparser.code.tex"
\pgfmath@dimen=\dimen142
\pgfmath@count=\count127
\pgfmath@box=\box32
\pgfmath@toks=\toks29
\pgfmath@stack@operand=\toks30
\pgfmath@stack@operation=\toks31
)
("C:\Users\Anubhab Majumdar\AppData\Roaming\MiKTeX\2.9\tex\generic\pgf\math\pgf
mathfunctions.code.tex"
("C:\Users\Anubhab Majumdar\AppData\Roaming\MiKTeX\2.9\tex\generic\pgf\math\pgf
mathfunctions.basic.code.tex")
("C:\Users\Anubhab Majumdar\AppData\Roaming\MiKTeX\2.9\tex\generic\pgf\math\pgf
mathfunctions.trigonometric.code.tex")
("C:\Users\Anubhab Majumdar\AppData\Roaming\MiKTeX\2.9\tex\generic\pgf\math\pgf
mathfunctions.random.code.tex")
("C:\Users\Anubhab Majumdar\AppData\Roaming\MiKTeX\2.9\tex\generic\pgf\math\pgf
mathfunctions.comparison.code.tex")
("C:\Users\Anubhab Majumdar\AppData\Roaming\MiKTeX\2.9\tex\generic\pgf\math\pgf
mathfunctions.base.code.tex")
("C:\Users\Anubhab Majumdar\AppData\Roaming\MiKTeX\2.9\tex\generic\pgf\math\pgf
mathfunctions.round.code.tex")
("C:\Users\Anubhab Majumdar\AppData\Roaming\MiKTeX\2.9\tex\generic\pgf\math\pgf
mathfunctions.misc.code.tex")
("C:\Users\Anubhab Majumdar\AppData\Roaming\MiKTeX\2.9\tex\generic\pgf\math\pgf
mathfunctions.integerarithmetics.code.tex")))
("C:\Users\Anubhab Majumdar\AppData\Roaming\MiKTeX\2.9\tex\generic\pgf\math\pgf
mathfloat.code.tex"
\c@pgfmathroundto@lastzeros=\count128
))
("C:\Users\Anubhab Majumdar\AppData\Roaming\MiKTeX\2.9\tex\generic\pgf\basiclay
er\pgfcorepoints.code.tex"
File: pgfcorepoints.code.tex 2013/10/07  (rcs-revision 1.27)
\pgf@picminx=\dimen143
\pgf@picmaxx=\dimen144
\pgf@picminy=\dimen145
\pgf@picmaxy=\dimen146
\pgf@pathminx=\dimen147
\pgf@pathmaxx=\dimen148
\pgf@pathminy=\dimen149
\pgf@pathmaxy=\dimen150
\pgf@xx=\dimen151
\pgf@xy=\dimen152
\pgf@yx=\dimen153
\pgf@yy=\dimen154
\pgf@zx=\dimen155
\pgf@zy=\dimen156
)
("C:\Users\Anubhab Majumdar\AppData\Roaming\MiKTeX\2.9\tex\generic\pgf\basiclay
er\pgfcorepathconstruct.code.tex"
File: pgfcorepathconstruct.code.tex 2013/10/07  (rcs-revision 1.29)
\pgf@path@lastx=\dimen157
\pgf@path@lasty=\dimen158
)
("C:\Users\Anubhab Majumdar\AppData\Roaming\MiKTeX\2.9\tex\generic\pgf\basiclay
er\pgfcorepathusage.code.tex"
File: pgfcorepathusage.code.tex 2013/12/13  (rcs-revision 1.23)
\pgf@shorten@end@additional=\dimen159
\pgf@shorten@start@additional=\dimen160
)
("C:\Users\Anubhab Majumdar\AppData\Roaming\MiKTeX\2.9\tex\generic\pgf\basiclay
er\pgfcorescopes.code.tex"
File: pgfcorescopes.code.tex 2013/10/09  (rcs-revision 1.44)
\pgfpic=\box33
\pgf@hbox=\box34
\pgf@layerbox@main=\box35
\pgf@picture@serial@count=\count129
)
("C:\Users\Anubhab Majumdar\AppData\Roaming\MiKTeX\2.9\tex\generic\pgf\basiclay
er\pgfcoregraphicstate.code.tex"
File: pgfcoregraphicstate.code.tex 2013/09/19  (rcs-revision 1.11)
\pgflinewidth=\dimen161
)
("C:\Users\Anubhab Majumdar\AppData\Roaming\MiKTeX\2.9\tex\generic\pgf\basiclay
er\pgfcoretransformations.code.tex"
File: pgfcoretransformations.code.tex 2013/10/10  (rcs-revision 1.17)
\pgf@pt@x=\dimen162
\pgf@pt@y=\dimen163
\pgf@pt@temp=\dimen164
)
("C:\Users\Anubhab Majumdar\AppData\Roaming\MiKTeX\2.9\tex\generic\pgf\basiclay
er\pgfcorequick.code.tex"
File: pgfcorequick.code.tex 2008/10/09  (rcs-revision 1.3)
)
("C:\Users\Anubhab Majumdar\AppData\Roaming\MiKTeX\2.9\tex\generic\pgf\basiclay
er\pgfcoreobjects.code.tex"
File: pgfcoreobjects.code.tex 2006/10/11  (rcs-revision 1.2)
)
("C:\Users\Anubhab Majumdar\AppData\Roaming\MiKTeX\2.9\tex\generic\pgf\basiclay
er\pgfcorepathprocessing.code.tex"
File: pgfcorepathprocessing.code.tex 2013/09/09  (rcs-revision 1.9)
)
("C:\Users\Anubhab Majumdar\AppData\Roaming\MiKTeX\2.9\tex\generic\pgf\basiclay
er\pgfcorearrows.code.tex"
File: pgfcorearrows.code.tex 2013/11/07  (rcs-revision 1.40)
\pgfarrowsep=\dimen165
)
("C:\Users\Anubhab Majumdar\AppData\Roaming\MiKTeX\2.9\tex\generic\pgf\basiclay
er\pgfcoreshade.code.tex"
File: pgfcoreshade.code.tex 2013/07/15  (rcs-revision 1.15)
\pgf@max=\dimen166
\pgf@sys@shading@range@num=\count130
)
("C:\Users\Anubhab Majumdar\AppData\Roaming\MiKTeX\2.9\tex\generic\pgf\basiclay
er\pgfcoreimage.code.tex"
File: pgfcoreimage.code.tex 2013/07/15  (rcs-revision 1.18)

("C:\Users\Anubhab Majumdar\AppData\Roaming\MiKTeX\2.9\tex\generic\pgf\basiclay
er\pgfcoreexternal.code.tex"
File: pgfcoreexternal.code.tex 2013/07/15  (rcs-revision 1.20)
\pgfexternal@startupbox=\box36
))
("C:\Users\Anubhab Majumdar\AppData\Roaming\MiKTeX\2.9\tex\generic\pgf\basiclay
er\pgfcorelayers.code.tex"
File: pgfcorelayers.code.tex 2013/07/18  (rcs-revision 1.7)
)
("C:\Users\Anubhab Majumdar\AppData\Roaming\MiKTeX\2.9\tex\generic\pgf\basiclay
er\pgfcoretransparency.code.tex"
File: pgfcoretransparency.code.tex 2013/09/30  (rcs-revision 1.5)
)
("C:\Users\Anubhab Majumdar\AppData\Roaming\MiKTeX\2.9\tex\generic\pgf\basiclay
er\pgfcorepatterns.code.tex"
File: pgfcorepatterns.code.tex 2013/11/07  (rcs-revision 1.5)
)))
("C:\Users\Anubhab Majumdar\AppData\Roaming\MiKTeX\2.9\tex\generic\pgf\modules\
pgfmoduleshapes.code.tex"
File: pgfmoduleshapes.code.tex 2013/10/31  (rcs-revision 1.34)
\pgfnodeparttextbox=\box37
)
("C:\Users\Anubhab Majumdar\AppData\Roaming\MiKTeX\2.9\tex\generic\pgf\modules\
pgfmoduleplot.code.tex"
File: pgfmoduleplot.code.tex 2013/07/31  (rcs-revision 1.12)
)
("C:\Users\Anubhab Majumdar\AppData\Roaming\MiKTeX\2.9\tex\latex\pgf\compatibil
ity\pgfcomp-version-0-65.sty"
Package: pgfcomp-version-0-65 2007/07/03 v3.0.0 (rcs-revision 1.7)
\pgf@nodesepstart=\dimen167
\pgf@nodesepend=\dimen168
)
("C:\Users\Anubhab Majumdar\AppData\Roaming\MiKTeX\2.9\tex\latex\pgf\compatibil
ity\pgfcomp-version-1-18.sty"
Package: pgfcomp-version-1-18 2007/07/23 v3.0.0 (rcs-revision 1.1)
))
("C:\Users\Anubhab Majumdar\AppData\Roaming\MiKTeX\2.9\tex\latex\pgf\utilities\
pgffor.sty"
("C:\Users\Anubhab Majumdar\AppData\Roaming\MiKTeX\2.9\tex\latex\pgf\utilities\
pgfkeys.sty"
("C:\Users\Anubhab Majumdar\AppData\Roaming\MiKTeX\2.9\tex\generic\pgf\utilitie
s\pgfkeys.code.tex"))
("C:\Users\Anubhab Majumdar\AppData\Roaming\MiKTeX\2.9\tex\latex\pgf\math\pgfma
th.sty"
("C:\Users\Anubhab Majumdar\AppData\Roaming\MiKTeX\2.9\tex\generic\pgf\math\pgf
math.code.tex"))
("C:\Users\Anubhab Majumdar\AppData\Roaming\MiKTeX\2.9\tex\generic\pgf\utilitie
s\pgffor.code.tex"
Package: pgffor 2013/12/13 v3.0.0 (rcs-revision 1.25)

("C:\Users\Anubhab Majumdar\AppData\Roaming\MiKTeX\2.9\tex\generic\pgf\math\pgf
math.code.tex")
\pgffor@iter=\dimen169
\pgffor@skip=\dimen170
\pgffor@stack=\toks32
\pgffor@toks=\toks33
))
("C:\Users\Anubhab Majumdar\AppData\Roaming\MiKTeX\2.9\tex\generic\pgf\frontend
layer\tikz\tikz.code.tex"
Package: tikz 2013/12/13 v3.0.0 (rcs-revision 1.142)

("C:\Users\Anubhab Majumdar\AppData\Roaming\MiKTeX\2.9\tex\generic\pgf\librarie
s\pgflibraryplothandlers.code.tex"
File: pgflibraryplothandlers.code.tex 2013/08/31 v3.0.0 (rcs-revision 1.20)
\pgf@plot@mark@count=\count131
\pgfplotmarksize=\dimen171
)
\tikz@lastx=\dimen172
\tikz@lasty=\dimen173
\tikz@lastxsaved=\dimen174
\tikz@lastysaved=\dimen175
\tikzleveldistance=\dimen176
\tikzsiblingdistance=\dimen177
\tikz@figbox=\box38
\tikz@figbox@bg=\box39
\tikz@tempbox=\box40
\tikz@tempbox@bg=\box41
\tikztreelevel=\count132
\tikznumberofchildren=\count133
\tikznumberofcurrentchild=\count134
\tikz@fig@count=\count135

("C:\Users\Anubhab Majumdar\AppData\Roaming\MiKTeX\2.9\tex\generic\pgf\modules\
pgfmodulematrix.code.tex"
File: pgfmodulematrix.code.tex 2013/09/17  (rcs-revision 1.8)
\pgfmatrixcurrentrow=\count136
\pgfmatrixcurrentcolumn=\count137
\pgf@matrix@numberofcolumns=\count138
)
\tikz@expandcount=\count139

("C:\Users\Anubhab Majumdar\AppData\Roaming\MiKTeX\2.9\tex\generic\pgf\frontend
layer\tikz\libraries\tikzlibrarytopaths.code.tex"
File: tikzlibrarytopaths.code.tex 2008/06/17 v3.0.0 (rcs-revision 1.2)
)))
("C:\Users\Anubhab Majumdar\AppData\Roaming\MiKTeX\2.9\tex\latex\algorithms\alg
orithm.sty"
Package: algorithm 2009/08/24 v0.1 Document Style `algorithm' - floating enviro
nment
 ("C:\Program Files\MiKTeX 2.9\tex\latex\float\float.sty"
Package: float 2001/11/08 v1.3d Float enhancements (AL)
\c@float@type=\count140
\float@exts=\toks34
\float@box=\box42
\@float@everytoks=\toks35
\@floatcapt=\box43
)
("C:\Program Files\MiKTeX 2.9\tex\latex\base\ifthen.sty"
Package: ifthen 2001/05/26 v1.1c Standard LaTeX ifthen package (DPC)
)
\@float@every@algorithm=\toks36
\c@algorithm=\count141
)
("C:\Users\Anubhab Majumdar\AppData\Roaming\MiKTeX\2.9\tex\latex\algorithmicx\a
lgpseudocode.sty"
Package: algpseudocode 

("C:\Users\Anubhab Majumdar\AppData\Roaming\MiKTeX\2.9\tex\latex\algorithmicx\a
lgorithmicx.sty"
Package: algorithmicx 2005/04/27 v1.2 Algorithmicx

Document Style algorithmicx 1.2 - a greatly improved `algorithmic' style
\c@ALG@line=\count142
\c@ALG@rem=\count143
\c@ALG@nested=\count144
\ALG@tlm=\skip46
\ALG@thistlm=\skip47
\c@ALG@Lnr=\count145
\c@ALG@blocknr=\count146
\c@ALG@storecount=\count147
\c@ALG@tmpcounter=\count148
\ALG@tmplength=\skip48
)
Document Style - pseudocode environments for use with the `algorithmicx' style
)
("C:\Users\Anubhab Majumdar\AppData\Roaming\MiKTeX\2.9\tex\latex\pdfpages\pdfpa
ges.sty"
Package: pdfpages 2015/04/15 v0.4w Insert pages of external PDF documents (AM)
 ("C:\Program Files\MiKTeX 2.9\tex\latex\tools\calc.sty"
Package: calc 2007/08/22 v4.3 Infix arithmetic (KKT,FJ)
\calc@Acount=\count149
\calc@Bcount=\count150
\calc@Adimen=\dimen178
\calc@Bdimen=\dimen179
\calc@Askip=\skip49
\calc@Bskip=\skip50
LaTeX Info: Redefining \setlength on input line 76.
LaTeX Info: Redefining \addtolength on input line 77.
\calc@Ccount=\count151
\calc@Cskip=\skip51
)
("C:\Users\Anubhab Majumdar\AppData\Roaming\MiKTeX\2.9\tex\latex\eso-pic\eso-pi
c.sty"
Package: eso-pic 2013/10/06 v2.0d eso-pic (RN)
 ("C:\Program Files\MiKTeX 2.9\tex\generic\oberdiek\atbegshi.sty"
Package: atbegshi 2011/10/05 v1.16 At begin shipout hook (HO)
))
("C:\Users\Anubhab Majumdar\AppData\Roaming\MiKTeX\2.9\tex\latex\pdfpages\pppdf
tex.def"
File: pppdftex.def 2015/04/15 v0.4w Pdfpages driver for pdfTeX (AM)
)
\AM@pagebox=\box44
\AM@toc@title=\toks37
\c@AM@survey=\count152
\AM@templatesizebox=\box45
) ("C:\Program Files\MiKTeX 2.9\tex\latex\multirow\multirow.sty"
\bigstrutjot=\dimen180
)
("C:\Program Files\MiKTeX 2.9\tex\latex\hyperref\hyperref.sty"
Package: hyperref 2012/11/06 v6.83m Hypertext links for LaTeX

("C:\Program Files\MiKTeX 2.9\tex\generic\oberdiek\hobsub-hyperref.sty"
Package: hobsub-hyperref 2012/04/25 v1.12 Bundle oberdiek, subset hyperref (HO)


("C:\Program Files\MiKTeX 2.9\tex\generic\oberdiek\hobsub-generic.sty"
Package: hobsub-generic 2012/04/25 v1.12 Bundle oberdiek, subset generic (HO)
Package: hobsub 2012/04/25 v1.12 Construct package bundles (HO)
Package hobsub Info: Skipping package `infwarerr' (already loaded).
Package hobsub Info: Skipping package `ltxcmds' (already loaded).
Package hobsub Info: Skipping package `ifluatex' (already loaded).
Package: ifvtex 2010/03/01 v1.5 Detect VTeX and its facilities (HO)
Package ifvtex Info: VTeX not detected.
Package: intcalc 2007/09/27 v1.1 Expandable calculations with integers (HO)
Package hobsub Info: Skipping package `ifpdf' (already loaded).
Package hobsub Info: Skipping package `etexcmds' (already loaded).
Package hobsub Info: Skipping package `kvsetkeys' (already loaded).
Package hobsub Info: Skipping package `kvdefinekeys' (already loaded).
Package hobsub Info: Skipping package `pdftexcmds' (already loaded).
Package: pdfescape 2011/11/25 v1.13 Implements pdfTeX's escape features (HO)
Package: bigintcalc 2012/04/08 v1.3 Expandable calculations on big integers (HO
)
Package: bitset 2011/01/30 v1.1 Handle bit-vector datatype (HO)
Package: uniquecounter 2011/01/30 v1.2 Provide unlimited unique counter (HO)
)
Package hobsub Info: Skipping package `hobsub' (already loaded).
Package: letltxmacro 2010/09/02 v1.4 Let assignment for LaTeX macros (HO)
Package: hopatch 2011/06/24 v1.1 Wrapper for package hooks (HO)
Package: xcolor-patch 2011/01/30 xcolor patch
Package: atveryend 2011/06/30 v1.8 Hooks at the very end of document (HO)
Package atveryend Info: \enddocument detected (standard20110627).
Package hobsub Info: Skipping package `atbegshi' (already loaded).
Package: refcount 2011/10/16 v3.4 Data extraction from label references (HO)
Package: hycolor 2011/01/30 v1.7 Color options for hyperref/bookmark (HO)
)
("C:\Program Files\MiKTeX 2.9\tex\generic\ifxetex\ifxetex.sty"
Package: ifxetex 2010/09/12 v0.6 Provides ifxetex conditional
)
("C:\Program Files\MiKTeX 2.9\tex\latex\oberdiek\auxhook.sty"
Package: auxhook 2011/03/04 v1.3 Hooks for auxiliary files (HO)
)
\@linkdim=\dimen181
\Hy@linkcounter=\count153
\Hy@pagecounter=\count154

("C:\Program Files\MiKTeX 2.9\tex\latex\hyperref\pd1enc.def"
File: pd1enc.def 2012/11/06 v6.83m Hyperref: PDFDocEncoding definition (HO)
)
\Hy@SavedSpaceFactor=\count155

("C:\Program Files\MiKTeX 2.9\tex\latex\00miktex\hyperref.cfg"
File: hyperref.cfg 2002/06/06 v1.2 hyperref configuration of TeXLive
)
Package hyperref Info: Hyper figures OFF on input line 4443.
Package hyperref Info: Link nesting OFF on input line 4448.
Package hyperref Info: Hyper index ON on input line 4451.
Package hyperref Info: Plain pages OFF on input line 4458.
Package hyperref Info: Backreferencing OFF on input line 4463.
Package hyperref Info: Implicit mode ON; LaTeX internals redefined.
Package hyperref Info: Bookmarks ON on input line 4688.
\c@Hy@tempcnt=\count156

("C:\Users\Anubhab Majumdar\AppData\Roaming\MiKTeX\2.9\tex\latex\url\url.sty"
\Urlmuskip=\muskip11
Package: url 2013/09/16  ver 3.4  Verb mode for urls, etc.
)
LaTeX Info: Redefining \url on input line 5041.
\XeTeXLinkMargin=\dimen182
\Fld@menulength=\count157
\Field@Width=\dimen183
\Fld@charsize=\dimen184
Package hyperref Info: Hyper figures OFF on input line 6295.
Package hyperref Info: Link nesting OFF on input line 6300.
Package hyperref Info: Hyper index ON on input line 6303.
Package hyperref Info: backreferencing OFF on input line 6310.
Package hyperref Info: Link coloring OFF on input line 6315.
Package hyperref Info: Link coloring with OCG OFF on input line 6320.
Package hyperref Info: PDF/A mode OFF on input line 6325.
LaTeX Info: Redefining \ref on input line 6365.
LaTeX Info: Redefining \pageref on input line 6369.
\Hy@abspage=\count158
\c@Item=\count159
\c@Hfootnote=\count160
)

Package hyperref Message: Driver (autodetected): hpdftex.

("C:\Program Files\MiKTeX 2.9\tex\latex\hyperref\hpdftex.def"
File: hpdftex.def 2012/11/06 v6.83m Hyperref driver for pdfTeX
\Fld@listcount=\count161
\c@bookmark@seq@number=\count162

("C:\Program Files\MiKTeX 2.9\tex\latex\oberdiek\rerunfilecheck.sty"
Package: rerunfilecheck 2011/04/15 v1.7 Rerun checks for auxiliary files (HO)
Package uniquecounter Info: New unique counter `rerunfilecheck' on input line 2
82.
)
\Hy@SectionHShift=\skip52
)
("C:\Users\Anubhab Majumdar\AppData\Roaming\MiKTeX\2.9\tex\generic\pgf\frontend
layer\tikz\libraries\tikzlibraryshapes.geometric.code.tex"
File: tikzlibraryshapes.geometric.code.tex 2008/01/09 v3.0.0 (rcs-revision 1.1)


("C:\Users\Anubhab Majumdar\AppData\Roaming\MiKTeX\2.9\tex\generic\pgf\librarie
s\shapes\pgflibraryshapes.geometric.code.tex"
File: pgflibraryshapes.geometric.code.tex 2008/06/26 v3.0.0 (rcs-revision 1.1)
))
("C:\Users\Anubhab Majumdar\AppData\Roaming\MiKTeX\2.9\tex\generic\pgf\frontend
layer\tikz\libraries\tikzlibraryarrows.code.tex"
File: tikzlibraryarrows.code.tex 2008/01/09 v3.0.0 (rcs-revision 1.1)

("C:\Users\Anubhab Majumdar\AppData\Roaming\MiKTeX\2.9\tex\generic\pgf\librarie
s\pgflibraryarrows.code.tex"
File: pgflibraryarrows.code.tex 2013/09/23 v3.0.0 (rcs-revision 1.16)
\arrowsize=\dimen185
))
("C:\Users\Anubhab Majumdar\Google Drive\#FinalSemesterThesis\ProjectPaper\mach
ine_vision 1.0.aux")
LaTeX Font Info:    Checking defaults for OML/cmm/m/it on input line 95.
LaTeX Font Info:    ... okay on input line 95.
LaTeX Font Info:    Checking defaults for T1/cmr/m/n on input line 95.
LaTeX Font Info:    ... okay on input line 95.
LaTeX Font Info:    Checking defaults for OT1/cmr/m/n on input line 95.
LaTeX Font Info:    ... okay on input line 95.
LaTeX Font Info:    Checking defaults for OMS/cmsy/m/n on input line 95.
LaTeX Font Info:    ... okay on input line 95.
LaTeX Font Info:    Checking defaults for OMX/cmex/m/n on input line 95.
LaTeX Font Info:    ... okay on input line 95.
LaTeX Font Info:    Checking defaults for U/cmr/m/n on input line 95.
LaTeX Font Info:    ... okay on input line 95.
LaTeX Font Info:    Checking defaults for TS1/cmr/m/n on input line 95.
LaTeX Font Info:    ... okay on input line 95.
LaTeX Font Info:    Checking defaults for PD1/pdf/m/n on input line 95.
LaTeX Font Info:    ... okay on input line 95.

Unknown journal: specify \journalname{<name of your journal>} in preambel


("C:\Users\Anubhab Majumdar\AppData\Roaming\MiKTeX\2.9\tex\context\base\supp-pd
f.mkii"
[Loading MPS to PDF converter (version 2006.09.02).]
\scratchcounter=\count163
\scratchdimen=\dimen186
\scratchbox=\box46
\nofMPsegments=\count164
\nofMParguments=\count165
\everyMPshowfont=\toks38
\MPscratchCnt=\count166
\MPscratchDim=\dimen187
\MPnumerator=\count167
\makeMPintoPDFobject=\count168
\everyMPtoPDFconversion=\toks39
)
Package caption Info: Begin \AtBeginDocument code.
Package caption Info: float package is loaded.
Package caption Info: hyperref package is loaded.
Package caption Info: End \AtBeginDocument code.
 ABD: EveryShipout initializing macros
\AtBeginShipoutBox=\box47
Package hyperref Info: Link coloring OFF on input line 95.

("C:\Program Files\MiKTeX 2.9\tex\latex\hyperref\nameref.sty"
Package: nameref 2012/10/27 v2.43 Cross-referencing by name of section

("C:\Program Files\MiKTeX 2.9\tex\generic\oberdiek\gettitlestring.sty"
Package: gettitlestring 2010/12/03 v1.4 Cleanup title references (HO)
)
\c@section@level=\count169
)
LaTeX Info: Redefining \ref on input line 95.
LaTeX Info: Redefining \pageref on input line 95.
LaTeX Info: Redefining \nameref on input line 95.

("C:\Users\Anubhab Majumdar\Google Drive\#FinalSemesterThesis\ProjectPaper\mach
ine_vision 1.0.out")
("C:\Users\Anubhab Majumdar\Google Drive\#FinalSemesterThesis\ProjectPaper\mach
ine_vision 1.0.out")
\@outlinefile=\write4

SVJour3 warning: Missing \journalname

SVJour3 Warning: Title too long for running head.
Please supply a shorter form with \titlerunning prior to \maketitle
Missing character: There is no â in font cmr10!
Missing character: There is no € in font cmr10!
Missing character: There is no ™ in font cmr10!
[1{C:/Users/Anubhab Majumdar/AppData/Local/MiKTeX/2.9/pdftex/config/pdftex.map}
]
Missing character: There is no â in font cmr10!
Missing character: There is no € in font cmr10!
Missing character: There is no ™ in font cmr10!


LaTeX Warning: Citation ` algorri_07a' on page 2 undefined on input line 148.

[2] <simage.png, id=59, 1807.75375pt x 403.5075pt>
File: simage.png Graphic file (type png)
 <use simage.png>
Package pdftex.def Info: simage.png used on input line 204.
(pdftex.def)             Requested size: 67.59897pt x 15.08469pt.

<histogram.png, id=60, 884.55469pt x 441.90094pt>
File: histogram.png Graphic file (type png)
 <use histogram.png>
Package pdftex.def Info: histogram.png used on input line 206.
(pdftex.def)             Requested size: 67.59897pt x 33.76822pt.

<blob.png, id=63, 1355.8153pt x 302.63063pt>
File: blob.png Graphic file (type png)
 <use blob.png>
Package pdftex.def Info: blob.png used on input line 235.
(pdftex.def)             Requested size: 101.40103pt x 22.63167pt.
Missing character: There is no â in font cmr10!
Missing character: There is no € in font cmr10!
Missing character: There is no ˜ in font cmr10!
Missing character: There is no â in font cmr10!
Missing character: There is no € in font cmr10!
Missing character: There is no ™ in font cmr10!
Missing character: There is no â in font cmr10!
Missing character: There is no € in font cmr10!
Missing character: There is no ˜ in font cmr10!
Missing character: There is no â in font cmr10!
Missing character: There is no € in font cmr10!
Missing character: There is no ™ in font cmr10!
Missing character: There is no â in font cmr10!
Missing character: There is no € in font cmr10!
Missing character: There is no ˜ in font cmr10!
Missing character: There is no â in font cmr10!
Missing character: There is no € in font cmr10!
Missing character: There is no ™ in font cmr10!
 [3 <C:/Users/Anubhab Majumdar/Google Drive/#FinalSemesterThesis/ProjectPaper/s
image.png (PNG copy)> <C:/Users/Anubhab Majumdar/Google Drive/#FinalSemesterThe
sis/ProjectPaper/histogram.png> <C:/Users/Anubhab Majumdar/Google Drive/#FinalS
emesterThesis/ProjectPaper/blob.png>]
Missing character: There is no â in font cmr10!
Missing character: There is no € in font cmr10!
Missing character: There is no ˜ in font cmr10!
Missing character: There is no â in font cmr10!
Missing character: There is no € in font cmr10!
Missing character: There is no ™ in font cmr10!
Missing character: There is no â in font cmr10!
Missing character: There is no € in font cmr10!
Missing character: There is no ˜ in font cmr10!
Missing character: There is no â in font cmr10!
Missing character: There is no € in font cmr10!
Missing character: There is no ™ in font cmr10!
Missing character: There is no â in font cmr10!
Missing character: There is no € in font cmr10!
Missing character: There is no ˜ in font cmr10!
Missing character: There is no â in font cmr10!
Missing character: There is no € in font cmr10!
Missing character: There is no ™ in font cmr10!
 <equation.png, id=81, 1209.76968pt x 56.46094pt>
File: equation.png Graphic file (type png)

<use equation.png>
Package pdftex.def Info: equation.png used on input line 300.
(pdftex.def)             Requested size: 101.40103pt x 4.73235pt.
 <equationOperands.png, id=82, 1209.76968pt x 56.46094pt>
File: equationOperands.png Graphic file (type png)

<use equationOperands.png>
Package pdftex.def Info: equationOperands.png used on input line 301.
(pdftex.def)             Requested size: 101.40103pt x 4.73235pt.

<equationNumber.png, id=83, 1209.01688pt x 61.73062pt>
File: equationNumber.png Graphic file (type png)

<use equationNumber.png>
Package pdftex.def Info: equationNumber.png used on input line 302.
(pdftex.def)             Requested size: 101.40103pt x 5.17685pt.
 <hrlsaRemoval.png, id=84, 1209.76968pt x 56.46094pt>
File: hrlsaRemoval.png Graphic file (type png)

<use hrlsaRemoval.png>
Package pdftex.def Info: hrlsaRemoval.png used on input line 303.
(pdftex.def)             Requested size: 101.40103pt x 4.73235pt.

Underfull \vbox (badness 3128) has occurred while \output is active []

 [4]
[5 <C:/Users/Anubhab Majumdar/Google Drive/#FinalSemesterThesis/ProjectPaper/eq
uation.png> <C:/Users/Anubhab Majumdar/Google Drive/#FinalSemesterThesis/Projec
tPaper/equationOperands.png> <C:/Users/Anubhab Majumdar/Google Drive/#FinalSeme
sterThesis/ProjectPaper/equationNumber.png> <C:/Users/Anubhab Majumdar/Google D
rive/#FinalSemesterThesis/ProjectPaper/hrlsaRemoval.png>]
<supSub.png, id=106, 469.755pt x 45.92157pt>
File: supSub.png Graphic file (type png)
 <use supSub.png>
Package pdftex.def Info: supSub.png used on input line 356.
(pdftex.def)             Requested size: 101.40103pt x 9.91217pt.
 [6 <C:/Users/Anubhab Majumdar/Google Drive/#FinalSemesterThesis/ProjectPaper/s
upSub.png>]
<chemEqParts.png, id=120, 389.20406pt x 145.29282pt>
File: chemEqParts.png Graphic file (type png)
 <use chemEqParts.png>
Package pdftex.def Info: chemEqParts.png used on input line 414.
(pdftex.def)             Requested size: 84.5pt x 31.54327pt.

Overfull \hbox (54.69115pt too wide) in paragraph at lines 421--422
[]\OT1/cmr/m/n/8 Each chem-i-cal com-pound in any equa-tion (see Fig. []5[]) ha
s the fol-low-ing format- [Coefficient]$[]$[Formula
 []

<stateCorrection.png, id=129, 768.62157pt x 488.57532pt>
File: stateCorrection.png Graphic file (type png)

<use stateCorrection.png>
Package pdftex.def Info: stateCorrection.png used on input line 472.
(pdftex.def)             Requested size: 77.73856pt x 49.41206pt.


LaTeX Warning: `h' float specifier changed to `ht'.

<autoCorrectionPictorial.png, id=130, 420.06938pt x 489.32813pt>
File: autoCorrectionPictorial.png Graphic file (type png)

<use autoCorrectionPictorial.png>
Package pdftex.def Info: autoCorrectionPictorial.png used on input line 483.
(pdftex.def)             Requested size: 77.73856pt x 90.55414pt.


LaTeX Warning: `h' float specifier changed to `ht'.

Package hyperref Info: bookmark level for unknown algorithm defaults to 0 on in
put line 494.
[7 <C:/Users/Anubhab Majumdar/Google Drive/#FinalSemesterThesis/ProjectPaper/ch
emEqParts.png>] <equationContext.png, id=155, 628.59843pt x 380.17032pt>
File: equationContext.png Graphic file (type png)

<use equationContext.png>
Package pdftex.def Info: equationContext.png used on input line 593.
(pdftex.def)             Requested size: 84.5pt x 51.10034pt.


LaTeX Warning: No positions in optional float specifier.
               Default added (so using `tbp') on input line 599.

<sampleDocument.png, id=156, 1528.96219pt x 703.87968pt>
File: sampleDocument.png Graphic file (type png)

<use sampleDocument.png>
Package pdftex.def Info: sampleDocument.png used on input line 603.
(pdftex.def)             Requested size: 74.36041pt x 34.22942pt.
 <DCE.png, id=157, 1528.96219pt x 703.87968pt>
File: DCE.png Graphic file (type png)

<use DCE.png>
Package pdftex.def Info: DCE.png used on input line 604.
(pdftex.def)             Requested size: 74.36041pt x 34.22942pt.
 <directOCR.jpg, id=158, 212.2329pt x 113.9457pt>
File: directOCR.jpg Graphic file (type jpg)

<use directOCR.jpg>
Package pdftex.def Info: directOCR.jpg used on input line 608.
(pdftex.def)             Requested size: 67.59897pt x 36.29297pt.
 <correctedFinalEq.jpg, id=159, 241.6227pt x 113.9457pt>
File: correctedFinalEq.jpg Graphic file (type jpg)

<use correctedFinalEq.jpg>
Package pdftex.def Info: correctedFinalEq.jpg used on input line 609.
(pdftex.def)             Requested size: 67.59897pt x 31.87848pt.
 [8 <C:/Users/Anubhab Majumdar/Google Drive/#FinalSemesterThesis/ProjectPaper/s
tateCorrection.png> <C:/Users/Anubhab Majumdar/Google Drive/#FinalSemesterThesi
s/ProjectPaper/autoCorrectionPictorial.png> <C:/Users/Anubhab Majumdar/Google D
rive/#FinalSemesterThesis/ProjectPaper/equationContext.png>] [9]
Underfull \vbox (badness 10000) has occurred while \output is active []

 [10 <C:/Users/Anubhab Majumdar/Google Drive/#FinalSemesterThesis/ProjectPaper/
sampleDocument.png> <C:/Users/Anubhab Majumdar/Google Drive/#FinalSemesterThesi
s/ProjectPaper/DCE.png> <C:/Users/Anubhab Majumdar/Google Drive/#FinalSemesterT
hesis/ProjectPaper/directOCR.jpg> <C:/Users/Anubhab Majumdar/Google Drive/#Fina
lSemesterThesis/ProjectPaper/correctedFinalEq.jpg>]
Missing character: There is no â in font cmr8!
Missing character: There is no € in font cmr8!
Missing character: There is no “ in font cmr8!
Missing character: There is no â in font cmr8!
Missing character: There is no € in font cmr8!
Missing character: There is no “ in font cmr8!
Missing character: There is no â in font cmr8!
Missing character: There is no € in font cmr8!
Missing character: There is no “ in font cmr8!
Missing character: There is no â in font cmr8!
Missing character: There is no € in font cmr8!
Missing character: There is no “ in font cmr8!
 [11]
Package atveryend Info: Empty hook `BeforeClearDocument' on input line 734.
Package atveryend Info: Empty hook `AfterLastShipout' on input line 734.

("C:\Users\Anubhab Majumdar\Google Drive\#FinalSemesterThesis\ProjectPaper\mach
ine_vision 1.0.aux")
Package atveryend Info: Executing hook `AtVeryEndDocument' on input line 734.
Package atveryend Info: Executing hook `AtEndAfterFileList' on input line 734.
Package rerunfilecheck Info: File `machine_vision*1.0.out' has not changed.
(rerunfilecheck)             Checksum: <no file>.
Package atveryend Info: Empty hook `AtVeryVeryEnd' on input line 734.
 ) 
Here is how much of TeX's memory you used:
 19566 strings out of 493921
 374762 string characters out of 3147248
 442537 words of memory out of 3000000
 22456 multiletter control sequences out of 15000+200000
 11349 words of font info for 40 fonts, out of 3000000 for 9000
 841 hyphenation exceptions out of 8191
 55i,13n,56p,934b,434s stack positions out of 5000i,500n,10000p,200000b,50000s
<C:/Program Files/MiKTeX 2.9/fonts/type1/public/amsfonts/cm/cmbsy10.pfb><C:/P
rogram Files/MiKTeX 2.9/fonts/type1/public/amsfonts/cm/cmbx10.pfb><C:/Program F
iles/MiKTeX 2.9/fonts/type1/public/amsfonts/cm/cmbx12.pfb><C:/Program Files/MiK
TeX 2.9/fonts/type1/public/amsfonts/cm/cmbx8.pfb><C:/Program Files/MiKTeX 2.9/f
onts/type1/public/amsfonts/cm/cmcsc10.pfb><C:/Program Files/MiKTeX 2.9/fonts/ty
pe1/public/amsfonts/cm/cmmi10.pfb><C:/Program Files/MiKTeX 2.9/fonts/type1/publ
ic/amsfonts/cm/cmmi5.pfb><C:/Program Files/MiKTeX 2.9/fonts/type1/public/amsfon
ts/cm/cmmi6.pfb><C:/Program Files/MiKTeX 2.9/fonts/type1/public/amsfonts/cm/cmm
i7.pfb><C:/Program Files/MiKTeX 2.9/fonts/type1/public/amsfonts/cm/cmmi8.pfb><C
:/Program Files/MiKTeX 2.9/fonts/type1/public/amsfonts/cm/cmr10.pfb><C:/Program
 Files/MiKTeX 2.9/fonts/type1/public/amsfonts/cm/cmr6.pfb><C:/Program Files/MiK
TeX 2.9/fonts/type1/public/amsfonts/cm/cmr7.pfb><C:/Program Files/MiKTeX 2.9/fo
nts/type1/public/amsfonts/cm/cmr8.pfb><C:/Program Files/MiKTeX 2.9/fonts/type1/
public/amsfonts/cm/cmsy10.pfb><C:/Program Files/MiKTeX 2.9/fonts/type1/public/a
msfonts/cm/cmsy6.pfb><C:/Program Files/MiKTeX 2.9/fonts/type1/public/amsfonts/c
m/cmsy8.pfb><C:/Program Files/MiKTeX 2.9/fonts/type1/public/amsfonts/cm/cmti10.
pfb><C:/Program Files/MiKTeX 2.9/fonts/type1/public/amsfonts/cm/cmti8.pfb>
Output written on "machine_vision 1.0.pdf" (11 pages, 775735 bytes).
PDF statistics:
 270 PDF objects out of 1000 (max. 8388607)
 51 named destinations out of 1000 (max. 500000)
 125 words of extra memory for PDF output out of 10000 (max. 10000000)

