This is pdfTeX, Version 3.1415926-2.5-1.40.14 (MiKTeX 2.9) (preloaded format=pdflatex 2014.7.22)  31 JUL 2014 13:56
entering extended mode
**C:/Users/Ashis/Google*Drive/math_che_equation/math_ch.tex
("C:/Users/Ashis/Google Drive/math_che_equation/math_ch.tex"
LaTeX2e <2011/06/27>
Babel <v3.8m> and hyphenation patterns for english, afrikaans, ancientgreek, ar
abic, armenian, assamese, basque, bengali, bokmal, bulgarian, catalan, coptic, 
croatian, czech, danish, dutch, esperanto, estonian, farsi, finnish, french, ga
lician, german, german-x-2013-05-26, greek, gujarati, hindi, hungarian, iceland
ic, indonesian, interlingua, irish, italian, kannada, kurmanji, latin, latvian,
 lithuanian, malayalam, marathi, mongolian, mongolianlmc, monogreek, ngerman, n
german-x-2013-05-26, nynorsk, oriya, panjabi, pinyin, polish, portuguese, roman
ian, russian, sanskrit, serbian, slovak, slovenian, spanish, swedish, swissgerm
an, tamil, telugu, turkish, turkmen, ukenglish, ukrainian, uppersorbian, usengl
ishmax, welsh, loaded.
("C:\Users\Ashis\Google Drive\math_che_equation\IEEEtran.cls"
Document Class: IEEEtran 2007/03/05 V1.7a by Michael Shell
-- See the "IEEEtran_HOWTO" manual for usage information.
-- http://www.michaelshell.org/tex/ieeetran/
\@IEEEtrantmpdimenA=\dimen102
\@IEEEtrantmpdimenB=\dimen103
\@IEEEtrantmpcountA=\count79
\@IEEEtrantmpcountB=\count80
\@IEEEtrantmptoksA=\toks14
LaTeX Font Info:    Try loading font information for OT1+ptm on input line 366.

("C:\Program Files\MiKTeX 2.9\tex\latex\psnfss\ot1ptm.fd"
File: ot1ptm.fd 2001/06/04 font definitions for OT1/ptm.
)
-- Using 8.5in x 11in (letter) paper.
-- Using PDF output.
\@IEEEnormalsizeunitybaselineskip=\dimen104
-- This is a 12 point document.
\CLASSINFOnormalsizebaselineskip=\dimen105
\CLASSINFOnormalsizeunitybaselineskip=\dimen106
\IEEEnormaljot=\dimen107
LaTeX Font Info:    Font shape `OT1/ptm/bx/n' in size <6> not available
(Font)              Font shape `OT1/ptm/b/n' tried instead on input line 724.
LaTeX Font Info:    Font shape `OT1/ptm/bx/it' in size <6> not available
(Font)              Font shape `OT1/ptm/b/it' tried instead on input line 724.
LaTeX Font Info:    Font shape `OT1/ptm/bx/n' in size <8> not available
(Font)              Font shape `OT1/ptm/b/n' tried instead on input line 724.
LaTeX Font Info:    Font shape `OT1/ptm/bx/it' in size <8> not available
(Font)              Font shape `OT1/ptm/b/it' tried instead on input line 724.
LaTeX Font Info:    Font shape `OT1/ptm/bx/n' in size <9> not available
(Font)              Font shape `OT1/ptm/b/n' tried instead on input line 724.
LaTeX Font Info:    Font shape `OT1/ptm/bx/it' in size <9> not available
(Font)              Font shape `OT1/ptm/b/it' tried instead on input line 724.
LaTeX Font Info:    Font shape `OT1/ptm/bx/n' in size <10> not available
(Font)              Font shape `OT1/ptm/b/n' tried instead on input line 724.
LaTeX Font Info:    Font shape `OT1/ptm/bx/it' in size <10> not available
(Font)              Font shape `OT1/ptm/b/it' tried instead on input line 724.
LaTeX Font Info:    Font shape `OT1/ptm/bx/n' in size <12> not available
(Font)              Font shape `OT1/ptm/b/n' tried instead on input line 724.
LaTeX Font Info:    Font shape `OT1/ptm/bx/it' in size <12> not available
(Font)              Font shape `OT1/ptm/b/it' tried instead on input line 724.
LaTeX Font Info:    Font shape `OT1/ptm/bx/n' in size <14> not available
(Font)              Font shape `OT1/ptm/b/n' tried instead on input line 724.
LaTeX Font Info:    Font shape `OT1/ptm/bx/it' in size <14> not available
(Font)              Font shape `OT1/ptm/b/it' tried instead on input line 724.
LaTeX Font Info:    Font shape `OT1/ptm/bx/n' in size <20> not available
(Font)              Font shape `OT1/ptm/b/n' tried instead on input line 724.
LaTeX Font Info:    Font shape `OT1/ptm/bx/it' in size <20> not available
(Font)              Font shape `OT1/ptm/b/it' tried instead on input line 724.
LaTeX Font Info:    Font shape `OT1/ptm/bx/n' in size <22> not available
(Font)              Font shape `OT1/ptm/b/n' tried instead on input line 724.
LaTeX Font Info:    Font shape `OT1/ptm/bx/it' in size <22> not available
(Font)              Font shape `OT1/ptm/b/it' tried instead on input line 724.
LaTeX Font Info:    Font shape `OT1/ptm/bx/n' in size <24> not available
(Font)              Font shape `OT1/ptm/b/n' tried instead on input line 724.
LaTeX Font Info:    Font shape `OT1/ptm/bx/it' in size <24> not available
(Font)              Font shape `OT1/ptm/b/it' tried instead on input line 724.
\IEEEilabelindentA=\dimen108
\IEEEilabelindentB=\dimen109
\IEEEilabelindent=\dimen110
\IEEEelabelindent=\dimen111
\IEEEdlabelindent=\dimen112
\IEEElabelindent=\dimen113
\IEEEiednormlabelsep=\dimen114
\IEEEiedmathlabelsep=\dimen115
\IEEEiedtopsep=\skip41
\c@section=\count81
\c@subsection=\count82
\c@subsubsection=\count83
\c@paragraph=\count84
\c@IEEEsubequation=\count85
\abovecaptionskip=\skip42
\belowcaptionskip=\skip43
\c@figure=\count86
\c@table=\count87
\@IEEEeqnnumcols=\count88
\@IEEEeqncolcnt=\count89
\@IEEEtmpitemindent=\dimen116
\c@IEEEbiography=\count90
\@IEEEtranrubishbin=\box26
) ("C:\Program Files\MiKTeX 2.9\tex\latex\graphics\graphicx.sty"
Package: graphicx 1999/02/16 v1.0f Enhanced LaTeX Graphics (DPC,SPQR)

("C:\Program Files\MiKTeX 2.9\tex\latex\graphics\keyval.sty"
Package: keyval 1999/03/16 v1.13 key=value parser (DPC)
\KV@toks@=\toks15
)
("C:\Program Files\MiKTeX 2.9\tex\latex\graphics\graphics.sty"
Package: graphics 2009/02/05 v1.0o Standard LaTeX Graphics (DPC,SPQR)

("C:\Program Files\MiKTeX 2.9\tex\latex\graphics\trig.sty"
Package: trig 1999/03/16 v1.09 sin cos tan (DPC)
)
("C:\Program Files\MiKTeX 2.9\tex\latex\00miktex\graphics.cfg"
File: graphics.cfg 2007/01/18 v1.5 graphics configuration of teTeX/TeXLive
)
Package graphics Info: Driver file: pdftex.def on input line 91.

("C:\Program Files\MiKTeX 2.9\tex\latex\pdftex-def\pdftex.def"
File: pdftex.def 2011/05/27 v0.06d Graphics/color for pdfTeX

("C:\Program Files\MiKTeX 2.9\tex\generic\oberdiek\infwarerr.sty"
Package: infwarerr 2010/04/08 v1.3 Providing info/warning/error messages (HO)
)
("C:\Program Files\MiKTeX 2.9\tex\generic\oberdiek\ltxcmds.sty"
Package: ltxcmds 2011/11/09 v1.22 LaTeX kernel commands for general use (HO)
)
\Gread@gobject=\count91
))
\Gin@req@height=\dimen117
\Gin@req@width=\dimen118
)
("C:\Program Files\MiKTeX 2.9\tex\latex\makecell\makecell.sty"
Package: makecell 2009/08/03 V0.1e Managing of Tab Column Heads and Cells

("C:\Program Files\MiKTeX 2.9\tex\latex\tools\array.sty"
Package: array 2008/09/09 v2.4c Tabular extension package (FMi)
\col@sep=\dimen119
\extrarowheight=\dimen120
\NC@list=\toks16
\extratabsurround=\skip44
\backup@length=\skip45
)
\rotheadsize=\dimen121
\c@nlinenum=\count92
\TeXr@lab=\toks17
)
("C:\Users\Ashis\Google Drive\math_che_equation\setspace.sty"
Package: setspace 2011/12/19 v6.7a set line spacing
)
("C:\Users\Ashis\Google Drive\math_che_equation\math_ch.aux")
LaTeX Font Info:    Checking defaults for OML/cmm/m/it on input line 18.
LaTeX Font Info:    ... okay on input line 18.
LaTeX Font Info:    Checking defaults for T1/cmr/m/n on input line 18.
LaTeX Font Info:    ... okay on input line 18.
LaTeX Font Info:    Checking defaults for OT1/cmr/m/n on input line 18.
LaTeX Font Info:    ... okay on input line 18.
LaTeX Font Info:    Checking defaults for OMS/cmsy/m/n on input line 18.
LaTeX Font Info:    ... okay on input line 18.
LaTeX Font Info:    Checking defaults for OMX/cmex/m/n on input line 18.
LaTeX Font Info:    ... okay on input line 18.
LaTeX Font Info:    Checking defaults for U/cmr/m/n on input line 18.
LaTeX Font Info:    ... okay on input line 18.

("C:\Program Files\MiKTeX 2.9\tex\context\base\supp-pdf.mkii"
[Loading MPS to PDF converter (version 2006.09.02).]
\scratchcounter=\count93
\scratchdimen=\dimen122
\scratchbox=\box27
\nofMPsegments=\count94
\nofMParguments=\count95
\everyMPshowfont=\toks18
\MPscratchCnt=\count96
\MPscratchDim=\dimen123
\MPnumerator=\count97
\makeMPintoPDFobject=\count98
\everyMPtoPDFconversion=\toks19
)
! Too many }'s.
l.29 }
      
? return
OK, entering \nonstopmode...
LaTeX Font Info:    Try loading font information for OT1+pcr on input line 30.
("C:\Program Files\MiKTeX 2.9\tex\latex\psnfss\ot1pcr.fd"
File: ot1pcr.fd 2001/06/04 font definitions for OT1/pcr.
)
** WARNING: \and is valid only when in conference or peerreviewca
modes (line 30).
Missing character: There is no â in font ptmb7t!
Missing character: There is no € in font ptmb7t!
Missing character: There is no “ in font ptmb7t!

Underfull \hbox (badness 4144) in paragraph at lines 35--46
[]\OT1/ptm/b/it/10 Abstract\OT1/ptm/b/n/10 ---Segmentation of math-e-mat-i-cal 
equa-tions
 []


Underfull \vbox (badness 10000) has occurred while \output is active []


** ATTENTION: \keywords is deprecated (line 54). Use \IEEEkeywords instead.
[1{C:/ProgramData/MiKTeX/2.9/pdftex/config/pdftex.map}


]
Underfull \vbox (badness 3168) has occurred while \output is active []


Underfull \vbox (badness 10000) has occurred while \output is active []

 [2]
LaTeX Font Info:    External font `cmex10' loaded for size
(Font)              <7> on input line 151.
LaTeX Font Info:    External font `cmex10' loaded for size
(Font)              <5> on input line 151.
LaTeX Font Info:    External font `cmex10' loaded for size
(Font)              <9> on input line 183.
LaTeX Font Info:    External font `cmex10' loaded for size
(Font)              <6> on input line 183.

<org.png, id=12, 2559.5625pt x 3312.375pt>
File: org.png Graphic file (type png)
 <use org.png>
Package pdftex.def Info: org.png used on input line 184.
(pdftex.def)             Requested size: 72.2531pt x 93.90834pt.

<hProj.png, id=13, 2559.5625pt x 3312.375pt>
File: hProj.png Graphic file (type png)
 <use hProj.png>
Package pdftex.def Info: hProj.png used on input line 185.
(pdftex.def)             Requested size: 57.80247pt x 93.90834pt.


LaTeX Warning: `h' float specifier changed to `ht'.

[3] <page_image.png, id=18, 380.622pt x 563.2242pt>
File: page_image.png Graphic file (type png)
 <use page_image.png>
Package pdftex.def Info: page_image.png used on input line 208.
(pdftex.def)             Requested size: 72.26665pt x 86.72304pt.

<cw_gap.png, id=19, 1029.09468pt x 497.60907pt>
File: cw_gap.png Graphic file (type png)
 <use cw_gap.png>
Package pdftex.def Info: cw_gap.png used on input line 209.
(pdftex.def)             Requested size: 129.0pt x 62.37561pt.
LaTeX Font Info:    External font `cmex10' loaded for size
(Font)              <8> on input line 222.

Overfull \hbox (12.09607pt too wide) detected at line 225
\OML/cmm/m/it/8 F\OT1/cmr/m/n/8 (\OML/cmm/m/it/8 C[]; C[]\OT1/cmr/m/n/8 ) = []
 []

LaTeX Font Info:    Try loading font information for OMS+ptm on input line 235.

("C:\Program Files\MiKTeX 2.9\tex\latex\psnfss\omsptm.fd"
File: omsptm.fd 
)

LaTeX Font Warning: Font shape `OMS/ptm/bx/n' undefined
(Font)              using `OMS/ptm/m/n' instead
(Font)              for symbol `textbraceleft' on input line 235.

LaTeX Font Info:    Font shape `OMS/ptm/m/n' in size <10> not available
(Font)              Font shape `OMS/cmsy/m/n' tried instead on input line 235.
LaTeX Font Info:    Font shape `OMS/ptm/bx/n' in size <10> not available
(Font)              Font shape `OMS/cmsy/m/n' tried instead on input line 235.

Underfull \hbox (badness 6808) in paragraph at lines 234--244
\OT1/ptm/b/n/10 where $\OML/cmm/m/it/10 b \OT1/cmr/m/n/10 = []$\OMS/cmsy/m/n/10
 f$[]$g \OT1/ptm/b/n/10 such that
 []

<wordBlob.png, id=21, 1757.56625pt x 444.66125pt>
File: wordBlob.png Graphic file (type png)
 <use wordBlob.png>
Package pdftex.def Info: wordBlob.png used on input line 246.
(pdftex.def)             Requested size: 206.39685pt x 52.21716pt.
 [4 <C:/Users/Ashis/Google Drive/math_che_equation/org.png (PNG copy)> <C:/User
s/Ashis/Google Drive/math_che_equation/hProj.png (PNG copy)> <C:/Users/Ashis/Go
ogle Drive/math_che_equation/page_image.png> <C:/Users/Ashis/Google Drive/math_
che_equation/cw_gap.png> <C:/Users/Ashis/Google Drive/math_che_equation/wordBlo
b.png (PNG copy)>] <plus.png, id=36, 38.1425pt x 38.1425pt>
File: plus.png Graphic file (type png)
 <use plus.png>
Package pdftex.def Info: plus.png used on input line 306.
(pdftex.def)             Requested size: 14.45355pt x 14.45355pt.

<plusH.png, id=37, 38.1425pt x 38.1425pt>
File: plusH.png Graphic file (type png)
 <use plusH.png>
Package pdftex.def Info: plusH.png used on input line 307.
(pdftex.def)             Requested size: 14.45355pt x 14.45355pt.

<plusV.png, id=38, 38.1425pt x 38.1425pt>
File: plusV.png Graphic file (type png)
 <use plusV.png>
Package pdftex.def Info: plusV.png used on input line 308.
(pdftex.def)             Requested size: 14.45355pt x 14.45355pt.

<minus.png, id=39, 24.09pt x 3.01125pt>
File: minus.png Graphic file (type png)
 <use minus.png>
Package pdftex.def Info: minus.png used on input line 309.
(pdftex.def)             Requested size: 14.45372pt x 1.44565pt.

<minusH.png, id=40, 24.09pt x 3.01125pt>
File: minusH.png Graphic file (type png)
 <use minusH.png>
Package pdftex.def Info: minusH.png used on input line 310.
(pdftex.def)             Requested size: 14.45372pt x 1.44565pt.

<minusV.png, id=41, 24.09pt x 3.01125pt>
File: minusV.png Graphic file (type png)
 <use minusV.png>
Package pdftex.def Info: minusV.png used on input line 311.
(pdftex.def)             Requested size: 14.45372pt x 1.44565pt.

<arrow.png, id=42, 26.34843pt x 9.03375pt>
File: arrow.png Graphic file (type png)
 <use arrow.png>
Package pdftex.def Info: arrow.png used on input line 312.
(pdftex.def)             Requested size: 14.45387pt x 3.6137pt.

<arrowH.png, id=43, 35.13126pt x 12.045pt>
File: arrowH.png Graphic file (type png)
 <use arrowH.png>
Package pdftex.def Info: arrowH.png used on input line 313.
(pdftex.def)             Requested size: 14.45375pt x 3.6137pt.

<arrowV.png, id=44, 35.13126pt x 12.045pt>
File: arrowV.png Graphic file (type png)
 <use arrowV.png>
Package pdftex.def Info: arrowV.png used on input line 314.
(pdftex.def)             Requested size: 14.45375pt x 3.6137pt.

<singleChar.png, id=45, 1758.57pt x 445.665pt>
File: singleChar.png Graphic file (type png)
 <use singleChar.png>
Package pdftex.def Info: singleChar.png used on input line 327.
(pdftex.def)             Requested size: 216.71906pt x 54.91914pt.

<singleCharafterEuler.png, id=46, 1758.57pt x 445.665pt>
File: singleCharafterEuler.png Graphic file (type png)

<use singleCharafterEuler.png>
Package pdftex.def Info: singleCharafterEuler.png used on input line 335.
(pdftex.def)             Requested size: 216.71906pt x 54.91914pt.
 <operator.png, id=47, 1758.57pt x 445.665pt>
File: operator.png Graphic file (type png)

<use operator.png>
Package pdftex.def Info: operator.png used on input line 344.
(pdftex.def)             Requested size: 206.39685pt x 52.30104pt.

Underfull \hbox (badness 10000) in paragraph at lines 350--360

 []


Underfull \hbox (badness 10000) in paragraph at lines 370--374
[]\OT1/ptm/b/n/10 Now, [$\OML/cmm/m/it/10 f[]; f[]; f[]; f[]; f[]; f[]; f[]; f[
]; f[]; f[]; f[]$\OT1/ptm/b/n/10 ]
 []


Underfull \hbox (badness 6412) in paragraph at lines 370--374
\OT1/ptm/b/n/10 suit-able ac-cord-ing to our re-quire-ments. The
 []


Underfull \vbox (badness 10000) has occurred while \output is active []

 [5 <C:/Users/Ashis/Google Drive/math_che_equation/plus.png (PNG copy)> <C:/Use
rs/Ashis/Google Drive/math_che_equation/plusH.png (PNG copy)> <C:/Users/Ashis/G
oogle Drive/math_che_equation/plusV.png (PNG copy)> <C:/Users/Ashis/Google Driv
e/math_che_equation/minus.png (PNG copy)> <C:/Users/Ashis/Google Drive/math_che
_equation/minusH.png (PNG copy)> <C:/Users/Ashis/Google Drive/math_che_equation
/minusV.png (PNG copy)> <C:/Users/Ashis/Google Drive/math_che_equation/arrow.pn
g> <C:/Users/Ashis/Google Drive/math_che_equation/arrowH.png (PNG copy)> <C:/Us
ers/Ashis/Google Drive/math_che_equation/arrowV.png (PNG copy)> <C:/Users/Ashis
/Google Drive/math_che_equation/singleChar.png (PNG copy)> <C:/Users/Ashis/Goog
le Drive/math_che_equation/singleCharafterEuler.png (PNG copy)> <C:/Users/Ashis
/Google Drive/math_che_equation/operator.png (PNG copy)>]
Underfull \hbox (badness 10000) in paragraph at lines 383--388

 []


Underfull \vbox (badness 10000) has occurred while \output is active []


<line.png, id=52, 837.1275pt x 36.135pt>
File: line.png Graphic file (type png)
 <use line.png>
Package pdftex.def Info: line.png used on input line 424.
(pdftex.def)             Requested size: 206.39685pt x 8.9091pt.

<linewithoutOP.png, id=53, 1116.17pt x 48.18pt>
File: linewithoutOP.png Graphic file (type png)
 <use linewithoutOP.png>
Package pdftex.def Info: linewithoutOP.png used on input line 426.
(pdftex.def)             Requested size: 206.39685pt x 8.90874pt.

<lineClosed.png, id=54, 1112.155pt x 41.15375pt>
File: lineClosed.png Graphic file (type png)
 <use lineClosed.png>
Package pdftex.def Info: lineClosed.png used on input line 428.
(pdftex.def)             Requested size: 206.39685pt x 7.63718pt.

<endRemoval.png, id=55, 1277.52281pt x 51.94406pt>
File: endRemoval.png Graphic file (type png)
 <use endRemoval.png>
Package pdftex.def Info: endRemoval.png used on input line 445.
(pdftex.def)             Requested size: 211.56189pt x 8.6021pt.

Underfull \hbox (badness 10000) in paragraph at lines 450--451

 []

<s_s.png, id=56, 511.9125pt x 50.43843pt>
File: s_s.png Graphic file (type png)
 <use s_s.png>
Package pdftex.def Info: s_s.png used on input line 461.
(pdftex.def)             Requested size: 165.12378pt x 16.26915pt.
 [6 <C:/Users/Ashis/Google Drive/math_che_equation/line.png> <C:/Users/Ashis/Go
ogle Drive/math_che_equation/linewithoutOP.png> <C:/Users/Ashis/Google Drive/ma
th_che_equation/lineClosed.png> <C:/Users/Ashis/Google Drive/math_che_equation/
endRemoval.png>]
Underfull \hbox (badness 10000) in paragraph at lines 472--479

 []

<flowchart.png, id=62, 1885.79532pt x 1422.0628pt>
File: flowchart.png Graphic file (type png)
 <use flowchart.png>
Package pdftex.def Info: flowchart.png used on input line 500.
(pdftex.def)             Requested size: 180.60315pt x 136.18231pt.

Underfull \vbox (badness 1406) has occurred while \output is active []

 [7 <C:/Users/Ashis/Google Drive/math_che_equation/s_s.png> <C:/Users/Ashis/Goo
gle Drive/math_che_equation/flowchart.png>] <result1.png, id=69, 1453.43pt x 22
60.445pt>
File: result1.png Graphic file (type png)

<use result1.png>
Package pdftex.def Info: result1.png used on input line 543.
(pdftex.def)             Requested size: 216.71906pt x 337.0516pt.
 <result2.png, id=70, 1389.19pt x 2296.58pt>
File: result2.png Graphic file (type png)

<use result2.png>
Package pdftex.def Info: result2.png used on input line 544.
(pdftex.def)             Requested size: 216.71906pt x 358.27905pt.
 <result_3.png, id=71, 792.9625pt x 1173.38374pt>
File: result_3.png Graphic file (type png)

<use result_3.png>
Package pdftex.def Info: result_3.png used on input line 547.
(pdftex.def)             Requested size: 216.71906pt x 320.68518pt.
 <result4.png, id=72, 2073.7475pt x 2934.965pt>
File: result4.png Graphic file (type png)

<use result4.png>
Package pdftex.def Info: result4.png used on input line 548.
(pdftex.def)             Requested size: 216.71906pt x 306.68016pt.


LaTeX Warning: Float too large for page by 26.51064pt on input line 554.


Underfull \hbox (badness 10000) in paragraph at lines 560--562

 []

<escan3.png, id=73, 505.13719pt x 33.12375pt>
File: escan3.png Graphic file (type png)
 <use escan3.png>
Package pdftex.def Info: escan3.png used on input line 571.
(pdftex.def)             Requested size: 206.39685pt x 13.53432pt.

<chem31.jpg, id=74, 1229.34282pt x 222.07968pt>
File: chem31.jpg Graphic file (type jpg)
 <use chem31.jpg>
Package pdftex.def Info: chem31.jpg used on input line 573.
(pdftex.def)             Requested size: 206.39685pt x 37.2854pt.

Underfull \hbox (badness 10000) in paragraph at lines 563--579
[]\OT1/ptm/b/n/10 Some chem-i-cal equa-tions have some
 []


Underfull \hbox (badness 1888) in paragraph at lines 563--579
\OT1/ptm/b/n/10 re-ac-tants/symbols (such as $\OT1/cmr/m/n/10 $\OT1/ptm/b/n/10
 ) just on top or
 []


Underfull \hbox (badness 1502) in paragraph at lines 563--579
\OT1/ptm/b/n/10 bot-tom of the ar-row and in some cases they
 []

<cbook16.png, id=75, 1345.27594pt x 563.85657pt>
File: cbook16.png Graphic file (type png)
 <use cbook16.png>
Package pdftex.def Info: cbook16.png used on input line 600.
(pdftex.def)             Requested size: 216.71906pt x 90.82976pt.


LaTeX Warning: `h' float specifier changed to `ht'.

[8 <C:/Users/Ashis/Google Drive/math_che_equation/escan3.png> <C:/Users/Ashis/G
oogle Drive/math_che_equation/chem31.jpg>] [9 <C:/Users/Ashis/Google Drive/math
_che_equation/cbook16.png>] [10

] [11 <C:/Users/Ashis/Google Drive/math_che_equation/result1.png> <C:/Users/Ash
is/Google Drive/math_che_equation/result2.png> <C:/Users/Ashis/Google Drive/mat
h_che_equation/result_3.png (PNG copy)> <C:/Users/Ashis/Google Drive/math_che_e
quation/result4.png (PNG copy)>]
("C:\Users\Ashis\Google Drive\math_che_equation\math_ch.aux")

LaTeX Font Warning: Some font shapes were not available, defaults substituted.


LaTeX Warning: Label(s) may have changed. Rerun to get cross-references right.

 ) 
Here is how much of TeX's memory you used:
 2281 strings out of 493921
 34339 string characters out of 3147282
 91293 words of memory out of 3000000
 5553 multiletter control sequences out of 15000+200000
 42418 words of font info for 77 fonts, out of 3000000 for 9000
 841 hyphenation exceptions out of 8191
 27i,27n,29p,375b,442s stack positions out of 5000i,500n,10000p,200000b,50000s
{C:/Program Files/MiKTeX 2.9/fonts/enc/dvips/fontname/8r.enc}<C:/Program File
s/MiKTeX 2.9/fonts/type1/public/amsfonts/cm/cmex10.pfb><C:/Program Files/MiKTeX
 2.9/fonts/type1/public/amsfonts/cm/cmmi10.pfb><C:/Program Files/MiKTeX 2.9/fon
ts/type1/public/amsfonts/cm/cmmi6.pfb><C:/Program Files/MiKTeX 2.9/fonts/type1/
public/amsfonts/cm/cmmi7.pfb><C:/Program Files/MiKTeX 2.9/fonts/type1/public/am
sfonts/cm/cmmi8.pfb><C:/Program Files/MiKTeX 2.9/fonts/type1/public/amsfonts/cm
/cmr10.pfb><C:/Program Files/MiKTeX 2.9/fonts/type1/public/amsfonts/cm/cmr7.pfb
><C:/Program Files/MiKTeX 2.9/fonts/type1/public/amsfonts/cm/cmr8.pfb><C:/Progr
am Files/MiKTeX 2.9/fonts/type1/public/amsfonts/cm/cmsy10.pfb><C:/Program Files
/MiKTeX 2.9/fonts/type1/public/amsfonts/cm/cmsy7.pfb><C:/Program Files/MiKTeX 2
.9/fonts/type1/public/amsfonts/cm/cmsy8.pfb><C:/Program Files/MiKTeX 2.9/fonts/
type1/public/amsfonts/latxfont/line10.pfb><C:/Program Files/MiKTeX 2.9/fonts/ty
pe1/urw/courier/ucrr8a.pfb><C:/Program Files/MiKTeX 2.9/fonts/type1/urw/times/u
tmb8a.pfb><C:/Program Files/MiKTeX 2.9/fonts/type1/urw/times/utmbi8a.pfb><C:/Pr
ogram Files/MiKTeX 2.9/fonts/type1/urw/times/utmr8a.pfb><C:/Program Files/MiKTe
X 2.9/fonts/type1/urw/times/utmri8a.pfb>
Output written on math_ch.pdf (11 pages, 2699887 bytes).
PDF statistics:
 148 PDF objects out of 1000 (max. 8388607)
 0 named destinations out of 1000 (max. 500000)
 151 words of extra memory for PDF output out of 10000 (max. 10000000)

