This is pdfTeX, Version 3.14159265-2.6-1.40.16 (MiKTeX 2.9) (preloaded format=pdflatex 2016.3.17)  17 MAR 2016 22:32
entering extended mode
**./sig-alternate-sample.tex
(sig-alternate-sample.tex
LaTeX2e <2015/10/01> patch level 2
Babel <3.9n> and hyphenation patterns for 69 languages loaded.
("C:\Users\User\AppData\Local\Programs\MiKTeX 2.9\tex\latex\base\fix-cm.sty"
Package: fix-cm 2015/01/14 v1.1t fixes to LaTeX

("C:\Users\User\AppData\Local\Programs\MiKTeX 2.9\tex\latex\base\ts1enc.def"
File: ts1enc.def 2001/06/05 v3.0e (jk/car/fm) Standard LaTeX file
))
(sig-alternate-05-2015.cls
("C:\Users\User\AppData\Local\Programs\MiKTeX 2.9\tex\latex\graphics\epsfig.sty
"
Package: epsfig 1999/02/16 v1.7a (e)psfig emulation (SPQR)

("C:\Users\User\AppData\Local\Programs\MiKTeX 2.9\tex\latex\graphics\graphicx.s
ty"
Package: graphicx 2014/10/28 v1.0g Enhanced LaTeX Graphics (DPC,SPQR)

("C:\Users\User\AppData\Local\Programs\MiKTeX 2.9\tex\latex\graphics\keyval.sty
"
Package: keyval 2014/10/28 v1.15 key=value parser (DPC)
\KV@toks@=\toks14
)
("C:\Users\User\AppData\Local\Programs\MiKTeX 2.9\tex\latex\graphics\graphics.s
ty"
Package: graphics 2014/10/28 v1.0p Standard LaTeX Graphics (DPC,SPQR)

("C:\Users\User\AppData\Local\Programs\MiKTeX 2.9\tex\latex\graphics\trig.sty"
Package: trig 1999/03/16 v1.09 sin cos tan (DPC)
)
("C:\Users\User\AppData\Local\Programs\MiKTeX 2.9\tex\latex\00miktex\graphics.c
fg"
File: graphics.cfg 2007/01/18 v1.5 graphics configuration of teTeX/TeXLive
)
Package graphics Info: Driver file: pdftex.def on input line 94.

("C:\Users\User\AppData\Local\Programs\MiKTeX 2.9\tex\latex\pdftex-def\pdftex.d
ef"
File: pdftex.def 2011/05/27 v0.06d Graphics/color for pdfTeX

("C:\Users\User\AppData\Local\Programs\MiKTeX 2.9\tex\generic\oberdiek\infwarer
r.sty"
Package: infwarerr 2010/04/08 v1.3 Providing info/warning/error messages (HO)
)
("C:\Users\User\AppData\Local\Programs\MiKTeX 2.9\tex\generic\oberdiek\ltxcmds.
sty"
Package: ltxcmds 2011/11/09 v1.22 LaTeX kernel commands for general use (HO)
)
\Gread@gobject=\count79
))
\Gin@req@height=\dimen102
\Gin@req@width=\dimen103
)
\epsfxsize=\dimen104
\epsfysize=\dimen105
)
("C:\Users\User\AppData\Local\Programs\MiKTeX 2.9\tex\latex\amsfonts\amssymb.st
y"
Package: amssymb 2013/01/14 v3.01 AMS font symbols

("C:\Users\User\AppData\Local\Programs\MiKTeX 2.9\tex\latex\amsfonts\amsfonts.s
ty"
Package: amsfonts 2013/01/14 v3.01 Basic AMSFonts support
\@emptytoks=\toks15
\symAMSa=\mathgroup4
\symAMSb=\mathgroup5
LaTeX Font Info:    Overwriting math alphabet `\mathfrak' in version `bold'
(Font)                  U/euf/m/n --> U/euf/b/n on input line 106.
))
("C:\Users\User\AppData\Local\Programs\MiKTeX 2.9\tex\latex\amsmath\amsmath.sty
"
Package: amsmath 2013/01/14 v2.14 AMS math features
\@mathmargin=\skip41

For additional information on amsmath, use the `?' option.
("C:\Users\User\AppData\Local\Programs\MiKTeX 2.9\tex\latex\amsmath\amstext.sty
"
Package: amstext 2000/06/29 v2.01
 ("C:\Users\User\AppData\Local\Programs\MiKTeX 2.9\tex\latex\amsmath\amsgen.sty
"
File: amsgen.sty 1999/11/30 v2.0
\@emptytoks=\toks16
\ex@=\dimen106
))
("C:\Users\User\AppData\Local\Programs\MiKTeX 2.9\tex\latex\amsmath\amsbsy.sty"
Package: amsbsy 1999/11/29 v1.2d
\pmbraise@=\dimen107
) ("C:\Users\User\AppData\Local\Programs\MiKTeX 2.9\tex\latex\amsmath\amsopn.st
y"
Package: amsopn 1999/12/14 v2.01 operator names
)
\inf@bad=\count80
LaTeX Info: Redefining \frac on input line 210.
\uproot@=\count81
\leftroot@=\count82
LaTeX Info: Redefining \overline on input line 306.
\classnum@=\count83
\DOTSCASE@=\count84
LaTeX Info: Redefining \ldots on input line 378.
LaTeX Info: Redefining \dots on input line 381.
LaTeX Info: Redefining \cdots on input line 466.
\Mathstrutbox@=\box26
\strutbox@=\box27
\big@size=\dimen108
LaTeX Font Info:    Redeclaring font encoding OML on input line 566.
LaTeX Font Info:    Redeclaring font encoding OMS on input line 567.
\macc@depth=\count85
\c@MaxMatrixCols=\count86
\dotsspace@=\muskip10
\c@parentequation=\count87
\dspbrk@lvl=\count88
\tag@help=\toks17
\row@=\count89
\column@=\count90
\maxfields@=\count91
\andhelp@=\toks18
\eqnshift@=\dimen109
\alignsep@=\dimen110
\tagshift@=\dimen111
\tagwidth@=\dimen112
\totwidth@=\dimen113
\lineht@=\dimen114
\@envbody=\toks19
\multlinegap=\skip42
\multlinetaggap=\skip43
\mathdisplay@stack=\toks20
LaTeX Info: Redefining \[ on input line 2665.
LaTeX Info: Redefining \] on input line 2666.
)
Document Class 'sig-alternate' <9th June '13>. Modified by G.K.M. Tobin/Gerry M
urray/Boris Veytsman
Based in part upon document Style `acmconf' <22 May 89>. Hacked 4/91 by
shivers@cs.cmu.edu, 4/93 by theobald@cs.mcgill.ca
Excerpts were taken from (Journal Style) 'esub2acm.cls'.
****** Bugs/comments/suggestions/technicalities to Gerry Murray -- murray@hq.ac
m.org ******
Questions on the style, SIGS policies, etc. to Adrienne Griscti griscti@acm.org

\ACM@basesize=\count92
("C:\Users\User\AppData\Local\Programs\MiKTeX 2.9\tex\latex\comment\comment.sty
"
\CommentStream=\write3
 Excluding comment 'comment') Excluding comment 'CCSXML'
\footheight=\dimen115
\@maxsep=\dimen116
\@dblmaxsep=\dimen117

("C:\Users\User\AppData\Local\Programs\MiKTeX 2.9\tex\generic\oberdiek\ifpdf.st
y"
Package: ifpdf 2011/01/30 v2.3 Provides the ifpdf switch (HO)
Package ifpdf Info: pdfTeX in PDF mode is detected.
)
\aucount=\count93
\originalaucount=\count94
\auwidth=\dimen118
\auskip=\dimen119
\auskipcount=\count95
\auskip=\dimen120
\allauboxes=\dimen121
\addauthors=\toks21
\addauflag=\count96
\subtitletext=\toks22
\savesection=\count97
\sectioncntr=\count98
\c@figure=\count99
\c@table=\count100
\titleboxnotes=\toks23
\titleboxnoteflag=\count101


LaTeX Warning: You have requested document class `sig-alternate-05-2015',
               but the document class provides `sig-alternate'.

Document Class: sig-alternate 2013/05/12 v2.7 based on acmproc.cls V1.3 <Nov. 3
0 '99>
("C:\Users\User\AppData\Local\Programs\MiKTeX 2.9\tex\latex\base\latexsym.sty"
Package: latexsym 1998/08/17 v2.2e Standard LaTeX package (lasy symbols)
\symlasy=\mathgroup6
LaTeX Font Info:    Overwriting symbol font `lasy' in version `bold'
(Font)                  U/lasy/m/n --> U/lasy/b/n on input line 52.
)
\@acmtitlebox=\box28
\titlenotecount=\count102
\tntoks=\toks24
\tntokstwo=\toks25
\tntoksthree=\toks26
\tntoksfour=\toks27
\tntoksfive=\toks28
\catcount=\count103
\copyrightnotice=\toks29
\conf=\toks30
\confinfo=\toks31
\c@part=\count104
\c@section=\count105
\c@subsection=\count106
\c@subsubsection=\count107
\c@paragraph=\count108
Using 'Abbrev' bibliography style
LaTeX Info: Redefining \cite on input line 1408.
\bibindent=\dimen122
\colcntr=\count109
\saveb@x=\box29
\copyrtyr=\toks32
\acmcopyr=\toks33
\boilerplate=\toks34
("C:\Users\User\AppData\Local\Programs\MiKTeX 2.9\tex\latex\url\url.sty"
\Urlmuskip=\muskip11
Package: url 2013/09/16  ver 3.4  Verb mode for urls, etc.
)
(acmcopyright.sty
Package: acmcopyright 2014/06/29 v1.2 Copyright statemens for ACM classes

("C:\Users\User\AppData\Local\Programs\MiKTeX 2.9\tex\latex\xkeyval\xkeyval.sty
"
Package: xkeyval 2014/12/03 v2.7a package option processing (HA)

("C:\Users\User\AppData\Local\Programs\MiKTeX 2.9\tex\generic\xkeyval\xkeyval.t
ex"
("C:\Users\User\AppData\Local\Programs\MiKTeX 2.9\tex\generic\xkeyval\xkvutils.
tex"
\XKV@toks=\toks35
\XKV@tempa@toks=\toks36
)
\XKV@depth=\count110
File: xkeyval.tex 2014/12/03 v2.7a key=value parser (HA)
)))
\copyrightetc=\toks37

("C:\Users\User\AppData\Local\Programs\MiKTeX 2.9\tex\latex\base\fontenc.sty"
Package: fontenc 2005/09/27 v1.99g Standard LaTeX package

("C:\Users\User\AppData\Local\Programs\MiKTeX 2.9\tex\latex\base\t1enc.def"
File: t1enc.def 2005/09/27 v1.99g Standard LaTeX file
LaTeX Font Info:    Redeclaring font encoding T1 on input line 48.
)
LaTeX Font Info:    Try loading font information for T1+aer on input line 105.

("C:\Users\User\AppData\Local\Programs\MiKTeX 2.9\tex\latex\ae\t1aer.fd"
File: t1aer.fd 1997/11/16 Font definitions for T1/aer.
)))
("C:\Users\User\AppData\Local\Programs\MiKTeX 2.9\tex\latex\oberdiek\epstopdf.s
ty"
Package: epstopdf 2010/02/09 v2.5 Conversion with epstopdf on the fly (HO)

("C:\Users\User\AppData\Local\Programs\MiKTeX 2.9\tex\latex\oberdiek\epstopdf-b
ase.sty"
Package: epstopdf-base 2010/02/09 v2.5 Base part for package epstopdf

("C:\Users\User\AppData\Local\Programs\MiKTeX 2.9\tex\latex\oberdiek\grfext.sty
"
Package: grfext 2010/08/19 v1.1 Manage graphics extensions (HO)

("C:\Users\User\AppData\Local\Programs\MiKTeX 2.9\tex\generic\oberdiek\kvdefine
keys.sty"
Package: kvdefinekeys 2011/04/07 v1.3 Define keys (HO)
))
("C:\Users\User\AppData\Local\Programs\MiKTeX 2.9\tex\latex\oberdiek\kvoptions.
sty"
Package: kvoptions 2011/06/30 v3.11 Key value format for package options (HO)

("C:\Users\User\AppData\Local\Programs\MiKTeX 2.9\tex\generic\oberdiek\kvsetkey
s.sty"
Package: kvsetkeys 2012/04/25 v1.16 Key value parser (HO)

("C:\Users\User\AppData\Local\Programs\MiKTeX 2.9\tex\generic\oberdiek\etexcmds
.sty"
Package: etexcmds 2011/02/16 v1.5 Avoid name clashes with e-TeX commands (HO)

("C:\Users\User\AppData\Local\Programs\MiKTeX 2.9\tex\generic\oberdiek\ifluatex
.sty"
Package: ifluatex 2010/03/01 v1.3 Provides the ifluatex switch (HO)
Package ifluatex Info: LuaTeX not detected.
)
Package etexcmds Info: Could not find \expanded.
(etexcmds)             That can mean that you are not using pdfTeX 1.50 or
(etexcmds)             that some package has redefined \expanded.
(etexcmds)             In the latter case, load this package earlier.
)))
("C:\Users\User\AppData\Local\Programs\MiKTeX 2.9\tex\generic\oberdiek\pdftexcm
ds.sty"
Package: pdftexcmds 2011/11/29 v0.20 Utility functions of pdfTeX for LuaTeX (HO
)
Package pdftexcmds Info: LuaTeX not detected.
Package pdftexcmds Info: \pdf@primitive is available.
Package pdftexcmds Info: \pdf@ifprimitive is available.
Package pdftexcmds Info: \pdfdraftmode found.
)
Package grfext Info: Graphics extension search list:
(grfext)             [.png,.pdf,.jpg,.mps,.jpeg,.jbig2,.jb2,.PNG,.PDF,.JPG,.JPE
G,.JBIG2,.JB2,.eps]
(grfext)             \AppendGraphicsExtensions on input line 452.
))
("C:\Users\User\AppData\Local\Programs\MiKTeX 2.9\tex\latex\caption\caption.sty
"
Package: caption 2016/02/21 v3.3-144 Customizing captions (AR)

("C:\Users\User\AppData\Local\Programs\MiKTeX 2.9\tex\latex\caption\caption3.st
y"
Package: caption3 2016/02/04 v1.7-139 caption3 kernel (AR)
Package caption3 Info: TeX engine: e-TeX on input line 67.
\captionmargin=\dimen123
\captionmargin@=\dimen124
\captionwidth=\dimen125
\caption@tempdima=\dimen126
\caption@indent=\dimen127
\caption@parindent=\dimen128
\caption@hangindent=\dimen129
\abovecaptionskip=\skip44
\belowcaptionskip=\skip45
Package caption Info: Unknown document class (or package),
(caption)             standard defaults will be used.
)

Package caption Warning: Unsupported document class (or package) detected,
(caption)                usage of the caption package is not recommended.
See the caption package documentation for explanation.

Package caption Info: \@makecaption = \long macro:#1#2-> \vskip 10pt \setbox \@
tempboxa \hbox {\textbf {#1: #2}} \ifdim \wd \@tempboxa >\hsize \textbf {#1: #2
}\par \else \hbox to\hsize {\hfil \box \@tempboxa \hfil } \fi .
\c@ContinuedFloat=\count111
)
("C:\Users\User\AppData\Local\Programs\MiKTeX 2.9\tex\latex\caption\subcaption.
sty"
Package: subcaption 2016/02/20 v1.1-142 Sub-captions (AR)
\c@subfigure=\count112
\c@subtable=\count113
)
("C:\Users\User\AppData\Local\Programs\MiKTeX 2.9\tex\latex\pgf\frontendlayer\t
ikz.sty"
("C:\Users\User\AppData\Local\Programs\MiKTeX 2.9\tex\latex\pgf\basiclayer\pgf.
sty"
("C:\Users\User\AppData\Local\Programs\MiKTeX 2.9\tex\latex\pgf\utilities\pgfrc
s.sty"
("C:\Users\User\AppData\Local\Programs\MiKTeX 2.9\tex\generic\pgf\utilities\pgf
util-common.tex"
\pgfutil@everybye=\toks38
\pgfutil@tempdima=\dimen130
\pgfutil@tempdimb=\dimen131

("C:\Users\User\AppData\Local\Programs\MiKTeX 2.9\tex\generic\pgf\utilities\pgf
util-common-lists.tex"))
("C:\Users\User\AppData\Local\Programs\MiKTeX 2.9\tex\generic\pgf\utilities\pgf
util-latex.def"
\pgfutil@abb=\box30

("C:\Users\User\AppData\Local\Programs\MiKTeX 2.9\tex\latex\ms\everyshi.sty"
Package: everyshi 2001/05/15 v3.00 EveryShipout Package (MS)
))
("C:\Users\User\AppData\Local\Programs\MiKTeX 2.9\tex\generic\pgf\utilities\pgf
rcs.code.tex"
Package: pgfrcs 2015/08/07 v3.0.1a (rcs-revision 1.31)
))
Package: pgf 2015/08/07 v3.0.1a (rcs-revision 1.15)

("C:\Users\User\AppData\Local\Programs\MiKTeX 2.9\tex\latex\pgf\basiclayer\pgfc
ore.sty"
("C:\Users\User\AppData\Local\Programs\MiKTeX 2.9\tex\latex\pgf\systemlayer\pgf
sys.sty"
("C:\Users\User\AppData\Local\Programs\MiKTeX 2.9\tex\generic\pgf\systemlayer\p
gfsys.code.tex"
Package: pgfsys 2014/07/09 v3.0.1a (rcs-revision 1.48)

("C:\Users\User\AppData\Local\Programs\MiKTeX 2.9\tex\generic\pgf\utilities\pgf
keys.code.tex"
\pgfkeys@pathtoks=\toks39
\pgfkeys@temptoks=\toks40

("C:\Users\User\AppData\Local\Programs\MiKTeX 2.9\tex\generic\pgf\utilities\pgf
keysfiltered.code.tex"
\pgfkeys@tmptoks=\toks41
))
\pgf@x=\dimen132
\pgf@y=\dimen133
\pgf@xa=\dimen134
\pgf@ya=\dimen135
\pgf@xb=\dimen136
\pgf@yb=\dimen137
\pgf@xc=\dimen138
\pgf@yc=\dimen139
\w@pgf@writea=\write4
\r@pgf@reada=\read1
\c@pgf@counta=\count114
\c@pgf@countb=\count115
\c@pgf@countc=\count116
\c@pgf@countd=\count117
\t@pgf@toka=\toks42
\t@pgf@tokb=\toks43
\t@pgf@tokc=\toks44

("C:\Users\User\AppData\Local\Programs\MiKTeX 2.9\tex\generic\pgf\systemlayer\p
gf.cfg"
File: pgf.cfg 2008/05/14  (rcs-revision 1.7)
)
Driver file for pgf: pgfsys-pdftex.def

("C:\Users\User\AppData\Local\Programs\MiKTeX 2.9\tex\generic\pgf\systemlayer\p
gfsys-pdftex.def"
File: pgfsys-pdftex.def 2014/10/11  (rcs-revision 1.35)

("C:\Users\User\AppData\Local\Programs\MiKTeX 2.9\tex\generic\pgf\systemlayer\p
gfsys-common-pdf.def"
File: pgfsys-common-pdf.def 2013/10/10  (rcs-revision 1.13)
)))
("C:\Users\User\AppData\Local\Programs\MiKTeX 2.9\tex\generic\pgf\systemlayer\p
gfsyssoftpath.code.tex"
File: pgfsyssoftpath.code.tex 2013/09/09  (rcs-revision 1.9)
\pgfsyssoftpath@smallbuffer@items=\count118
\pgfsyssoftpath@bigbuffer@items=\count119
)
("C:\Users\User\AppData\Local\Programs\MiKTeX 2.9\tex\generic\pgf\systemlayer\p
gfsysprotocol.code.tex"
File: pgfsysprotocol.code.tex 2006/10/16  (rcs-revision 1.4)
))
("C:\Users\User\AppData\Local\Programs\MiKTeX 2.9\tex\latex\xcolor\xcolor.sty"
Package: xcolor 2007/01/21 v2.11 LaTeX color extensions (UK)

("C:\Users\User\AppData\Local\Programs\MiKTeX 2.9\tex\latex\00miktex\color.cfg"
File: color.cfg 2007/01/18 v1.5 color configuration of teTeX/TeXLive
)
Package xcolor Info: Driver file: pdftex.def on input line 225.
Package xcolor Info: Model `cmy' substituted by `cmy0' on input line 1337.
Package xcolor Info: Model `hsb' substituted by `rgb' on input line 1341.
Package xcolor Info: Model `RGB' extended on input line 1353.
Package xcolor Info: Model `HTML' substituted by `rgb' on input line 1355.
Package xcolor Info: Model `Hsb' substituted by `hsb' on input line 1356.
Package xcolor Info: Model `tHsb' substituted by `hsb' on input line 1357.
Package xcolor Info: Model `HSB' substituted by `hsb' on input line 1358.
Package xcolor Info: Model `Gray' substituted by `gray' on input line 1359.
Package xcolor Info: Model `wave' substituted by `hsb' on input line 1360.
)
("C:\Users\User\AppData\Local\Programs\MiKTeX 2.9\tex\generic\pgf\basiclayer\pg
fcore.code.tex"
Package: pgfcore 2010/04/11 v3.0.1a (rcs-revision 1.7)

("C:\Users\User\AppData\Local\Programs\MiKTeX 2.9\tex\generic\pgf\math\pgfmath.
code.tex"
("C:\Users\User\AppData\Local\Programs\MiKTeX 2.9\tex\generic\pgf\math\pgfmathc
alc.code.tex"
("C:\Users\User\AppData\Local\Programs\MiKTeX 2.9\tex\generic\pgf\math\pgfmathu
til.code.tex")
("C:\Users\User\AppData\Local\Programs\MiKTeX 2.9\tex\generic\pgf\math\pgfmathp
arser.code.tex"
\pgfmath@dimen=\dimen140
\pgfmath@count=\count120
\pgfmath@box=\box31
\pgfmath@toks=\toks45
\pgfmath@stack@operand=\toks46
\pgfmath@stack@operation=\toks47
)
("C:\Users\User\AppData\Local\Programs\MiKTeX 2.9\tex\generic\pgf\math\pgfmathf
unctions.code.tex"
("C:\Users\User\AppData\Local\Programs\MiKTeX 2.9\tex\generic\pgf\math\pgfmathf
unctions.basic.code.tex")
("C:\Users\User\AppData\Local\Programs\MiKTeX 2.9\tex\generic\pgf\math\pgfmathf
unctions.trigonometric.code.tex")
("C:\Users\User\AppData\Local\Programs\MiKTeX 2.9\tex\generic\pgf\math\pgfmathf
unctions.random.code.tex")
("C:\Users\User\AppData\Local\Programs\MiKTeX 2.9\tex\generic\pgf\math\pgfmathf
unctions.comparison.code.tex")
("C:\Users\User\AppData\Local\Programs\MiKTeX 2.9\tex\generic\pgf\math\pgfmathf
unctions.base.code.tex")
("C:\Users\User\AppData\Local\Programs\MiKTeX 2.9\tex\generic\pgf\math\pgfmathf
unctions.round.code.tex")
("C:\Users\User\AppData\Local\Programs\MiKTeX 2.9\tex\generic\pgf\math\pgfmathf
unctions.misc.code.tex")
("C:\Users\User\AppData\Local\Programs\MiKTeX 2.9\tex\generic\pgf\math\pgfmathf
unctions.integerarithmetics.code.tex")))
("C:\Users\User\AppData\Local\Programs\MiKTeX 2.9\tex\generic\pgf\math\pgfmathf
loat.code.tex"
\c@pgfmathroundto@lastzeros=\count121
))
("C:\Users\User\AppData\Local\Programs\MiKTeX 2.9\tex\generic\pgf\basiclayer\pg
fcorepoints.code.tex"
File: pgfcorepoints.code.tex 2013/10/07  (rcs-revision 1.27)
\pgf@picminx=\dimen141
\pgf@picmaxx=\dimen142
\pgf@picminy=\dimen143
\pgf@picmaxy=\dimen144
\pgf@pathminx=\dimen145
\pgf@pathmaxx=\dimen146
\pgf@pathminy=\dimen147
\pgf@pathmaxy=\dimen148
\pgf@xx=\dimen149
\pgf@xy=\dimen150
\pgf@yx=\dimen151
\pgf@yy=\dimen152
\pgf@zx=\dimen153
\pgf@zy=\dimen154
)
("C:\Users\User\AppData\Local\Programs\MiKTeX 2.9\tex\generic\pgf\basiclayer\pg
fcorepathconstruct.code.tex"
File: pgfcorepathconstruct.code.tex 2013/10/07  (rcs-revision 1.29)
\pgf@path@lastx=\dimen155
\pgf@path@lasty=\dimen156
)
("C:\Users\User\AppData\Local\Programs\MiKTeX 2.9\tex\generic\pgf\basiclayer\pg
fcorepathusage.code.tex"
File: pgfcorepathusage.code.tex 2014/11/02  (rcs-revision 1.24)
\pgf@shorten@end@additional=\dimen157
\pgf@shorten@start@additional=\dimen158
)
("C:\Users\User\AppData\Local\Programs\MiKTeX 2.9\tex\generic\pgf\basiclayer\pg
fcorescopes.code.tex"
File: pgfcorescopes.code.tex 2015/05/08  (rcs-revision 1.46)
\pgfpic=\box32
\pgf@hbox=\box33
\pgf@layerbox@main=\box34
\pgf@picture@serial@count=\count122
)
("C:\Users\User\AppData\Local\Programs\MiKTeX 2.9\tex\generic\pgf\basiclayer\pg
fcoregraphicstate.code.tex"
File: pgfcoregraphicstate.code.tex 2014/11/02  (rcs-revision 1.12)
\pgflinewidth=\dimen159
)
("C:\Users\User\AppData\Local\Programs\MiKTeX 2.9\tex\generic\pgf\basiclayer\pg
fcoretransformations.code.tex"
File: pgfcoretransformations.code.tex 2015/08/07  (rcs-revision 1.20)
\pgf@pt@x=\dimen160
\pgf@pt@y=\dimen161
\pgf@pt@temp=\dimen162
)
("C:\Users\User\AppData\Local\Programs\MiKTeX 2.9\tex\generic\pgf\basiclayer\pg
fcorequick.code.tex"
File: pgfcorequick.code.tex 2008/10/09  (rcs-revision 1.3)
)
("C:\Users\User\AppData\Local\Programs\MiKTeX 2.9\tex\generic\pgf\basiclayer\pg
fcoreobjects.code.tex"
File: pgfcoreobjects.code.tex 2006/10/11  (rcs-revision 1.2)
)
("C:\Users\User\AppData\Local\Programs\MiKTeX 2.9\tex\generic\pgf\basiclayer\pg
fcorepathprocessing.code.tex"
File: pgfcorepathprocessing.code.tex 2013/09/09  (rcs-revision 1.9)
)
("C:\Users\User\AppData\Local\Programs\MiKTeX 2.9\tex\generic\pgf\basiclayer\pg
fcorearrows.code.tex"
File: pgfcorearrows.code.tex 2015/05/14  (rcs-revision 1.43)
\pgfarrowsep=\dimen163
)
("C:\Users\User\AppData\Local\Programs\MiKTeX 2.9\tex\generic\pgf\basiclayer\pg
fcoreshade.code.tex"
File: pgfcoreshade.code.tex 2013/07/15  (rcs-revision 1.15)
\pgf@max=\dimen164
\pgf@sys@shading@range@num=\count123
)
("C:\Users\User\AppData\Local\Programs\MiKTeX 2.9\tex\generic\pgf\basiclayer\pg
fcoreimage.code.tex"
File: pgfcoreimage.code.tex 2013/07/15  (rcs-revision 1.18)

("C:\Users\User\AppData\Local\Programs\MiKTeX 2.9\tex\generic\pgf\basiclayer\pg
fcoreexternal.code.tex"
File: pgfcoreexternal.code.tex 2014/07/09  (rcs-revision 1.21)
\pgfexternal@startupbox=\box35
))
("C:\Users\User\AppData\Local\Programs\MiKTeX 2.9\tex\generic\pgf\basiclayer\pg
fcorelayers.code.tex"
File: pgfcorelayers.code.tex 2013/07/18  (rcs-revision 1.7)
)
("C:\Users\User\AppData\Local\Programs\MiKTeX 2.9\tex\generic\pgf\basiclayer\pg
fcoretransparency.code.tex"
File: pgfcoretransparency.code.tex 2013/09/30  (rcs-revision 1.5)
)
("C:\Users\User\AppData\Local\Programs\MiKTeX 2.9\tex\generic\pgf\basiclayer\pg
fcorepatterns.code.tex"
File: pgfcorepatterns.code.tex 2013/11/07  (rcs-revision 1.5)
)))
("C:\Users\User\AppData\Local\Programs\MiKTeX 2.9\tex\generic\pgf\modules\pgfmo
duleshapes.code.tex"
File: pgfmoduleshapes.code.tex 2014/03/21  (rcs-revision 1.35)
\pgfnodeparttextbox=\box36
)
("C:\Users\User\AppData\Local\Programs\MiKTeX 2.9\tex\generic\pgf\modules\pgfmo
duleplot.code.tex"
File: pgfmoduleplot.code.tex 2015/08/03  (rcs-revision 1.13)
)
("C:\Users\User\AppData\Local\Programs\MiKTeX 2.9\tex\latex\pgf\compatibility\p
gfcomp-version-0-65.sty"
Package: pgfcomp-version-0-65 2007/07/03 v3.0.1a (rcs-revision 1.7)
\pgf@nodesepstart=\dimen165
\pgf@nodesepend=\dimen166
)
("C:\Users\User\AppData\Local\Programs\MiKTeX 2.9\tex\latex\pgf\compatibility\p
gfcomp-version-1-18.sty"
Package: pgfcomp-version-1-18 2007/07/23 v3.0.1a (rcs-revision 1.1)
))
("C:\Users\User\AppData\Local\Programs\MiKTeX 2.9\tex\latex\pgf\utilities\pgffo
r.sty"
("C:\Users\User\AppData\Local\Programs\MiKTeX 2.9\tex\latex\pgf\utilities\pgfke
ys.sty"
("C:\Users\User\AppData\Local\Programs\MiKTeX 2.9\tex\generic\pgf\utilities\pgf
keys.code.tex"))
("C:\Users\User\AppData\Local\Programs\MiKTeX 2.9\tex\latex\pgf\math\pgfmath.st
y"
("C:\Users\User\AppData\Local\Programs\MiKTeX 2.9\tex\generic\pgf\math\pgfmath.
code.tex"))
("C:\Users\User\AppData\Local\Programs\MiKTeX 2.9\tex\generic\pgf\utilities\pgf
for.code.tex"
Package: pgffor 2013/12/13 v3.0.1a (rcs-revision 1.25)

("C:\Users\User\AppData\Local\Programs\MiKTeX 2.9\tex\generic\pgf\math\pgfmath.
code.tex")
\pgffor@iter=\dimen167
\pgffor@skip=\dimen168
\pgffor@stack=\toks48
\pgffor@toks=\toks49
))
("C:\Users\User\AppData\Local\Programs\MiKTeX 2.9\tex\generic\pgf\frontendlayer
\tikz\tikz.code.tex"
Package: tikz 2015/08/07 v3.0.1a (rcs-revision 1.151)

("C:\Users\User\AppData\Local\Programs\MiKTeX 2.9\tex\generic\pgf\libraries\pgf
libraryplothandlers.code.tex"
File: pgflibraryplothandlers.code.tex 2013/08/31 v3.0.1a (rcs-revision 1.20)
\pgf@plot@mark@count=\count124
\pgfplotmarksize=\dimen169
)
\tikz@lastx=\dimen170
\tikz@lasty=\dimen171
\tikz@lastxsaved=\dimen172
\tikz@lastysaved=\dimen173
\tikzleveldistance=\dimen174
\tikzsiblingdistance=\dimen175
\tikz@figbox=\box37
\tikz@figbox@bg=\box38
\tikz@tempbox=\box39
\tikz@tempbox@bg=\box40
\tikztreelevel=\count125
\tikznumberofchildren=\count126
\tikznumberofcurrentchild=\count127
\tikz@fig@count=\count128

("C:\Users\User\AppData\Local\Programs\MiKTeX 2.9\tex\generic\pgf\modules\pgfmo
dulematrix.code.tex"
File: pgfmodulematrix.code.tex 2013/09/17  (rcs-revision 1.8)
\pgfmatrixcurrentrow=\count129
\pgfmatrixcurrentcolumn=\count130
\pgf@matrix@numberofcolumns=\count131
)
\tikz@expandcount=\count132

("C:\Users\User\AppData\Local\Programs\MiKTeX 2.9\tex\generic\pgf\frontendlayer
\tikz\libraries\tikzlibrarytopaths.code.tex"
File: tikzlibrarytopaths.code.tex 2008/06/17 v3.0.1a (rcs-revision 1.2)
)))
("C:\Users\User\AppData\Local\Programs\MiKTeX 2.9\tex\latex\algorithms\algorith
m.sty"
Package: algorithm 2009/08/24 v0.1 Document Style `algorithm' - floating enviro
nment

("C:\Users\User\AppData\Local\Programs\MiKTeX 2.9\tex\latex\float\float.sty"
Package: float 2001/11/08 v1.3d Float enhancements (AL)
\c@float@type=\count133
\float@exts=\toks50
\float@box=\box41
\@float@everytoks=\toks51
\@floatcapt=\box42
)
("C:\Users\User\AppData\Local\Programs\MiKTeX 2.9\tex\latex\base\ifthen.sty"
Package: ifthen 2014/09/29 v1.1c Standard LaTeX ifthen package (DPC)
)
\@float@every@algorithm=\toks52
\c@algorithm=\count134
)
("C:\Users\User\AppData\Local\Programs\MiKTeX 2.9\tex\latex\algorithmicx\algpse
udocode.sty"
Package: algpseudocode 

("C:\Users\User\AppData\Local\Programs\MiKTeX 2.9\tex\latex\algorithmicx\algori
thmicx.sty"
Package: algorithmicx 2005/04/27 v1.2 Algorithmicx

Document Style algorithmicx 1.2 - a greatly improved `algorithmic' style
\c@ALG@line=\count135
\c@ALG@rem=\count136
\c@ALG@nested=\count137
\ALG@tlm=\skip46
\ALG@thistlm=\skip47
\c@ALG@Lnr=\count138
\c@ALG@blocknr=\count139
\c@ALG@storecount=\count140
\c@ALG@tmpcounter=\count141
\ALG@tmplength=\skip48
)
Document Style - pseudocode environments for use with the `algorithmicx' style
)
("C:\Users\User\AppData\Local\Programs\MiKTeX 2.9\tex\latex\pdfpages\pdfpages.s
ty"
Package: pdfpages 2015/09/18 v0.5d Insert pages of external PDF documents (AM)
 ("C:\Users\User\AppData\Local\Programs\MiKTeX 2.9\tex\latex\tools\calc.sty"
Package: calc 2014/10/28 v4.3 Infix arithmetic (KKT,FJ)
\calc@Acount=\count142
\calc@Bcount=\count143
\calc@Adimen=\dimen176
\calc@Bdimen=\dimen177
\calc@Askip=\skip49
\calc@Bskip=\skip50
LaTeX Info: Redefining \setlength on input line 80.
LaTeX Info: Redefining \addtolength on input line 81.
\calc@Ccount=\count144
\calc@Cskip=\skip51
)
("C:\Users\User\AppData\Local\Programs\MiKTeX 2.9\tex\latex\eso-pic\eso-pic.sty
"
Package: eso-pic 2015/07/21 v2.0g eso-pic (RN)

("C:\Users\User\AppData\Local\Programs\MiKTeX 2.9\tex\generic\oberdiek\atbegshi
.sty"
Package: atbegshi 2011/10/05 v1.16 At begin shipout hook (HO)
))
\AM@pagewidth=\dimen178
\AM@pageheight=\dimen179

("C:\Users\User\AppData\Local\Programs\MiKTeX 2.9\tex\latex\pdfpages\pppdftex.d
ef"
File: pppdftex.def 2015/09/18 v0.5d Pdfpages driver for pdfTeX (AM)
)
\AM@pagebox=\box43
\AM@toc@title=\toks53
\c@AM@survey=\count145
\AM@templatesizebox=\box44
)
("C:\Users\User\AppData\Local\Programs\MiKTeX 2.9\tex\latex\multirow\multirow.s
ty"
\bigstrutjot=\dimen180
)
("C:\Users\User\AppData\Local\Programs\MiKTeX 2.9\tex\latex\hyperref\hyperref.s
ty"
Package: hyperref 2012/11/06 v6.83m Hypertext links for LaTeX

("C:\Users\User\AppData\Local\Programs\MiKTeX 2.9\tex\generic\oberdiek\hobsub-h
yperref.sty"
Package: hobsub-hyperref 2012/04/25 v1.12 Bundle oberdiek, subset hyperref (HO)


("C:\Users\User\AppData\Local\Programs\MiKTeX 2.9\tex\generic\oberdiek\hobsub-g
eneric.sty"
Package: hobsub-generic 2012/04/25 v1.12 Bundle oberdiek, subset generic (HO)
Package: hobsub 2012/04/25 v1.12 Construct package bundles (HO)
Package hobsub Info: Skipping package `infwarerr' (already loaded).
Package hobsub Info: Skipping package `ltxcmds' (already loaded).
Package hobsub Info: Skipping package `ifluatex' (already loaded).
Package: ifvtex 2010/03/01 v1.5 Detect VTeX and its facilities (HO)
Package ifvtex Info: VTeX not detected.
Package: intcalc 2007/09/27 v1.1 Expandable calculations with integers (HO)
Package hobsub Info: Skipping package `ifpdf' (already loaded).
Package hobsub Info: Skipping package `etexcmds' (already loaded).
Package hobsub Info: Skipping package `kvsetkeys' (already loaded).
Package hobsub Info: Skipping package `kvdefinekeys' (already loaded).
Package hobsub Info: Skipping package `pdftexcmds' (already loaded).
Package: pdfescape 2011/11/25 v1.13 Implements pdfTeX's escape features (HO)
Package: bigintcalc 2012/04/08 v1.3 Expandable calculations on big integers (HO
)
Package: bitset 2011/01/30 v1.1 Handle bit-vector datatype (HO)
Package: uniquecounter 2011/01/30 v1.2 Provide unlimited unique counter (HO)
)
Package hobsub Info: Skipping package `hobsub' (already loaded).
Package: letltxmacro 2010/09/02 v1.4 Let assignment for LaTeX macros (HO)
Package: hopatch 2011/06/24 v1.1 Wrapper for package hooks (HO)
Package: xcolor-patch 2011/01/30 xcolor patch
Package: atveryend 2011/06/30 v1.8 Hooks at the very end of document (HO)
Package atveryend Info: \enddocument detected (standard20110627).
Package hobsub Info: Skipping package `atbegshi' (already loaded).
Package: refcount 2011/10/16 v3.4 Data extraction from label references (HO)
Package: hycolor 2011/01/30 v1.7 Color options for hyperref/bookmark (HO)
)
("C:\Users\User\AppData\Local\Programs\MiKTeX 2.9\tex\generic\ifxetex\ifxetex.s
ty"
Package: ifxetex 2010/09/12 v0.6 Provides ifxetex conditional
)
("C:\Users\User\AppData\Local\Programs\MiKTeX 2.9\tex\latex\oberdiek\auxhook.st
y"
Package: auxhook 2011/03/04 v1.3 Hooks for auxiliary files (HO)
)
\@linkdim=\dimen181
\Hy@linkcounter=\count146
\Hy@pagecounter=\count147

("C:\Users\User\AppData\Local\Programs\MiKTeX 2.9\tex\latex\hyperref\pd1enc.def
"
File: pd1enc.def 2012/11/06 v6.83m Hyperref: PDFDocEncoding definition (HO)
)
\Hy@SavedSpaceFactor=\count148

("C:\Users\User\AppData\Local\Programs\MiKTeX 2.9\tex\latex\00miktex\hyperref.c
fg"
File: hyperref.cfg 2002/06/06 v1.2 hyperref configuration of TeXLive
)
Package hyperref Info: Hyper figures OFF on input line 4443.
Package hyperref Info: Link nesting OFF on input line 4448.
Package hyperref Info: Hyper index ON on input line 4451.
Package hyperref Info: Plain pages OFF on input line 4458.
Package hyperref Info: Backreferencing OFF on input line 4463.
Package hyperref Info: Implicit mode ON; LaTeX internals redefined.
Package hyperref Info: Bookmarks ON on input line 4688.
\c@Hy@tempcnt=\count149
LaTeX Info: Redefining \url on input line 5041.
\XeTeXLinkMargin=\dimen182
\Fld@menulength=\count150
\Field@Width=\dimen183
\Fld@charsize=\dimen184
Package hyperref Info: Hyper figures OFF on input line 6295.
Package hyperref Info: Link nesting OFF on input line 6300.
Package hyperref Info: Hyper index ON on input line 6303.
Package hyperref Info: backreferencing OFF on input line 6310.
Package hyperref Info: Link coloring OFF on input line 6315.
Package hyperref Info: Link coloring with OCG OFF on input line 6320.
Package hyperref Info: PDF/A mode OFF on input line 6325.
LaTeX Info: Redefining \ref on input line 6365.
LaTeX Info: Redefining \pageref on input line 6369.


Package hyperref Warning: Option `pdfpagelabels' is turned off
(hyperref)                because \thepage is undefined.

\c@Item=\count151
\c@Hfootnote=\count152
)

Package hyperref Message: Driver (autodetected): hpdftex.


("C:\Users\User\AppData\Local\Programs\MiKTeX 2.9\tex\latex\hyperref\hpdftex.de
f"
File: hpdftex.def 2012/11/06 v6.83m Hyperref driver for pdfTeX
\Fld@listcount=\count153
\c@bookmark@seq@number=\count154

("C:\Users\User\AppData\Local\Programs\MiKTeX 2.9\tex\latex\oberdiek\rerunfilec
heck.sty"
Package: rerunfilecheck 2011/04/15 v1.7 Rerun checks for auxiliary files (HO)
Package uniquecounter Info: New unique counter `rerunfilecheck' on input line 2
82.
)
\Hy@SectionHShift=\skip52
)
("C:\Users\User\AppData\Local\Programs\MiKTeX 2.9\tex\latex\tools\tabularx.sty"
Package: tabularx 2014/10/28 v2.10 `tabularx' package (DPC)
("C:\Users\User\AppData\Local\Programs\MiKTeX 2.9\tex\latex\tools\array.sty"
Package: array 2014/10/28 v2.4c Tabular extension package (FMi)
\col@sep=\dimen185
\extrarowheight=\dimen186
\NC@list=\toks54
\extratabsurround=\skip53
\backup@length=\skip54
)
\TX@col@width=\dimen187
\TX@old@table=\dimen188
\TX@old@col=\dimen189
\TX@target=\dimen190
\TX@delta=\dimen191
\TX@cols=\count155
\TX@ftn=\toks55
)
("C:\Users\User\AppData\Local\Programs\MiKTeX 2.9\tex\latex\colortbl\colortbl.s
ty"
Package: colortbl 2012/02/13 v1.0a Color table columns (DPC)
\everycr=\toks56
\minrowclearance=\skip55
)
("C:\Users\User\AppData\Local\Programs\MiKTeX 2.9\tex\latex\tools\hhline.sty"
Package: hhline 2014/10/28 v2.03 Table rule package (DPC)
)
("C:\Users\User\AppData\Local\Programs\MiKTeX 2.9\tex\generic\pgf\frontendlayer
\tikz\libraries\tikzlibraryshapes.geometric.code.tex"
File: tikzlibraryshapes.geometric.code.tex 2008/01/09 v3.0.1a (rcs-revision 1.1
)

("C:\Users\User\AppData\Local\Programs\MiKTeX 2.9\tex\generic\pgf\libraries\sha
pes\pgflibraryshapes.geometric.code.tex"
File: pgflibraryshapes.geometric.code.tex 2008/06/26 v3.0.1a (rcs-revision 1.1)

))
("C:\Users\User\AppData\Local\Programs\MiKTeX 2.9\tex\generic\pgf\frontendlayer
\tikz\libraries\tikzlibraryarrows.code.tex"
File: tikzlibraryarrows.code.tex 2008/01/09 v3.0.1a (rcs-revision 1.1)

("C:\Users\User\AppData\Local\Programs\MiKTeX 2.9\tex\generic\pgf\libraries\pgf
libraryarrows.code.tex"
File: pgflibraryarrows.code.tex 2013/09/23 v3.0.1a (rcs-revision 1.16)
\arrowsize=\dimen192
)) (sig-alternate-sample.aux

LaTeX Warning: Label `blostein_97' multiply defined.


LaTeX Warning: Label `Garain_07' multiply defined.

)
\openout1 = `sig-alternate-sample.aux'.

LaTeX Font Info:    Checking defaults for OML/cmm/m/it on input line 80.
LaTeX Font Info:    ... okay on input line 80.
LaTeX Font Info:    Checking defaults for T1/cmr/m/n on input line 80.
LaTeX Font Info:    ... okay on input line 80.
LaTeX Font Info:    Checking defaults for OT1/cmr/m/n on input line 80.
LaTeX Font Info:    ... okay on input line 80.
LaTeX Font Info:    Checking defaults for OMS/cmsy/m/n on input line 80.
LaTeX Font Info:    ... okay on input line 80.
LaTeX Font Info:    Checking defaults for OMX/cmex/m/n on input line 80.
LaTeX Font Info:    ... okay on input line 80.
LaTeX Font Info:    Checking defaults for U/cmr/m/n on input line 80.
LaTeX Font Info:    ... okay on input line 80.
LaTeX Font Info:    Checking defaults for TS1/cmr/m/n on input line 80.
LaTeX Font Info:    ... okay on input line 80.
LaTeX Font Info:    Checking defaults for PD1/pdf/m/n on input line 80.
LaTeX Font Info:    ... okay on input line 80.

("C:\Users\User\AppData\Local\Programs\MiKTeX 2.9\tex\context\base\supp-pdf.mki
i"
[Loading MPS to PDF converter (version 2006.09.02).]
\scratchcounter=\count156
\scratchdimen=\dimen193
\scratchbox=\box45
\nofMPsegments=\count157
\nofMParguments=\count158
\everyMPshowfont=\toks57
\MPscratchCnt=\count159
\MPscratchDim=\dimen194
\MPnumerator=\count160
\makeMPintoPDFobject=\count161
\everyMPtoPDFconversion=\toks58
)
Package caption Info: Begin \AtBeginDocument code.
Package caption Info: float package is loaded.
Package caption Info: hyperref package is loaded.
Package caption Info: End \AtBeginDocument code.
 ABD: EveryShipout initializing macros
\AtBeginShipoutBox=\box46

("C:\Users\User\AppData\Local\Programs\MiKTeX 2.9\tex\latex\oberdiek\pdflscape.
sty"
Package: pdflscape 2008/08/11 v0.10 Display of landscape pages in PDF (HO)

("C:\Users\User\AppData\Local\Programs\MiKTeX 2.9\tex\latex\graphics\lscape.sty
"
Package: lscape 2000/10/22 v3.01 Landscape Pages (DPC)
)
Package pdflscape Info: Auto-detected driver: pdftex on input line 80.
)

Package hyperref Warning: Height of page (\paperheight) is invalid (0.0pt),
(hyperref)                using 11in.

Package hyperref Info: Link coloring OFF on input line 80.

("C:\Users\User\AppData\Local\Programs\MiKTeX 2.9\tex\latex\hyperref\nameref.st
y"
Package: nameref 2012/10/27 v2.43 Cross-referencing by name of section

("C:\Users\User\AppData\Local\Programs\MiKTeX 2.9\tex\generic\oberdiek\gettitle
string.sty"
Package: gettitlestring 2010/12/03 v1.4 Cleanup title references (HO)
)
\c@section@level=\count162
)
LaTeX Info: Redefining \ref on input line 80.
LaTeX Info: Redefining \pageref on input line 80.
LaTeX Info: Redefining \nameref on input line 80.
 (sig-alternate-sample.out) (sig-alternate-sample.out)
\@outlinefile=\write5
\openout5 = `sig-alternate-sample.out'.

LaTeX Font Info:    Try loading font information for U+msa on input line 170.

("C:\Users\User\AppData\Local\Programs\MiKTeX 2.9\tex\latex\amsfonts\umsa.fd"
File: umsa.fd 2013/01/14 v3.01 AMS symbols A
)
LaTeX Font Info:    Try loading font information for U+msb on input line 170.

("C:\Users\User\AppData\Local\Programs\MiKTeX 2.9\tex\latex\amsfonts\umsb.fd"
File: umsb.fd 2013/01/14 v3.01 AMS symbols B
)
LaTeX Font Info:    Try loading font information for T1+ptm on input line 170.

("C:\Users\User\AppData\Local\Programs\MiKTeX 2.9\tex\latex\psnfss\t1ptm.fd"
File: t1ptm.fd 2001/06/04 font definitions for T1/ptm.
)
LaTeX Font Info:    Try loading font information for OMS+ptm on input line 170.


("C:\Users\User\AppData\Local\Programs\MiKTeX 2.9\tex\latex\psnfss\omsptm.fd"
File: omsptm.fd 
)
LaTeX Font Info:    Font shape `OMS/ptm/m/n' in size <7> not available
(Font)              Font shape `OMS/cmsy/m/n' tried instead on input line 170.

Overfull \hbox (1.21324pt too wide) in paragraph at lines 247--250
\T1/aer/m/n/9 sim-i-larly Guo et. al.[[]13[]] de-vel-oped a Gaus-sian mix-ture 
model
 []


Underfull \vbox (badness 10000) has occurred while \output is active []

 [1{C:/Users/User/AppData/Local/MiKTeX/2.9/pdftex/config/pdftex.map}


]
Overfull \hbox (44.37639pt too wide) in paragraph at lines 251--253
\T1/aer/m/n/9 only in math-e-mat-i-cal equa-tion. In even-tual seg-men-ta-tion/
classification,
 []


Overfull \hbox (1.33966pt too wide) in paragraph at lines 255--257
\T1/aer/m/n/9 chem-i-cal for-mula from scanned im-age. They have used chem-
 []

<simage.png, id=130, 1807.75375pt x 403.5075pt>
File: simage.png Graphic file (type png)
 <use simage.png>
Package pdftex.def Info: simage.png used on input line 292.
(pdftex.def)             Requested size: 226.79846pt x 50.62302pt.

<hProj.png, id=131, 1807.75375pt x 403.5075pt>
File: hProj.png Graphic file (type png)
 <use hProj.png>
Package pdftex.def Info: hProj.png used on input line 294.
(pdftex.def)             Requested size: 226.79846pt x 50.62302pt.


LaTeX Warning: `h' float specifier changed to `ht'.

File: simage.png Graphic file (type png)
<use simage.png>
Package pdftex.def Info: simage.png used on input line 307.
(pdftex.def)             Requested size: 226.79846pt x 50.62302pt.
 <histogram.png, id=132, 884.55469pt x 441.90094pt>
File: histogram.png Graphic file (type png)

<use histogram.png>
Package pdftex.def Info: histogram.png used on input line 309.
(pdftex.def)             Requested size: 226.79846pt x 113.30022pt.

Overfull \hbox (18.84293pt too wide) detected at line 334
\OML/cmm/m/it/9 F\OT1/cmr/m/n/9 (\OML/cmm/m/it/9 C[]; C[]\OT1/cmr/m/n/9 ) = []
 []

pdfTeX warning (ext4): destination with the same identifier (name{page.}) has b
een already used, duplicate ignored
<to be read again> 
                   \relax 
l.342 \[D(C_a,C_b) = L(C_b) - R(C_a)\]
                                       [2 <./simage.png (PNG copy)> <./hProj.pn
g (PNG copy)> <./histogram.png>] <blob.png, id=152, 1355.8153pt x 302.63063pt>
File: blob.png Graphic file (type png)

<use blob.png>
Package pdftex.def Info: blob.png used on input line 360.
(pdftex.def)             Requested size: 226.79846pt x 50.61993pt.
 <singleChar.png, id=158, 1355.8153pt x 302.63063pt>
File: singleChar.png Graphic file (type png)

<use singleChar.png>
Package pdftex.def Info: singleChar.png used on input line 386.
(pdftex.def)             Requested size: 226.79846pt x 50.61993pt.
Missing character: There is no â in font cmr9!
Missing character: There is no € in font cmr9!
Missing character: There is no ˜ in font cmr9!
Missing character: There is no â in font cmr9!
Missing character: There is no € in font cmr9!
Missing character: There is no ™ in font cmr9!
Missing character: There is no â in font cmr9!
Missing character: There is no € in font cmr9!
Missing character: There is no ˜ in font cmr9!
Missing character: There is no â in font cmr9!
Missing character: There is no € in font cmr9!
Missing character: There is no ™ in font cmr9!
Missing character: There is no â in font cmr9!
Missing character: There is no € in font cmr9!
Missing character: There is no ˜ in font cmr9!
Missing character: There is no â in font cmr9!
Missing character: There is no € in font cmr9!
Missing character: There is no ™ in font cmr9!
 <singleCharafterEuler.png, id=162, 1758.57pt x 445.665pt>
File: singleCharafterEuler.png Graphic file (type png)

<use singleCharafterEuler.png>
Package pdftex.def Info: singleCharafterEuler.png used on input line 398.
(pdftex.def)             Requested size: 226.79846pt x 57.47606pt.


LaTeX Warning: `h' float specifier changed to `ht'.

<plus.png, id=165, 17.31468pt x 18.0675pt>
File: plus.png Graphic file (type png)
 <use plus.png>
Package pdftex.def Info: plus.png used on input line 411.
(pdftex.def)             Requested size: 14.45386pt x 14.45372pt.

<plusH.png, id=166, 38.1425pt x 38.1425pt>
File: plusH.png Graphic file (type png)
 <use plusH.png>
Package pdftex.def Info: plusH.png used on input line 412.
(pdftex.def)             Requested size: 14.45355pt x 14.45355pt.

<plusV.png, id=167, 38.1425pt x 38.1425pt>
File: plusV.png Graphic file (type png)
 <use plusV.png>
Package pdftex.def Info: plusV.png used on input line 413.
(pdftex.def)             Requested size: 14.45355pt x 14.45355pt.

<minus.png, id=168, 24.09pt x 3.01125pt>
File: minus.png Graphic file (type png)
 <use minus.png>
Package pdftex.def Info: minus.png used on input line 414.
(pdftex.def)             Requested size: 14.45372pt x 1.44565pt.

<minusH.png, id=169, 24.09pt x 3.01125pt>
File: minusH.png Graphic file (type png)
 <use minusH.png>
Package pdftex.def Info: minusH.png used on input line 415.
(pdftex.def)             Requested size: 14.45372pt x 1.44565pt.

<minusV.png, id=170, 24.09pt x 3.01125pt>
File: minusV.png Graphic file (type png)
 <use minusV.png>
Package pdftex.def Info: minusV.png used on input line 416.
(pdftex.def)             Requested size: 14.45372pt x 1.44565pt.

<arrow.png, id=171, 26.34843pt x 9.03375pt>
File: arrow.png Graphic file (type png)
 <use arrow.png>
Package pdftex.def Info: arrow.png used on input line 417.
(pdftex.def)             Requested size: 14.45387pt x 3.6137pt.

<arrowH.png, id=172, 35.13126pt x 12.045pt>
File: arrowH.png Graphic file (type png)
 <use arrowH.png>
Package pdftex.def Info: arrowH.png used on input line 418.
(pdftex.def)             Requested size: 14.45375pt x 3.6137pt.

<arrowV.png, id=173, 35.13126pt x 12.045pt>
File: arrowV.png Graphic file (type png)
 <use arrowV.png>
Package pdftex.def Info: arrowV.png used on input line 419.
(pdftex.def)             Requested size: 14.45375pt x 3.6137pt.

Overfull \hbox (8.89934pt too wide) in paragraph at lines 434--435
[]\T1/aer/m/n/9 The hor-i-zon-tal and ver-ti-cal pro-jec-tion pro-files (see Fi
g. []6[])
 []


Overfull \hbox (9.47789pt too wide) in paragraph at lines 444--445
\T1/aer/m/n/9 nected com-po-nent in $\OML/cmm/m/it/9 I[]$\T1/aer/m/n/9 , if a p
ixel has a sin-gle 8-connected
 []

pdfTeX warning (ext4): destination with the same identifier (name{page.}) has b
een already used, duplicate ignored
<to be read again> 
                   \relax 
l.445  \end{itemize}
                     [3 <./blob.png> <./singleChar.png> <./singleCharafterEuler
.png (PNG copy)> <./plus.png> <./plusH.png (PNG copy)> <./plusV.png (PNG copy)>
 <./minus.png (PNG copy)> <./minusH.png (PNG copy)> <./minusV.png (PNG copy)> <
./arrow.png> <./arrowH.png (PNG copy)> <./arrowV.png (PNG copy)>]
<nn.png, id=186, 422.32782pt x 145.29282pt>
File: nn.png Graphic file (type png)
 <use nn.png>
Package pdftex.def Info: nn.png used on input line 468.
(pdftex.def)             Requested size: 226.79846pt x 78.02684pt.

<operator.png, id=192, 1318.9275pt x 334.24875pt>
File: operator.png Graphic file (type png)
 <use operator.png>
Package pdftex.def Info: operator.png used on input line 507.
(pdftex.def)             Requested size: 226.79846pt x 57.47435pt.


LaTeX Warning: `h' float specifier changed to `ht'.

<equation.png, id=195, 1209.76968pt x 56.46094pt>
File: equation.png Graphic file (type png)
 <use equation.png>
Package pdftex.def Info: equation.png used on input line 524.
(pdftex.def)             Requested size: 226.79846pt x 10.58467pt.

<equationOperands.png, id=196, 1209.76968pt x 56.46094pt>
File: equationOperands.png Graphic file (type png)

<use equationOperands.png>
Package pdftex.def Info: equationOperands.png used on input line 526.
(pdftex.def)             Requested size: 226.79846pt x 10.58467pt.

<equationNumber.png, id=197, 1209.01688pt x 61.73062pt>
File: equationNumber.png Graphic file (type png)

<use equationNumber.png>
Package pdftex.def Info: equationNumber.png used on input line 528.
(pdftex.def)             Requested size: 226.79846pt x 11.58011pt.
 <hrlsaRemoval.png, id=198, 1209.76968pt x 56.46094pt>
File: hrlsaRemoval.png Graphic file (type png)

<use hrlsaRemoval.png>
Package pdftex.def Info: hrlsaRemoval.png used on input line 530.
(pdftex.def)             Requested size: 226.79846pt x 10.58467pt.

Overfull \hbox (9.43732pt too wide) in paragraph at lines 566--578
\T1/aer/m/n/9 zones; namely up-per zone, mid-dle zone and lower zone (Fig. []10
[])
 []

pdfTeX warning (ext4): destination with the same identifier (name{page.}) has b
een already used, duplicate ignored
<to be read again> 
                   \relax 
l.578 
       [4 <./nn.png> <./operator.png> <./equation.png> <./equationOperands.png>
 <./equationNumber.png> <./hrlsaRemoval.png>]
<supSub.png, id=223, 469.755pt x 45.92157pt>
File: supSub.png Graphic file (type png)
 <use supSub.png>
Package pdftex.def Info: supSub.png used on input line 583.
(pdftex.def)             Requested size: 226.79846pt x 22.17102pt.

<flowchart.png, id=225, 1885.79532pt x 1422.0628pt>
File: flowchart.png Graphic file (type png)
 <use flowchart.png>
Package pdftex.def Info: flowchart.png used on input line 627.
(pdftex.def)             Requested size: 226.79846pt x 171.00905pt.


LaTeX Warning: `h' float specifier changed to `ht'.

<arrow_img.png, id=226, 705.63625pt x 63.23625pt>
File: arrow_img.png Graphic file (type png)
 <use arrow_img.png>
Package pdftex.def Info: arrow_img.png used on input line 640.
(pdftex.def)             Requested size: 226.79846pt x 20.32477pt.

<closed_arrow_img.png, id=227, 705.63625pt x 63.23625pt>
File: closed_arrow_img.png Graphic file (type png)

<use closed_arrow_img.png>
Package pdftex.def Info: closed_arrow_img.png used on input line 642.
(pdftex.def)             Requested size: 226.79846pt x 20.32477pt.
 <op_marked.png, id=228, 529.22719pt x 47.42719pt>
File: op_marked.png Graphic file (type png)

<use op_marked.png>
Package pdftex.def Info: op_marked.png used on input line 644.
(pdftex.def)             Requested size: 226.79846pt x 20.32454pt.
 <arrow_detected.png, id=229, 529.22719pt x 47.42719pt>
File: arrow_detected.png Graphic file (type png)

<use arrow_detected.png>
Package pdftex.def Info: arrow_detected.png used on input line 646.
(pdftex.def)             Requested size: 226.79846pt x 20.32454pt.


LaTeX Warning: `h' float specifier changed to `ht'.


LaTeX Warning: No positions in optional float specifier.
               Default added (so using `tbp') on input line 660.

<sampleDocument.png, id=235, 1528.96219pt x 703.87968pt>
File: sampleDocument.png Graphic file (type png)

<use sampleDocument.png>
Package pdftex.def Info: sampleDocument.png used on input line 664.
(pdftex.def)             Requested size: 226.79846pt x 104.4067pt.
 <DCE.png, id=236, 1528.96219pt x 703.87968pt>
File: DCE.png Graphic file (type png)

<use DCE.png>
Package pdftex.def Info: DCE.png used on input line 666.
(pdftex.def)             Requested size: 226.79846pt x 104.4067pt.
 <directOCR.jpg, id=237, 212.2329pt x 113.9457pt>
File: directOCR.jpg Graphic file (type jpg)

<use directOCR.jpg>
Package pdftex.def Info: directOCR.jpg used on input line 669.
(pdftex.def)             Requested size: 226.79846pt x 121.77289pt.
pdfTeX warning (ext4): destination with the same identifier (name{page.}) has b
een already used, duplicate ignored
<to be read again> 
                   \relax 
l.697 
       [5 <./supSub.png> <./flowchart.png> <./arrow_img.png (PNG copy)> <./clos
ed_arrow_img.png (PNG copy)> <./op_marked.png> <./arrow_detected.png>]
<chemEqParts.png, id=257, 389.20406pt x 145.29282pt>
File: chemEqParts.png Graphic file (type png)
 <use chemEqParts.png>
Package pdftex.def Info: chemEqParts.png used on input line 840.
(pdftex.def)             Requested size: 226.79846pt x 84.66893pt.

Overfull \hbox (4.04866pt too wide) in paragraph at lines 856--857
[]\T1/aer/m/n/9 Numeric co-ef-fi-cient de-notes the num-ber of molecules/atoms
 []

pdfTeX warning (ext4): destination with the same identifier (name{page.}) has b
een already used, duplicate ignored
<to be read again> 
                   \relax 
l.858 \subsubsection
                    {State separation} [6 <./sampleDocument.png> <./DCE.png> <.
/directOCR.jpg> <./chemEqParts.png>]
Package hyperref Info: bookmark level for unknown algorithm defaults to 0 on in
put line 872.

<stateCorrection.png, id=272, 768.62157pt x 488.57532pt>
File: stateCorrection.png Graphic file (type png)

<use stateCorrection.png>
Package pdftex.def Info: stateCorrection.png used on input line 905.
(pdftex.def)             Requested size: 226.79846pt x 144.16574pt.


LaTeX Warning: `h' float specifier changed to `ht'.

<radical.png, id=273, 233.87375pt x 70.2625pt>
File: radical.png Graphic file (type png)
 <use radical.png>
Package pdftex.def Info: radical.png used on input line 916.
(pdftex.def)             Requested size: 126.0pt x 37.85432pt.


LaTeX Warning: `h' float specifier changed to `ht'.

<autoCorrectionPictorial-a.png, id=274, 270.25969pt x 485.56406pt>
File: autoCorrectionPictorial-a.png Graphic file (type png)

<use autoCorrectionPictorial-a.png>
Package pdftex.def Info: autoCorrectionPictorial-a.png used on input line 929.
(pdftex.def)             Requested size: 100.79846pt x 181.10066pt.

<autoCorrectionPictorial-b.png, id=275, 132.495pt x 478.78876pt>
File: autoCorrectionPictorial-b.png Graphic file (type png)

<use autoCorrectionPictorial-b.png>
Package pdftex.def Info: autoCorrectionPictorial-b.png used on input line 930.
(pdftex.def)             Requested size: 100.79846pt x 364.25583pt.


LaTeX Warning: `h' float specifier changed to `ht'.


Underfull \hbox (badness 10000) in paragraph at lines 943--943
[][][][]$\T1/aer/m/n/9 http : / / en . wikipedia . org / wiki / Dictionary _ of
 _ chemical _$
 []

pdfTeX warning (ext4): destination with the same identifier (name{page.}) has b
een already used, duplicate ignored
<to be read again> 
                   \relax 
l.944 
       [7]
Overfull \hbox (2.59543pt too wide) in paragraph at lines 950--953
\T1/aer/m/n/9 and $\OML/cmm/m/it/9 ChemList$ \T1/aer/m/n/9 is com-puted and the
 for-mula unit in $\OML/cmm/m/it/9 Chemlist$
 []


Overfull \hbox (30.25945pt too wide) in paragraph at lines 950--953
\T1/aer/m/n/9 that of the $\OML/cmm/m/it/9 Combinations$ \T1/aer/m/n/9 are con-
sid-ered as $\OML/cmm/m/it/9 PossibleFormulaUnit$\T1/aer/m/n/9 s.
 []


Overfull \hbox (2.2267pt too wide) in paragraph at lines 950--953
$\OML/cmm/m/it/9 Combination$ \T1/aer/m/n/9 (i.e. 4) is con-sid-ered as $\OML/c
mm/m/it/9 PossibleFormulaUnit$\T1/aer/m/n/9 .
 []

<nabr.png, id=302, 27.10126pt x 16.06pt>
File: nabr.png Graphic file (type png)
 <use nabr.png>
Package pdftex.def Info: nabr.png used on input line 958.
(pdftex.def)             Requested size: 50.40308pt x 29.87225pt.

<lcs.png, id=303, 818.0964pt x 529.0164pt>
File: lcs.png Graphic file (type png)
 <use lcs.png>
Package pdftex.def Info: lcs.png used on input line 959.
(pdftex.def)             Requested size: 201.59692pt x 130.35681pt.


LaTeX Warning: `h' float specifier changed to `ht'.


Overfull \hbox (3.06245pt too wide) in paragraph at lines 983--984
[] $\OML/cmm/m/it/8 SubMatch \OMS/cmsy/m/n/8   []\OT1/cmr/m/n/8 (\OML/cmm/m/it/
8 Combinations; ChemList\OT1/cmr/m/n/8 )$ 
 []

<equationContext_1.png, id=310, 779.91376pt x 462.72874pt>
File: equationContext_1.png Graphic file (type png)

<use equationContext_1.png>
Package pdftex.def Info: equationContext_1.png used on input line 1015.
(pdftex.def)             Requested size: 201.59692pt x 119.60762pt.


LaTeX Warning: `h' float specifier changed to `ht'.


Underfull \vbox (badness 1173) has occurred while \output is active []

pdfTeX warning (ext4): destination with the same identifier (name{page.}) has b
een already used, duplicate ignored
<to be read again> 
                   \relax 
l.1028 
        [8 <./stateCorrection.png> <./radical.png> <./autoCorrectionPictorial-a
.png> <./autoCorrectionPictorial-b.png>]
Overfull \hbox (3.71861pt too wide) in paragraph at lines 1036--1037
[]\T1/aer/bx/n/8 pro-ce-dure \T1/aer/m/sc/8 Get-Fi-nalEqn\T1/aer/m/n/8 ($\OML/c
mm/m/it/8 PossibleFormulaUnit$\T1/aer/m/n/8 ,$\OML/cmm/m/it/8 Corrected$\T1/aer
/m/n/8 ) 
 []


Overfull \hbox (3.50177pt too wide) in paragraph at lines 1075--1075
[]\secfnt Generation of chem-i-cal equa-tion in search-
 []


Underfull \hbox (badness 10000) in paragraph at lines 1079--1079
[][][][]$\T1/aer/m/n/9 ftp : / / www . ctan . org / tex-[]archive / macros / la
tex / contrib /$
 []


Overfull \hbox (2.0956pt too wide) in paragraph at lines 1085--1093
[]\T1/aer/m/n/9 We have im-ple-mented our al-go-rithm in MAT-LAB 8.3.0.532
 []

pdfTeX warning (ext4): destination with the same identifier (name{page.}) has b
een already used, duplicate ignored
<to be read again> 
                   \relax 
l.1093 
        [9 <./nabr.png> <./lcs.png> <./equationContext_1.png>]
<correctedFinalEq.jpg, id=347, 241.6227pt x 113.9457pt>
File: correctedFinalEq.jpg Graphic file (type jpg)

<use correctedFinalEq.jpg>
Package pdftex.def Info: correctedFinalEq.jpg used on input line 1106.
(pdftex.def)             Requested size: 226.79846pt x 106.95943pt.
 <n.jpg, id=354, 940.51375pt x 87.32625pt>
File: n.jpg Graphic file (type jpg)

<use n.jpg>
Package pdftex.def Info: n.jpg used on input line 1157.
(pdftex.def)             Requested size: 226.79846pt x 21.05733pt.
 <up.jpg, id=355, 1120.185pt x 121.45375pt>
File: up.jpg Graphic file (type jpg)
 <use up.jpg>
Package pdftex.def Info: up.jpg used on input line 1159.
(pdftex.def)             Requested size: 226.79846pt x 24.58868pt.

<fraction.jpg, id=356, 852.18375pt x 88.33pt>
File: fraction.jpg Graphic file (type jpg)
 <use fraction.jpg>
Package pdftex.def Info: fraction.jpg used on input line 1161.
(pdftex.def)             Requested size: 226.79846pt x 23.50706pt.

<error5.png, id=359, 812.03375pt x 349.305pt>
File: error5.png Graphic file (type png)
 <use error5.png>
Package pdftex.def Info: error5.png used on input line 1175.
(pdftex.def)             Requested size: 226.79846pt x 97.55954pt.


LaTeX Warning: `h' float specifier changed to `ht'.

<5.jpg, id=360, 2098.84125pt x 2754.29pt>
File: 5.jpg Graphic file (type jpg)
 <use 5.jpg>
Package pdftex.def Info: 5.jpg used on input line 1187.
(pdftex.def)             Requested size: 252.0pt x 330.66864pt.

<5copy.png, id=361, 2078.76625pt x 2708.1175pt>
File: 5copy.png Graphic file (type png)
 <use 5copy.png>
Package pdftex.def Info: 5copy.png used on input line 1188.
(pdftex.def)             Requested size: 252.0pt x 328.26588pt.

<5directOCR.pdf, id=362, 614.295pt x 794.97pt>
File: 5directOCR.pdf Graphic file (type pdf)
 <use 5directOCR.pdf>
Package pdftex.def Info: 5directOCR.pdf used on input line 1191.
(pdftex.def)             Requested size: 252.0pt x 326.12177pt.

<finalResult_5.pdf, id=363, 614.295pt x 794.97pt>
File: finalResult_5.pdf Graphic file (type pdf)
 <use finalResult_5.pdf>
Package pdftex.def Info: finalResult_5.pdf used on input line 1192.
(pdftex.def)             Requested size: 252.0pt x 326.12177pt.

Overfull \hbox (23.09998pt too wide) in paragraph at lines 1184--1196
 [] 
 []


LaTeX Warning: Float too large for page by 39.59042pt on input line 1198.


LaTeX Warning: `h' float specifier changed to `ht'.

<6.jpg, id=364, 2081.7775pt x 2737.22626pt>
File: 6.jpg Graphic file (type jpg)
 <use 6.jpg>
Package pdftex.def Info: 6.jpg used on input line 1206.
(pdftex.def)             Requested size: 252.0pt x 331.33488pt.

<6copy.png, id=365, 2066.72125pt x 2697.07625pt>
File: 6copy.png Graphic file (type png)
 <use 6copy.png>
Package pdftex.def Info: 6copy.png used on input line 1207.
(pdftex.def)             Requested size: 252.0pt x 328.86174pt.

<6directOCR.pdf, id=366, 614.295pt x 794.97pt>
File: 6directOCR.pdf Graphic file (type pdf)
 <use 6directOCR.pdf>
Package pdftex.def Info: 6directOCR.pdf used on input line 1210.
(pdftex.def)             Requested size: 252.0pt x 326.12177pt.

<finalResult_6.pdf, id=367, 614.295pt x 794.97pt>
File: finalResult_6.pdf Graphic file (type pdf)
 <use finalResult_6.pdf>
Package pdftex.def Info: finalResult_6.pdf used on input line 1211.
(pdftex.def)             Requested size: 252.0pt x 326.12177pt.

Overfull \hbox (23.09998pt too wide) in paragraph at lines 1203--1215
 [] 
 []


LaTeX Warning: Float too large for page by 40.25667pt on input line 1217.


LaTeX Warning: `h' float specifier changed to `ht'.

<11.jpg, id=368, 1908.12875pt x 2570.60374pt>
File: 11.jpg Graphic file (type jpg)
 <use 11.jpg>
Package pdftex.def Info: 11.jpg used on input line 1224.
(pdftex.def)             Requested size: 252.0pt x 339.48549pt.

<11copy.png, id=369, 1896.08376pt x 2522.42375pt>
File: 11copy.png Graphic file (type png)
 <use 11copy.png>
Package pdftex.def Info: 11copy.png used on input line 1225.
(pdftex.def)             Requested size: 252.0pt x 335.23952pt.

<11directOCR.pdf, id=370, 614.295pt x 794.97pt>
File: 11directOCR.pdf Graphic file (type pdf)
 <use 11directOCR.pdf>
Package pdftex.def Info: 11directOCR.pdf used on input line 1228.
(pdftex.def)             Requested size: 252.0pt x 326.12177pt.

<finalResult_11.pdf, id=371, 614.295pt x 794.97pt>
File: finalResult_11.pdf Graphic file (type pdf)
 <use finalResult_11.pdf>
Package pdftex.def Info: finalResult_11.pdf used on input line 1229.
(pdftex.def)             Requested size: 252.0pt x 326.12177pt.

Overfull \hbox (23.09998pt too wide) in paragraph at lines 1221--1233
 [] 
 []


LaTeX Warning: Float too large for page by 48.40727pt on input line 1235.


LaTeX Warning: `h' float specifier changed to `ht'.

<23.jpg, id=372, 2039.62pt x 2737.22626pt>
File: 23.jpg Graphic file (type jpg)
 <use 23.jpg>
Package pdftex.def Info: 23.jpg used on input line 1241.
(pdftex.def)             Requested size: 252.0pt x 338.18462pt.

<23copy.png, id=373, 2018.54124pt x 2682.02pt>
File: 23copy.png Graphic file (type png)
 <use 23copy.png>
Package pdftex.def Info: 23copy.png used on input line 1242.
(pdftex.def)             Requested size: 252.0pt x 334.80151pt.

<23directOCR.pdf, id=374, 614.295pt x 794.97pt>
File: 23directOCR.pdf Graphic file (type pdf)
 <use 23directOCR.pdf>
Package pdftex.def Info: 23directOCR.pdf used on input line 1245.
(pdftex.def)             Requested size: 252.0pt x 326.12177pt.

<23finalResult.pdf, id=375, 614.295pt x 794.97pt>
File: 23finalResult.pdf Graphic file (type pdf)
 <use 23finalResult.pdf>
Package pdftex.def Info: 23finalResult.pdf used on input line 1246.
(pdftex.def)             Requested size: 252.0pt x 326.12177pt.

Overfull \hbox (23.09998pt too wide) in paragraph at lines 1238--1250
 [] 
 []


LaTeX Warning: Float too large for page by 47.1064pt on input line 1252.


LaTeX Warning: `h' float specifier changed to `ht'.

pdfTeX warning (ext4): destination with the same identifier (name{page.}) has b
een already used, duplicate ignored
<to be read again> 
                   \relax 
l.1264 
        [10 <./correctedFinalEq.jpg> <./n.jpg> <./up.jpg> <./fraction.jpg>]pdfT
eX warning (ext4): destination with the same identifier (name{page.}) has been 
already used, duplicate ignored
<to be read again> 
                   \relax 
l.1418 \end{document}
                      [11pdfTeX warning (ext4): destination with the same ident
ifier (name{cite.blostein_97}) has been already used, duplicate ignored

\@EveryShipout@Output ...@Org@Shipout \box \@cclv 
                                                  
l.1418 \end{document}
                     pdfTeX warning (ext4): destination with the same identifie
r (name{cite.Garain_07}) has been already used, duplicate ignored

\@EveryShipout@Output ...@Org@Shipout \box \@cclv 
                                                  
l.1418 \end{document}
                      <./error5.png>]
Package atveryend Info: Empty hook `BeforeClearDocument' on input line 1418.
pdfTeX warning (ext4): destination with the same identifier (name{page.}) has b
een already used, duplicate ignored
<to be read again> 
                   \relax 
l.1418 \end{document}
                      [12 <./5.jpg> <./5copy.png> <./5directOCR.pdf> <./finalRe
sult_5.pdf>]pdfTeX warning (ext4): destination with the same identifier (name{p
age.}) has been already used, duplicate ignored
<to be read again> 
                   \relax 
l.1418 \end{document}
                      [13 <./6.jpg> <./6copy.png> <./6directOCR.pdf> <./finalRe
sult_6.pdf>]pdfTeX warning (ext4): destination with the same identifier (name{p
age.}) has been already used, duplicate ignored
<to be read again> 
                   \relax 
l.1418 \end{document}
                      [14 <./11.jpg> <./11copy.png> <./11directOCR.pdf> <./fina
lResult_11.pdf>]pdfTeX warning (ext4): destination with the same identifier (na
me{page.}) has been already used, duplicate ignored
<to be read again> 
                   \relax 
l.1418 \end{document}
                      [15 <./23.jpg> <./23copy.png> <./23directOCR.pdf> <./23fi
nalResult.pdf>]
Package atveryend Info: Empty hook `AfterLastShipout' on input line 1418.
 (sig-alternate-sample.aux)
Package atveryend Info: Empty hook `AtVeryEndDocument' on input line 1418.
Package atveryend Info: Executing hook `AtEndAfterFileList' on input line 1418.



Package rerunfilecheck Warning: File `sig-alternate-sample.out' has changed.
(rerunfilecheck)                Rerun to get outlines right
(rerunfilecheck)                or use package `bookmark'.

Package rerunfilecheck Info: Checksums for `sig-alternate-sample.out':
(rerunfilecheck)             Before: 4CE579BB3CBEEFC2E16D2F00D6287E89;1256
(rerunfilecheck)             After:  C75773CDDF695FCE6703910091DE827F;1201.

LaTeX Warning: There were multiply-defined labels.

Package atveryend Info: Empty hook `AtVeryVeryEnd' on input line 1418.
 ) 
Here is how much of TeX's memory you used:
 20862 strings out of 493634
 393797 string characters out of 3135647
 464210 words of memory out of 3000000
 23655 multiletter control sequences out of 15000+200000
 74497 words of font info for 106 fonts, out of 3000000 for 9000
 1025 hyphenation exceptions out of 8191
 55i,14n,92p,894b,522s stack positions out of 5000i,500n,10000p,200000b,50000s
pdfTeX warning (dest): name{section.6} has been referenced but does not exist
, replaced by a fixed one

{C:/Users/User/AppData/Local/Programs/MiKTeX 2.9/fonts/enc/dvips/fontname/8r.en
c}<C:/Users/User/AppData/Local/Programs/MiKTeX 2.9/fonts/type1/public/amsfonts/
cm/cmbx8.pfb><C:/Users/User/AppData/Local/Programs/MiKTeX 2.9/fonts/type1/publi
c/amsfonts/cm/cmbx9.pfb><C:/Users/User/AppData/Local/Programs/MiKTeX 2.9/fonts/
type1/public/amsfonts/cm/cmcsc10.pfb><C:/Users/User/AppData/Local/Programs/MiKT
eX 2.9/fonts/type1/public/amsfonts/cmextra/cmex9.pfb><C:/Users/User/AppData/Loc
al/Programs/MiKTeX 2.9/fonts/type1/public/amsfonts/cm/cmmi12.pfb><C:/Users/User
/AppData/Local/Programs/MiKTeX 2.9/fonts/type1/public/amsfonts/cm/cmmi6.pfb><C:
/Users/User/AppData/Local/Programs/MiKTeX 2.9/fonts/type1/public/amsfonts/cm/cm
mi8.pfb><C:/Users/User/AppData/Local/Programs/MiKTeX 2.9/fonts/type1/public/ams
fonts/cm/cmmi9.pfb><C:/Users/User/AppData/Local/Programs/MiKTeX 2.9/fonts/type1
/public/amsfonts/cm/cmr12.pfb><C:/Users/User/AppData/Local/Programs/MiKTeX 2.9/
fonts/type1/public/amsfonts/cm/cmr6.pfb><C:/Users/User/AppData/Local/Programs/M
iKTeX 2.9/fonts/type1/public/amsfonts/cm/cmr8.pfb><C:/Users/User/AppData/Local/
Programs/MiKTeX 2.9/fonts/type1/public/amsfonts/cm/cmr9.pfb><C:/Users/User/AppD
ata/Local/Programs/MiKTeX 2.9/fonts/type1/public/amsfonts/cm/cmsy10.pfb><C:/Use
rs/User/AppData/Local/Programs/MiKTeX 2.9/fonts/type1/public/amsfonts/cm/cmsy6.
pfb><C:/Users/User/AppData/Local/Programs/MiKTeX 2.9/fonts/type1/public/amsfont
s/cm/cmsy7.pfb><C:/Users/User/AppData/Local/Programs/MiKTeX 2.9/fonts/type1/pub
lic/amsfonts/cm/cmsy8.pfb><C:/Users/User/AppData/Local/Programs/MiKTeX 2.9/font
s/type1/public/amsfonts/cm/cmsy9.pfb><C:/Users/User/AppData/Local/Programs/MiKT
eX 2.9/fonts/type1/public/amsfonts/cm/cmti8.pfb><C:/Users/User/AppData/Local/Pr
ograms/MiKTeX 2.9/fonts/type1/public/amsfonts/cm/cmti9.pfb><C:/Users/User/AppDa
ta/Local/Programs/MiKTeX 2.9/fonts/type1/public/amsfonts/symbols/msam10.pfb><C:
/Users/User/AppData/Local/Programs/MiKTeX 2.9/fonts/type1/urw/helvetic/uhvb8a.p
fb><C:/Users/User/AppData/Local/Programs/MiKTeX 2.9/fonts/type1/urw/helvetic/uh
vr8a.pfb><C:/Users/User/AppData/Local/Programs/MiKTeX 2.9/fonts/type1/urw/times
/utmb8a.pfb><C:/Users/User/AppData/Local/Programs/MiKTeX 2.9/fonts/type1/urw/ti
mes/utmr8a.pfb><C:/Users/User/AppData/Local/Programs/MiKTeX 2.9/fonts/type1/urw
/times/utmri8a.pfb>
Output written on sig-alternate-sample.pdf (15 pages, 5662947 bytes).
PDF statistics:
 607 PDF objects out of 1000 (max. 8388607)
 85 named destinations out of 1000 (max. 500000)
 444 words of extra memory for PDF output out of 10000 (max. 10000000)

