This is pdfTeX, Version 3.1415926-2.5-1.40.14 (MiKTeX 2.9 64-bit) (preloaded format=pdflatex 2014.10.30)  29 JUN 2015 16:11
entering extended mode
**C:/Users/Anubhab*Majumdar/Google*Drive/#FinalSemesterThesis/ProjectPaper/skm_
2.tex

("C:/Users/Anubhab Majumdar/Google Drive/#FinalSemesterThesis/ProjectPaper/skm_
2.tex"
LaTeX2e <2011/06/27>
Babel <v3.8m> and hyphenation patterns for english, afrikaans, ancientgreek, ar
abic, armenian, assamese, basque, bengali, bokmal, bulgarian, catalan, coptic, 
croatian, czech, danish, dutch, esperanto, estonian, farsi, finnish, french, ga
lician, german, german-x-2013-05-26, greek, gujarati, hindi, hungarian, iceland
ic, indonesian, interlingua, irish, italian, kannada, kurmanji, latin, latvian,
 lithuanian, malayalam, marathi, mongolian, mongolianlmc, monogreek, ngerman, n
german-x-2013-05-26, nynorsk, oriya, panjabi, pinyin, polish, portuguese, roman
ian, russian, sanskrit, serbian, slovak, slovenian, spanish, swedish, swissgerm
an, tamil, telugu, turkish, turkmen, ukenglish, ukrainian, uppersorbian, usengl
ishmax, welsh, loaded.

("C:\Users\Anubhab Majumdar\Google Drive\#FinalSemesterThesis\ProjectPaper\IEEE
tran.cls"
Document Class: IEEEtran 2012/11/21 V1.8c by Harald Hanche-Olsen and Anders Chr
istensen
-- Based on V1.7a by Michael Shell
-- See the "IEEEtran_HOWTO" manual for usage information.
-- http://www.michaelshell.org/tex/ieeetran/
\@IEEEtrantmpdimenA=\dimen102
\@IEEEtrantmpdimenB=\dimen103
\@IEEEtrantmpcountA=\count79
\@IEEEtrantmpcountB=\count80
\@IEEEtrantmptoksA=\toks14
LaTeX Font Info:    Try loading font information for OT1+ptm on input line 373.

("C:\Program Files\MiKTeX 2.9\tex\latex\psnfss\ot1ptm.fd"
File: ot1ptm.fd 2001/06/04 font definitions for OT1/ptm.
)
-- Using 8.5in x 11in (letter) paper.
-- Using PDF output.
\@IEEEnormalsizeunitybaselineskip=\dimen104
-- This is a 10 point document.
\CLASSINFOnormalsizebaselineskip=\dimen105
\CLASSINFOnormalsizeunitybaselineskip=\dimen106
\IEEEnormaljot=\dimen107
LaTeX Font Info:    Font shape `OT1/ptm/bx/n' in size <5> not available
(Font)              Font shape `OT1/ptm/b/n' tried instead on input line 731.
LaTeX Font Info:    Font shape `OT1/ptm/bx/it' in size <5> not available
(Font)              Font shape `OT1/ptm/b/it' tried instead on input line 731.
LaTeX Font Info:    Font shape `OT1/ptm/bx/n' in size <7> not available
(Font)              Font shape `OT1/ptm/b/n' tried instead on input line 731.
LaTeX Font Info:    Font shape `OT1/ptm/bx/it' in size <7> not available
(Font)              Font shape `OT1/ptm/b/it' tried instead on input line 731.
LaTeX Font Info:    Font shape `OT1/ptm/bx/n' in size <8> not available
(Font)              Font shape `OT1/ptm/b/n' tried instead on input line 731.
LaTeX Font Info:    Font shape `OT1/ptm/bx/it' in size <8> not available
(Font)              Font shape `OT1/ptm/b/it' tried instead on input line 731.
LaTeX Font Info:    Font shape `OT1/ptm/bx/n' in size <9> not available
(Font)              Font shape `OT1/ptm/b/n' tried instead on input line 731.
LaTeX Font Info:    Font shape `OT1/ptm/bx/it' in size <9> not available
(Font)              Font shape `OT1/ptm/b/it' tried instead on input line 731.
LaTeX Font Info:    Font shape `OT1/ptm/bx/n' in size <10> not available
(Font)              Font shape `OT1/ptm/b/n' tried instead on input line 731.
LaTeX Font Info:    Font shape `OT1/ptm/bx/it' in size <10> not available
(Font)              Font shape `OT1/ptm/b/it' tried instead on input line 731.
LaTeX Font Info:    Font shape `OT1/ptm/bx/n' in size <11> not available
(Font)              Font shape `OT1/ptm/b/n' tried instead on input line 731.
LaTeX Font Info:    Font shape `OT1/ptm/bx/it' in size <11> not available
(Font)              Font shape `OT1/ptm/b/it' tried instead on input line 731.
LaTeX Font Info:    Font shape `OT1/ptm/bx/n' in size <12> not available
(Font)              Font shape `OT1/ptm/b/n' tried instead on input line 731.
LaTeX Font Info:    Font shape `OT1/ptm/bx/it' in size <12> not available
(Font)              Font shape `OT1/ptm/b/it' tried instead on input line 731.
LaTeX Font Info:    Font shape `OT1/ptm/bx/n' in size <17> not available
(Font)              Font shape `OT1/ptm/b/n' tried instead on input line 731.
LaTeX Font Info:    Font shape `OT1/ptm/bx/it' in size <17> not available
(Font)              Font shape `OT1/ptm/b/it' tried instead on input line 731.
LaTeX Font Info:    Font shape `OT1/ptm/bx/n' in size <20> not available
(Font)              Font shape `OT1/ptm/b/n' tried instead on input line 731.
LaTeX Font Info:    Font shape `OT1/ptm/bx/it' in size <20> not available
(Font)              Font shape `OT1/ptm/b/it' tried instead on input line 731.
LaTeX Font Info:    Font shape `OT1/ptm/bx/n' in size <24> not available
(Font)              Font shape `OT1/ptm/b/n' tried instead on input line 731.
LaTeX Font Info:    Font shape `OT1/ptm/bx/it' in size <24> not available
(Font)              Font shape `OT1/ptm/b/it' tried instead on input line 731.
\IEEEilabelindentA=\dimen108
\IEEEilabelindentB=\dimen109
\IEEEilabelindent=\dimen110
\IEEEelabelindent=\dimen111
\IEEEdlabelindent=\dimen112
\IEEElabelindent=\dimen113
\IEEEiednormlabelsep=\dimen114
\IEEEiedmathlabelsep=\dimen115
\IEEEiedtopsep=\skip41
\c@section=\count81
\c@subsection=\count82
\c@subsubsection=\count83
\c@paragraph=\count84
\c@IEEEsubequation=\count85
\abovecaptionskip=\skip42
\belowcaptionskip=\skip43
\c@figure=\count86
\c@table=\count87
\@IEEEeqnnumcols=\count88
\@IEEEeqncolcnt=\count89
\@IEEEtmpitemindent=\dimen116
\c@IEEEbiography=\count90
\@IEEEtranrubishbin=\box26
) ("C:\Program Files\MiKTeX 2.9\tex\latex\amsmath\amsmath.sty"
Package: amsmath 2013/01/14 v2.14 AMS math features
\@mathmargin=\skip44

For additional information on amsmath, use the `?' option.
("C:\Program Files\MiKTeX 2.9\tex\latex\amsmath\amstext.sty"
Package: amstext 2000/06/29 v2.01

("C:\Program Files\MiKTeX 2.9\tex\latex\amsmath\amsgen.sty"
File: amsgen.sty 1999/11/30 v2.0
\@emptytoks=\toks15
\ex@=\dimen117
))
("C:\Program Files\MiKTeX 2.9\tex\latex\amsmath\amsbsy.sty"
Package: amsbsy 1999/11/29 v1.2d
\pmbraise@=\dimen118
)
("C:\Program Files\MiKTeX 2.9\tex\latex\amsmath\amsopn.sty"
Package: amsopn 1999/12/14 v2.01 operator names
)
\inf@bad=\count91
LaTeX Info: Redefining \frac on input line 210.
\uproot@=\count92
\leftroot@=\count93
LaTeX Info: Redefining \overline on input line 306.
\classnum@=\count94
\DOTSCASE@=\count95
LaTeX Info: Redefining \ldots on input line 378.
LaTeX Info: Redefining \dots on input line 381.
LaTeX Info: Redefining \cdots on input line 466.
\Mathstrutbox@=\box27
\strutbox@=\box28
\big@size=\dimen119
LaTeX Font Info:    Redeclaring font encoding OML on input line 566.
LaTeX Font Info:    Redeclaring font encoding OMS on input line 567.
\macc@depth=\count96
\c@MaxMatrixCols=\count97
\dotsspace@=\muskip10
\c@parentequation=\count98
\dspbrk@lvl=\count99
\tag@help=\toks16
\row@=\count100
\column@=\count101
\maxfields@=\count102
\andhelp@=\toks17
\eqnshift@=\dimen120
\alignsep@=\dimen121
\tagshift@=\dimen122
\tagwidth@=\dimen123
\totwidth@=\dimen124
\lineht@=\dimen125
\@envbody=\toks18
\multlinegap=\skip45
\multlinetaggap=\skip46
\mathdisplay@stack=\toks19
LaTeX Info: Redefining \[ on input line 2665.
LaTeX Info: Redefining \] on input line 2666.
)
("C:\Users\Anubhab Majumdar\AppData\Roaming\MiKTeX\2.9\tex\latex\caption\captio
n.sty"
Package: caption 2013/05/02 v3.3-89 Customizing captions (AR)

("C:\Users\Anubhab Majumdar\AppData\Roaming\MiKTeX\2.9\tex\latex\caption\captio
n3.sty"
Package: caption3 2013/05/02 v1.6-88 caption3 kernel (AR)
Package caption3 Info: TeX engine: e-TeX on input line 57.
 ("C:\Program Files\MiKTeX 2.9\tex\latex\graphics\keyval.sty"
Package: keyval 1999/03/16 v1.13 key=value parser (DPC)
\KV@toks@=\toks20
)
\captionmargin=\dimen126
\captionmargin@=\dimen127
\captionwidth=\dimen128
\caption@tempdima=\dimen129
\caption@indent=\dimen130
\caption@parindent=\dimen131
\caption@hangindent=\dimen132
Package caption Info: Unknown document class (or package),
(caption)             standard defaults will be used.
)

Package caption Warning: Unsupported document class (or package) detected,
(caption)                usage of the caption package is not recommended.
See the caption package documentation for explanation.

Package caption Info: \@makecaption = \long macro:#1#2->\ifx \@captype \@IEEEta
blestring \footnotesize {\centering \normalfont \footnotesize #1.\qquad \scshap
e #2\par }\@IEEEtablecaptionsepspace \else \@IEEEfigurecaptionsepspace \setbox 
\@tempboxa \hbox {\normalfont \footnotesize {#1.}~~ #2}\ifdim \wd \@tempboxa >\
hsize \setbox \@tempboxa \hbox {\normalfont \footnotesize {#1.}~~ }\parbox [t]{
\hsize }{\normalfont \footnotesize \noindent \unhbox \@tempboxa #2}\else \ifCLA
SSOPTIONconference \hbox to\hsize {\normalfont \footnotesize \box \@tempboxa \h
fil }\else \hbox to\hsize {\normalfont \footnotesize \box \@tempboxa \hfil }\fi
 \fi \fi .
\c@ContinuedFloat=\count103
)
("C:\Users\Anubhab Majumdar\AppData\Roaming\MiKTeX\2.9\tex\latex\caption\subcap
tion.sty"
Package: subcaption 2013/02/03 v1.1-62 Sub-captions (AR)
\c@subfigure=\count104
\c@subtable=\count105
) ("C:\Program Files\MiKTeX 2.9\tex\latex\graphics\graphicx.sty"
Package: graphicx 1999/02/16 v1.0f Enhanced LaTeX Graphics (DPC,SPQR)

("C:\Program Files\MiKTeX 2.9\tex\latex\graphics\graphics.sty"
Package: graphics 2009/02/05 v1.0o Standard LaTeX Graphics (DPC,SPQR)

("C:\Program Files\MiKTeX 2.9\tex\latex\graphics\trig.sty"
Package: trig 1999/03/16 v1.09 sin cos tan (DPC)
)
("C:\Program Files\MiKTeX 2.9\tex\latex\00miktex\graphics.cfg"
File: graphics.cfg 2007/01/18 v1.5 graphics configuration of teTeX/TeXLive
)
Package graphics Info: Driver file: pdftex.def on input line 91.

("C:\Program Files\MiKTeX 2.9\tex\latex\pdftex-def\pdftex.def"
File: pdftex.def 2011/05/27 v0.06d Graphics/color for pdfTeX

("C:\Program Files\MiKTeX 2.9\tex\generic\oberdiek\infwarerr.sty"
Package: infwarerr 2010/04/08 v1.3 Providing info/warning/error messages (HO)
)
("C:\Program Files\MiKTeX 2.9\tex\generic\oberdiek\ltxcmds.sty"
Package: ltxcmds 2011/11/09 v1.22 LaTeX kernel commands for general use (HO)
)
\Gread@gobject=\count106
))
\Gin@req@height=\dimen133
\Gin@req@width=\dimen134
)
("C:\Users\Anubhab Majumdar\AppData\Roaming\MiKTeX\2.9\tex\latex\pgf\frontendla
yer\tikz.sty"
("C:\Users\Anubhab Majumdar\AppData\Roaming\MiKTeX\2.9\tex\latex\pgf\basiclayer
\pgf.sty"
("C:\Users\Anubhab Majumdar\AppData\Roaming\MiKTeX\2.9\tex\latex\pgf\utilities\
pgfrcs.sty"
("C:\Users\Anubhab Majumdar\AppData\Roaming\MiKTeX\2.9\tex\generic\pgf\utilitie
s\pgfutil-common.tex"
\pgfutil@everybye=\toks21
\pgfutil@tempdima=\dimen135
\pgfutil@tempdimb=\dimen136

("C:\Users\Anubhab Majumdar\AppData\Roaming\MiKTeX\2.9\tex\generic\pgf\utilitie
s\pgfutil-common-lists.tex"))
("C:\Users\Anubhab Majumdar\AppData\Roaming\MiKTeX\2.9\tex\generic\pgf\utilitie
s\pgfutil-latex.def"
\pgfutil@abb=\box29

("C:\Users\Anubhab Majumdar\AppData\Roaming\MiKTeX\2.9\tex\latex\ms\everyshi.st
y"
Package: everyshi 2001/05/15 v3.00 EveryShipout Package (MS)
))
("C:\Users\Anubhab Majumdar\AppData\Roaming\MiKTeX\2.9\tex\generic\pgf\utilitie
s\pgfrcs.code.tex"
Package: pgfrcs 2013/12/20 v3.0.0 (rcs-revision 1.28)
))
Package: pgf 2013/12/18 v3.0.0 (rcs-revision 1.14)

("C:\Users\Anubhab Majumdar\AppData\Roaming\MiKTeX\2.9\tex\latex\pgf\basiclayer
\pgfcore.sty"
("C:\Users\Anubhab Majumdar\AppData\Roaming\MiKTeX\2.9\tex\latex\pgf\systemlaye
r\pgfsys.sty"
("C:\Users\Anubhab Majumdar\AppData\Roaming\MiKTeX\2.9\tex\generic\pgf\systemla
yer\pgfsys.code.tex"
Package: pgfsys 2013/11/30 v3.0.0 (rcs-revision 1.47)

("C:\Users\Anubhab Majumdar\AppData\Roaming\MiKTeX\2.9\tex\generic\pgf\utilitie
s\pgfkeys.code.tex"
\pgfkeys@pathtoks=\toks22
\pgfkeys@temptoks=\toks23

("C:\Users\Anubhab Majumdar\AppData\Roaming\MiKTeX\2.9\tex\generic\pgf\utilitie
s\pgfkeysfiltered.code.tex"
\pgfkeys@tmptoks=\toks24
))
\pgf@x=\dimen137
\pgf@y=\dimen138
\pgf@xa=\dimen139
\pgf@ya=\dimen140
\pgf@xb=\dimen141
\pgf@yb=\dimen142
\pgf@xc=\dimen143
\pgf@yc=\dimen144
\w@pgf@writea=\write3
\r@pgf@reada=\read1
\c@pgf@counta=\count107
\c@pgf@countb=\count108
\c@pgf@countc=\count109
\c@pgf@countd=\count110
\t@pgf@toka=\toks25
\t@pgf@tokb=\toks26
\t@pgf@tokc=\toks27

("C:\Users\Anubhab Majumdar\AppData\Roaming\MiKTeX\2.9\tex\generic\pgf\systemla
yer\pgf.cfg"
File: pgf.cfg 2008/05/14  (rcs-revision 1.7)
)
Driver file for pgf: pgfsys-pdftex.def

("C:\Users\Anubhab Majumdar\AppData\Roaming\MiKTeX\2.9\tex\generic\pgf\systemla
yer\pgfsys-pdftex.def"
File: pgfsys-pdftex.def 2013/07/18  (rcs-revision 1.33)

("C:\Users\Anubhab Majumdar\AppData\Roaming\MiKTeX\2.9\tex\generic\pgf\systemla
yer\pgfsys-common-pdf.def"
File: pgfsys-common-pdf.def 2013/10/10  (rcs-revision 1.13)
)))
("C:\Users\Anubhab Majumdar\AppData\Roaming\MiKTeX\2.9\tex\generic\pgf\systemla
yer\pgfsyssoftpath.code.tex"
File: pgfsyssoftpath.code.tex 2013/09/09  (rcs-revision 1.9)
\pgfsyssoftpath@smallbuffer@items=\count111
\pgfsyssoftpath@bigbuffer@items=\count112
)
("C:\Users\Anubhab Majumdar\AppData\Roaming\MiKTeX\2.9\tex\generic\pgf\systemla
yer\pgfsysprotocol.code.tex"
File: pgfsysprotocol.code.tex 2006/10/16  (rcs-revision 1.4)
))
("C:\Users\Anubhab Majumdar\AppData\Roaming\MiKTeX\2.9\tex\latex\xcolor\xcolor.
sty"
Package: xcolor 2007/01/21 v2.11 LaTeX color extensions (UK)
 ("C:\Program Files\MiKTeX 2.9\tex\latex\00miktex\color.cfg"
File: color.cfg 2007/01/18 v1.5 color configuration of teTeX/TeXLive
)
Package xcolor Info: Driver file: pdftex.def on input line 225.
Package xcolor Info: Model `cmy' substituted by `cmy0' on input line 1337.
Package xcolor Info: Model `hsb' substituted by `rgb' on input line 1341.
Package xcolor Info: Model `RGB' extended on input line 1353.
Package xcolor Info: Model `HTML' substituted by `rgb' on input line 1355.
Package xcolor Info: Model `Hsb' substituted by `hsb' on input line 1356.
Package xcolor Info: Model `tHsb' substituted by `hsb' on input line 1357.
Package xcolor Info: Model `HSB' substituted by `hsb' on input line 1358.
Package xcolor Info: Model `Gray' substituted by `gray' on input line 1359.
Package xcolor Info: Model `wave' substituted by `hsb' on input line 1360.
)
("C:\Users\Anubhab Majumdar\AppData\Roaming\MiKTeX\2.9\tex\generic\pgf\basiclay
er\pgfcore.code.tex"
Package: pgfcore 2010/04/11 v3.0.0 (rcs-revision 1.7)

("C:\Users\Anubhab Majumdar\AppData\Roaming\MiKTeX\2.9\tex\generic\pgf\math\pgf
math.code.tex"
("C:\Users\Anubhab Majumdar\AppData\Roaming\MiKTeX\2.9\tex\generic\pgf\math\pgf
mathcalc.code.tex"
("C:\Users\Anubhab Majumdar\AppData\Roaming\MiKTeX\2.9\tex\generic\pgf\math\pgf
mathutil.code.tex")
("C:\Users\Anubhab Majumdar\AppData\Roaming\MiKTeX\2.9\tex\generic\pgf\math\pgf
mathparser.code.tex"
\pgfmath@dimen=\dimen145
\pgfmath@count=\count113
\pgfmath@box=\box30
\pgfmath@toks=\toks28
\pgfmath@stack@operand=\toks29
\pgfmath@stack@operation=\toks30
)
("C:\Users\Anubhab Majumdar\AppData\Roaming\MiKTeX\2.9\tex\generic\pgf\math\pgf
mathfunctions.code.tex"
("C:\Users\Anubhab Majumdar\AppData\Roaming\MiKTeX\2.9\tex\generic\pgf\math\pgf
mathfunctions.basic.code.tex")
("C:\Users\Anubhab Majumdar\AppData\Roaming\MiKTeX\2.9\tex\generic\pgf\math\pgf
mathfunctions.trigonometric.code.tex")
("C:\Users\Anubhab Majumdar\AppData\Roaming\MiKTeX\2.9\tex\generic\pgf\math\pgf
mathfunctions.random.code.tex")
("C:\Users\Anubhab Majumdar\AppData\Roaming\MiKTeX\2.9\tex\generic\pgf\math\pgf
mathfunctions.comparison.code.tex")
("C:\Users\Anubhab Majumdar\AppData\Roaming\MiKTeX\2.9\tex\generic\pgf\math\pgf
mathfunctions.base.code.tex")
("C:\Users\Anubhab Majumdar\AppData\Roaming\MiKTeX\2.9\tex\generic\pgf\math\pgf
mathfunctions.round.code.tex")
("C:\Users\Anubhab Majumdar\AppData\Roaming\MiKTeX\2.9\tex\generic\pgf\math\pgf
mathfunctions.misc.code.tex")
("C:\Users\Anubhab Majumdar\AppData\Roaming\MiKTeX\2.9\tex\generic\pgf\math\pgf
mathfunctions.integerarithmetics.code.tex")))
("C:\Users\Anubhab Majumdar\AppData\Roaming\MiKTeX\2.9\tex\generic\pgf\math\pgf
mathfloat.code.tex"
\c@pgfmathroundto@lastzeros=\count114
))
("C:\Users\Anubhab Majumdar\AppData\Roaming\MiKTeX\2.9\tex\generic\pgf\basiclay
er\pgfcorepoints.code.tex"
File: pgfcorepoints.code.tex 2013/10/07  (rcs-revision 1.27)
\pgf@picminx=\dimen146
\pgf@picmaxx=\dimen147
\pgf@picminy=\dimen148
\pgf@picmaxy=\dimen149
\pgf@pathminx=\dimen150
\pgf@pathmaxx=\dimen151
\pgf@pathminy=\dimen152
\pgf@pathmaxy=\dimen153
\pgf@xx=\dimen154
\pgf@xy=\dimen155
\pgf@yx=\dimen156
\pgf@yy=\dimen157
\pgf@zx=\dimen158
\pgf@zy=\dimen159
)
("C:\Users\Anubhab Majumdar\AppData\Roaming\MiKTeX\2.9\tex\generic\pgf\basiclay
er\pgfcorepathconstruct.code.tex"
File: pgfcorepathconstruct.code.tex 2013/10/07  (rcs-revision 1.29)
\pgf@path@lastx=\dimen160
\pgf@path@lasty=\dimen161
)
("C:\Users\Anubhab Majumdar\AppData\Roaming\MiKTeX\2.9\tex\generic\pgf\basiclay
er\pgfcorepathusage.code.tex"
File: pgfcorepathusage.code.tex 2013/12/13  (rcs-revision 1.23)
\pgf@shorten@end@additional=\dimen162
\pgf@shorten@start@additional=\dimen163
)
("C:\Users\Anubhab Majumdar\AppData\Roaming\MiKTeX\2.9\tex\generic\pgf\basiclay
er\pgfcorescopes.code.tex"
File: pgfcorescopes.code.tex 2013/10/09  (rcs-revision 1.44)
\pgfpic=\box31
\pgf@hbox=\box32
\pgf@layerbox@main=\box33
\pgf@picture@serial@count=\count115
)
("C:\Users\Anubhab Majumdar\AppData\Roaming\MiKTeX\2.9\tex\generic\pgf\basiclay
er\pgfcoregraphicstate.code.tex"
File: pgfcoregraphicstate.code.tex 2013/09/19  (rcs-revision 1.11)
\pgflinewidth=\dimen164
)
("C:\Users\Anubhab Majumdar\AppData\Roaming\MiKTeX\2.9\tex\generic\pgf\basiclay
er\pgfcoretransformations.code.tex"
File: pgfcoretransformations.code.tex 2013/10/10  (rcs-revision 1.17)
\pgf@pt@x=\dimen165
\pgf@pt@y=\dimen166
\pgf@pt@temp=\dimen167
)
("C:\Users\Anubhab Majumdar\AppData\Roaming\MiKTeX\2.9\tex\generic\pgf\basiclay
er\pgfcorequick.code.tex"
File: pgfcorequick.code.tex 2008/10/09  (rcs-revision 1.3)
)
("C:\Users\Anubhab Majumdar\AppData\Roaming\MiKTeX\2.9\tex\generic\pgf\basiclay
er\pgfcoreobjects.code.tex"
File: pgfcoreobjects.code.tex 2006/10/11  (rcs-revision 1.2)
)
("C:\Users\Anubhab Majumdar\AppData\Roaming\MiKTeX\2.9\tex\generic\pgf\basiclay
er\pgfcorepathprocessing.code.tex"
File: pgfcorepathprocessing.code.tex 2013/09/09  (rcs-revision 1.9)
)
("C:\Users\Anubhab Majumdar\AppData\Roaming\MiKTeX\2.9\tex\generic\pgf\basiclay
er\pgfcorearrows.code.tex"
File: pgfcorearrows.code.tex 2013/11/07  (rcs-revision 1.40)
\pgfarrowsep=\dimen168
)
("C:\Users\Anubhab Majumdar\AppData\Roaming\MiKTeX\2.9\tex\generic\pgf\basiclay
er\pgfcoreshade.code.tex"
File: pgfcoreshade.code.tex 2013/07/15  (rcs-revision 1.15)
\pgf@max=\dimen169
\pgf@sys@shading@range@num=\count116
)
("C:\Users\Anubhab Majumdar\AppData\Roaming\MiKTeX\2.9\tex\generic\pgf\basiclay
er\pgfcoreimage.code.tex"
File: pgfcoreimage.code.tex 2013/07/15  (rcs-revision 1.18)

("C:\Users\Anubhab Majumdar\AppData\Roaming\MiKTeX\2.9\tex\generic\pgf\basiclay
er\pgfcoreexternal.code.tex"
File: pgfcoreexternal.code.tex 2013/07/15  (rcs-revision 1.20)
\pgfexternal@startupbox=\box34
))
("C:\Users\Anubhab Majumdar\AppData\Roaming\MiKTeX\2.9\tex\generic\pgf\basiclay
er\pgfcorelayers.code.tex"
File: pgfcorelayers.code.tex 2013/07/18  (rcs-revision 1.7)
)
("C:\Users\Anubhab Majumdar\AppData\Roaming\MiKTeX\2.9\tex\generic\pgf\basiclay
er\pgfcoretransparency.code.tex"
File: pgfcoretransparency.code.tex 2013/09/30  (rcs-revision 1.5)
)
("C:\Users\Anubhab Majumdar\AppData\Roaming\MiKTeX\2.9\tex\generic\pgf\basiclay
er\pgfcorepatterns.code.tex"
File: pgfcorepatterns.code.tex 2013/11/07  (rcs-revision 1.5)
)))
("C:\Users\Anubhab Majumdar\AppData\Roaming\MiKTeX\2.9\tex\generic\pgf\modules\
pgfmoduleshapes.code.tex"
File: pgfmoduleshapes.code.tex 2013/10/31  (rcs-revision 1.34)
\pgfnodeparttextbox=\box35
)
("C:\Users\Anubhab Majumdar\AppData\Roaming\MiKTeX\2.9\tex\generic\pgf\modules\
pgfmoduleplot.code.tex"
File: pgfmoduleplot.code.tex 2013/07/31  (rcs-revision 1.12)
)
("C:\Users\Anubhab Majumdar\AppData\Roaming\MiKTeX\2.9\tex\latex\pgf\compatibil
ity\pgfcomp-version-0-65.sty"
Package: pgfcomp-version-0-65 2007/07/03 v3.0.0 (rcs-revision 1.7)
\pgf@nodesepstart=\dimen170
\pgf@nodesepend=\dimen171
)
("C:\Users\Anubhab Majumdar\AppData\Roaming\MiKTeX\2.9\tex\latex\pgf\compatibil
ity\pgfcomp-version-1-18.sty"
Package: pgfcomp-version-1-18 2007/07/23 v3.0.0 (rcs-revision 1.1)
))
("C:\Users\Anubhab Majumdar\AppData\Roaming\MiKTeX\2.9\tex\latex\pgf\utilities\
pgffor.sty"
("C:\Users\Anubhab Majumdar\AppData\Roaming\MiKTeX\2.9\tex\latex\pgf\utilities\
pgfkeys.sty"
("C:\Users\Anubhab Majumdar\AppData\Roaming\MiKTeX\2.9\tex\generic\pgf\utilitie
s\pgfkeys.code.tex"))
("C:\Users\Anubhab Majumdar\AppData\Roaming\MiKTeX\2.9\tex\latex\pgf\math\pgfma
th.sty"
("C:\Users\Anubhab Majumdar\AppData\Roaming\MiKTeX\2.9\tex\generic\pgf\math\pgf
math.code.tex"))
("C:\Users\Anubhab Majumdar\AppData\Roaming\MiKTeX\2.9\tex\generic\pgf\utilitie
s\pgffor.code.tex"
Package: pgffor 2013/12/13 v3.0.0 (rcs-revision 1.25)

("C:\Users\Anubhab Majumdar\AppData\Roaming\MiKTeX\2.9\tex\generic\pgf\math\pgf
math.code.tex")
\pgffor@iter=\dimen172
\pgffor@skip=\dimen173
\pgffor@stack=\toks31
\pgffor@toks=\toks32
))
("C:\Users\Anubhab Majumdar\AppData\Roaming\MiKTeX\2.9\tex\generic\pgf\frontend
layer\tikz\tikz.code.tex"
Package: tikz 2013/12/13 v3.0.0 (rcs-revision 1.142)

("C:\Users\Anubhab Majumdar\AppData\Roaming\MiKTeX\2.9\tex\generic\pgf\librarie
s\pgflibraryplothandlers.code.tex"
File: pgflibraryplothandlers.code.tex 2013/08/31 v3.0.0 (rcs-revision 1.20)
\pgf@plot@mark@count=\count117
\pgfplotmarksize=\dimen174
)
\tikz@lastx=\dimen175
\tikz@lasty=\dimen176
\tikz@lastxsaved=\dimen177
\tikz@lastysaved=\dimen178
\tikzleveldistance=\dimen179
\tikzsiblingdistance=\dimen180
\tikz@figbox=\box36
\tikz@figbox@bg=\box37
\tikz@tempbox=\box38
\tikz@tempbox@bg=\box39
\tikztreelevel=\count118
\tikznumberofchildren=\count119
\tikznumberofcurrentchild=\count120
\tikz@fig@count=\count121

("C:\Users\Anubhab Majumdar\AppData\Roaming\MiKTeX\2.9\tex\generic\pgf\modules\
pgfmodulematrix.code.tex"
File: pgfmodulematrix.code.tex 2013/09/17  (rcs-revision 1.8)
\pgfmatrixcurrentrow=\count122
\pgfmatrixcurrentcolumn=\count123
\pgf@matrix@numberofcolumns=\count124
)
\tikz@expandcount=\count125

("C:\Users\Anubhab Majumdar\AppData\Roaming\MiKTeX\2.9\tex\generic\pgf\frontend
layer\tikz\libraries\tikzlibrarytopaths.code.tex"
File: tikzlibrarytopaths.code.tex 2008/06/17 v3.0.0 (rcs-revision 1.2)
)))
("C:\Users\Anubhab Majumdar\AppData\Roaming\MiKTeX\2.9\tex\latex\algorithms\alg
orithm.sty"
Package: algorithm 2009/08/24 v0.1 Document Style `algorithm' - floating enviro
nment
 ("C:\Program Files\MiKTeX 2.9\tex\latex\float\float.sty"
Package: float 2001/11/08 v1.3d Float enhancements (AL)
\c@float@type=\count126
\float@exts=\toks33
\float@box=\box40
\@float@everytoks=\toks34
\@floatcapt=\box41
)
("C:\Program Files\MiKTeX 2.9\tex\latex\base\ifthen.sty"
Package: ifthen 2001/05/26 v1.1c Standard LaTeX ifthen package (DPC)
)
\@float@every@algorithm=\toks35
\c@algorithm=\count127
)
("C:\Users\Anubhab Majumdar\AppData\Roaming\MiKTeX\2.9\tex\latex\algorithmicx\a
lgpseudocode.sty"
Package: algpseudocode 

("C:\Users\Anubhab Majumdar\AppData\Roaming\MiKTeX\2.9\tex\latex\algorithmicx\a
lgorithmicx.sty"
Package: algorithmicx 2005/04/27 v1.2 Algorithmicx

Document Style algorithmicx 1.2 - a greatly improved `algorithmic' style
\c@ALG@line=\count128
\c@ALG@rem=\count129
\c@ALG@nested=\count130
\ALG@tlm=\skip47
\ALG@thistlm=\skip48
\c@ALG@Lnr=\count131
\c@ALG@blocknr=\count132
\c@ALG@storecount=\count133
\c@ALG@tmpcounter=\count134
\ALG@tmplength=\skip49
)
Document Style - pseudocode environments for use with the `algorithmicx' style
)
("C:\Users\Anubhab Majumdar\AppData\Roaming\MiKTeX\2.9\tex\latex\pdfpages\pdfpa
ges.sty"
Package: pdfpages 2015/04/15 v0.4w Insert pages of external PDF documents (AM)
 ("C:\Program Files\MiKTeX 2.9\tex\latex\tools\calc.sty"
Package: calc 2007/08/22 v4.3 Infix arithmetic (KKT,FJ)
\calc@Acount=\count135
\calc@Bcount=\count136
\calc@Adimen=\dimen181
\calc@Bdimen=\dimen182
\calc@Askip=\skip50
\calc@Bskip=\skip51
LaTeX Info: Redefining \setlength on input line 76.
LaTeX Info: Redefining \addtolength on input line 77.
\calc@Ccount=\count137
\calc@Cskip=\skip52
)
("C:\Users\Anubhab Majumdar\AppData\Roaming\MiKTeX\2.9\tex\latex\eso-pic\eso-pi
c.sty"
Package: eso-pic 2013/10/06 v2.0d eso-pic (RN)
 ("C:\Program Files\MiKTeX 2.9\tex\generic\oberdiek\atbegshi.sty"
Package: atbegshi 2011/10/05 v1.16 At begin shipout hook (HO)

("C:\Program Files\MiKTeX 2.9\tex\generic\oberdiek\ifpdf.sty"
Package: ifpdf 2011/01/30 v2.3 Provides the ifpdf switch (HO)
Package ifpdf Info: pdfTeX in PDF mode is detected.
)))
("C:\Users\Anubhab Majumdar\AppData\Roaming\MiKTeX\2.9\tex\latex\pdfpages\pppdf
tex.def"
File: pppdftex.def 2015/04/15 v0.4w Pdfpages driver for pdfTeX (AM)
)
\AM@pagebox=\box42
\AM@toc@title=\toks36
\c@AM@survey=\count138
\AM@templatesizebox=\box43
) ("C:\Program Files\MiKTeX 2.9\tex\latex\multirow\multirow.sty"
\bigstrutjot=\dimen183
)
("C:\Program Files\MiKTeX 2.9\tex\latex\hyperref\hyperref.sty"
Package: hyperref 2012/11/06 v6.83m Hypertext links for LaTeX

("C:\Program Files\MiKTeX 2.9\tex\generic\oberdiek\hobsub-hyperref.sty"
Package: hobsub-hyperref 2012/04/25 v1.12 Bundle oberdiek, subset hyperref (HO)


("C:\Program Files\MiKTeX 2.9\tex\generic\oberdiek\hobsub-generic.sty"
Package: hobsub-generic 2012/04/25 v1.12 Bundle oberdiek, subset generic (HO)
Package: hobsub 2012/04/25 v1.12 Construct package bundles (HO)
Package hobsub Info: Skipping package `infwarerr' (already loaded).
Package hobsub Info: Skipping package `ltxcmds' (already loaded).
Package: ifluatex 2010/03/01 v1.3 Provides the ifluatex switch (HO)
Package ifluatex Info: LuaTeX not detected.
Package: ifvtex 2010/03/01 v1.5 Detect VTeX and its facilities (HO)
Package ifvtex Info: VTeX not detected.
Package: intcalc 2007/09/27 v1.1 Expandable calculations with integers (HO)
Package hobsub Info: Skipping package `ifpdf' (already loaded).
Package: etexcmds 2011/02/16 v1.5 Avoid name clashes with e-TeX commands (HO)
Package etexcmds Info: Could not find \expanded.
(etexcmds)             That can mean that you are not using pdfTeX 1.50 or
(etexcmds)             that some package has redefined \expanded.
(etexcmds)             In the latter case, load this package earlier.
Package: kvsetkeys 2012/04/25 v1.16 Key value parser (HO)
Package: kvdefinekeys 2011/04/07 v1.3 Define keys (HO)
Package: pdftexcmds 2011/11/29 v0.20 Utility functions of pdfTeX for LuaTeX (HO
)
Package pdftexcmds Info: LuaTeX not detected.
Package pdftexcmds Info: \pdf@primitive is available.
Package pdftexcmds Info: \pdf@ifprimitive is available.
Package pdftexcmds Info: \pdfdraftmode found.
Package: pdfescape 2011/11/25 v1.13 Implements pdfTeX's escape features (HO)
Package: bigintcalc 2012/04/08 v1.3 Expandable calculations on big integers (HO
)
Package: bitset 2011/01/30 v1.1 Handle bit-vector datatype (HO)
Package: uniquecounter 2011/01/30 v1.2 Provide unlimited unique counter (HO)
)
Package hobsub Info: Skipping package `hobsub' (already loaded).
Package: letltxmacro 2010/09/02 v1.4 Let assignment for LaTeX macros (HO)
Package: hopatch 2011/06/24 v1.1 Wrapper for package hooks (HO)
Package: xcolor-patch 2011/01/30 xcolor patch
Package: atveryend 2011/06/30 v1.8 Hooks at the very end of document (HO)
Package atveryend Info: \enddocument detected (standard20110627).
Package hobsub Info: Skipping package `atbegshi' (already loaded).
Package: refcount 2011/10/16 v3.4 Data extraction from label references (HO)
Package: hycolor 2011/01/30 v1.7 Color options for hyperref/bookmark (HO)
)
("C:\Program Files\MiKTeX 2.9\tex\generic\ifxetex\ifxetex.sty"
Package: ifxetex 2010/09/12 v0.6 Provides ifxetex conditional
)
("C:\Program Files\MiKTeX 2.9\tex\latex\oberdiek\auxhook.sty"
Package: auxhook 2011/03/04 v1.3 Hooks for auxiliary files (HO)
)
("C:\Program Files\MiKTeX 2.9\tex\latex\oberdiek\kvoptions.sty"
Package: kvoptions 2011/06/30 v3.11 Key value format for package options (HO)
)
\@linkdim=\dimen184
\Hy@linkcounter=\count139
\Hy@pagecounter=\count140

("C:\Program Files\MiKTeX 2.9\tex\latex\hyperref\pd1enc.def"
File: pd1enc.def 2012/11/06 v6.83m Hyperref: PDFDocEncoding definition (HO)
)
\Hy@SavedSpaceFactor=\count141

("C:\Program Files\MiKTeX 2.9\tex\latex\00miktex\hyperref.cfg"
File: hyperref.cfg 2002/06/06 v1.2 hyperref configuration of TeXLive
)
Package hyperref Info: Hyper figures OFF on input line 4443.
Package hyperref Info: Link nesting OFF on input line 4448.
Package hyperref Info: Hyper index ON on input line 4451.
Package hyperref Info: Plain pages OFF on input line 4458.
Package hyperref Info: Backreferencing OFF on input line 4463.
Package hyperref Info: Implicit mode ON; LaTeX internals redefined.
Package hyperref Info: Bookmarks ON on input line 4688.
\c@Hy@tempcnt=\count142

("C:\Users\Anubhab Majumdar\AppData\Roaming\MiKTeX\2.9\tex\latex\url\url.sty"
\Urlmuskip=\muskip11
Package: url 2013/09/16  ver 3.4  Verb mode for urls, etc.
)
LaTeX Info: Redefining \url on input line 5041.
\XeTeXLinkMargin=\dimen185
\Fld@menulength=\count143
\Field@Width=\dimen186
\Fld@charsize=\dimen187
Package hyperref Info: Hyper figures OFF on input line 6295.
Package hyperref Info: Link nesting OFF on input line 6300.
Package hyperref Info: Hyper index ON on input line 6303.
Package hyperref Info: backreferencing OFF on input line 6310.
Package hyperref Info: Link coloring OFF on input line 6315.
Package hyperref Info: Link coloring with OCG OFF on input line 6320.
Package hyperref Info: PDF/A mode OFF on input line 6325.
LaTeX Info: Redefining \ref on input line 6365.
LaTeX Info: Redefining \pageref on input line 6369.
\Hy@abspage=\count144
\c@Item=\count145
\c@Hfootnote=\count146
)

Package hyperref Message: Driver (autodetected): hpdftex.

("C:\Program Files\MiKTeX 2.9\tex\latex\hyperref\hpdftex.def"
File: hpdftex.def 2012/11/06 v6.83m Hyperref driver for pdfTeX
\Fld@listcount=\count147
\c@bookmark@seq@number=\count148

("C:\Program Files\MiKTeX 2.9\tex\latex\oberdiek\rerunfilecheck.sty"
Package: rerunfilecheck 2011/04/15 v1.7 Rerun checks for auxiliary files (HO)
Package uniquecounter Info: New unique counter `rerunfilecheck' on input line 2
82.
)
\Hy@SectionHShift=\skip53
)
("C:\Users\Anubhab Majumdar\AppData\Roaming\MiKTeX\2.9\tex\generic\pgf\frontend
layer\tikz\libraries\tikzlibraryshapes.geometric.code.tex"
File: tikzlibraryshapes.geometric.code.tex 2008/01/09 v3.0.0 (rcs-revision 1.1)


("C:\Users\Anubhab Majumdar\AppData\Roaming\MiKTeX\2.9\tex\generic\pgf\librarie
s\shapes\pgflibraryshapes.geometric.code.tex"
File: pgflibraryshapes.geometric.code.tex 2008/06/26 v3.0.0 (rcs-revision 1.1)
))
("C:\Users\Anubhab Majumdar\AppData\Roaming\MiKTeX\2.9\tex\generic\pgf\frontend
layer\tikz\libraries\tikzlibraryarrows.code.tex"
File: tikzlibraryarrows.code.tex 2008/01/09 v3.0.0 (rcs-revision 1.1)

("C:\Users\Anubhab Majumdar\AppData\Roaming\MiKTeX\2.9\tex\generic\pgf\librarie
s\pgflibraryarrows.code.tex"
File: pgflibraryarrows.code.tex 2013/09/23 v3.0.0 (rcs-revision 1.16)
\arrowsize=\dimen188
))
("C:\Users\Anubhab Majumdar\Google Drive\#FinalSemesterThesis\ProjectPaper\skm_
2.aux")
LaTeX Font Info:    Checking defaults for OML/cmm/m/it on input line 42.
LaTeX Font Info:    ... okay on input line 42.
LaTeX Font Info:    Checking defaults for T1/cmr/m/n on input line 42.
LaTeX Font Info:    ... okay on input line 42.
LaTeX Font Info:    Checking defaults for OT1/cmr/m/n on input line 42.
LaTeX Font Info:    ... okay on input line 42.
LaTeX Font Info:    Checking defaults for OMS/cmsy/m/n on input line 42.
LaTeX Font Info:    ... okay on input line 42.
LaTeX Font Info:    Checking defaults for OMX/cmex/m/n on input line 42.
LaTeX Font Info:    ... okay on input line 42.
LaTeX Font Info:    Checking defaults for U/cmr/m/n on input line 42.
LaTeX Font Info:    ... okay on input line 42.
LaTeX Font Info:    Checking defaults for PD1/pdf/m/n on input line 42.
LaTeX Font Info:    ... okay on input line 42.
Package caption Info: Begin \AtBeginDocument code.
Package caption Info: float package is loaded.
Package caption Info: hyperref package is loaded.
Package caption Info: End \AtBeginDocument code.

("C:\Users\Anubhab Majumdar\AppData\Roaming\MiKTeX\2.9\tex\context\base\supp-pd
f.mkii"
[Loading MPS to PDF converter (version 2006.09.02).]
\scratchcounter=\count149
\scratchdimen=\dimen189
\scratchbox=\box44
\nofMPsegments=\count150
\nofMParguments=\count151
\everyMPshowfont=\toks37
\MPscratchCnt=\count152
\MPscratchDim=\dimen190
\MPnumerator=\count153
\makeMPintoPDFobject=\count154
\everyMPtoPDFconversion=\toks38
) ABD: EveryShipout initializing macros
\AtBeginShipoutBox=\box45
Package hyperref Info: Link coloring OFF on input line 42.

("C:\Program Files\MiKTeX 2.9\tex\latex\hyperref\nameref.sty"
Package: nameref 2012/10/27 v2.43 Cross-referencing by name of section

("C:\Program Files\MiKTeX 2.9\tex\generic\oberdiek\gettitlestring.sty"
Package: gettitlestring 2010/12/03 v1.4 Cleanup title references (HO)
)
\c@section@level=\count155
)
LaTeX Info: Redefining \ref on input line 42.
LaTeX Info: Redefining \pageref on input line 42.
LaTeX Info: Redefining \nameref on input line 42.

("C:\Users\Anubhab Majumdar\Google Drive\#FinalSemesterThesis\ProjectPaper\skm_
2.out")
("C:\Users\Anubhab Majumdar\Google Drive\#FinalSemesterThesis\ProjectPaper\skm_
2.out")
\@outlinefile=\write4
Missing character: There is no â in font ptmb7t!
Missing character: There is no € in font ptmb7t!
Missing character: There is no ™ in font ptmb7t!
LaTeX Font Info:    Font shape `OT1/ptm/bx/n' in size <6> not available
(Font)              Font shape `OT1/ptm/b/n' tried instead on input line 84.

** ATTENTION: \keywords is deprecated (line 87). Use \IEEEkeywords instead.
Missing character: There is no â in font ptmr7t!
Missing character: There is no € in font ptmr7t!
Missing character: There is no ™ in font ptmr7t!
<simage.png, id=74, 1807.75375pt x 403.5075pt>
File: simage.png Graphic file (type png)
 <use simage.png>
Package pdftex.def Info: simage.png used on input line 158.
(pdftex.def)             Requested size: 104.81834pt x 23.39052pt.

<histogram.png, id=75, 884.55469pt x 441.90094pt>
File: histogram.png Graphic file (type png)
 <use histogram.png>
Package pdftex.def Info: histogram.png used on input line 160.
(pdftex.def)             Requested size: 104.81834pt x 52.35828pt.

<blob.png, id=78, 1355.8153pt x 302.63063pt>
File: blob.png Graphic file (type png)
 <use blob.png>
Package pdftex.def Info: blob.png used on input line 189.
(pdftex.def)             Requested size: 157.23152pt x 35.09502pt.
 [1{C:/Users/Anubhab Majumdar/AppData/Local/MiKTeX/2.9/pdftex/config/pdftex.map
}


 <C:/Users/Anubhab Majumdar/Google Drive/#FinalSemesterThesis/ProjectPaper/sima
ge.png (PNG copy)> <C:/Users/Anubhab Majumdar/Google Drive/#FinalSemesterThesis
/ProjectPaper/histogram.png>]
Missing character: There is no â in font cmr10!
Missing character: There is no € in font cmr10!
Missing character: There is no ˜ in font cmr10!
Missing character: There is no â in font cmr10!
Missing character: There is no € in font cmr10!
Missing character: There is no ™ in font cmr10!
Missing character: There is no â in font cmr10!
Missing character: There is no € in font cmr10!
Missing character: There is no ˜ in font cmr10!
Missing character: There is no â in font cmr10!
Missing character: There is no € in font cmr10!
Missing character: There is no ™ in font cmr10!
Missing character: There is no â in font cmr10!
Missing character: There is no € in font cmr10!
Missing character: There is no ˜ in font cmr10!
Missing character: There is no â in font cmr10!
Missing character: There is no € in font cmr10!
Missing character: There is no ™ in font cmr10!
Missing character: There is no â in font ptmr7t!
Missing character: There is no € in font ptmr7t!
Missing character: There is no ˜ in font ptmr7t!
Missing character: There is no â in font ptmr7t!
Missing character: There is no € in font ptmr7t!
Missing character: There is no ™ in font ptmr7t!
Missing character: There is no â in font ptmr7t!
Missing character: There is no € in font ptmr7t!
Missing character: There is no ˜ in font ptmr7t!
Missing character: There is no â in font ptmr7t!
Missing character: There is no € in font ptmr7t!
Missing character: There is no ™ in font ptmr7t!
Missing character: There is no â in font ptmr7t!
Missing character: There is no € in font ptmr7t!
Missing character: There is no ˜ in font ptmr7t!
Missing character: There is no â in font ptmr7t!
Missing character: There is no € in font ptmr7t!
Missing character: There is no ™ in font ptmr7t!
 <equation.png, id=100, 1209.76968pt x 56.46094pt>
File: equation.png Graphic file (type png)

<use equation.png>
Package pdftex.def Info: equation.png used on input line 254.
(pdftex.def)             Requested size: 157.23152pt x 7.33759pt.
 <equationOperands.png, id=101, 1209.76968pt x 56.46094pt>
File: equationOperands.png Graphic file (type png)

<use equationOperands.png>
Package pdftex.def Info: equationOperands.png used on input line 255.
(pdftex.def)             Requested size: 157.23152pt x 7.33759pt.

<equationNumber.png, id=102, 1209.01688pt x 61.73062pt>
File: equationNumber.png Graphic file (type png)

<use equationNumber.png>
Package pdftex.def Info: equationNumber.png used on input line 256.
(pdftex.def)             Requested size: 157.23152pt x 8.02808pt.
 <hrlsaRemoval.png, id=103, 1209.76968pt x 56.46094pt>
File: hrlsaRemoval.png Graphic file (type png)

<use hrlsaRemoval.png>
Package pdftex.def Info: hrlsaRemoval.png used on input line 257.
(pdftex.def)             Requested size: 157.23152pt x 7.33759pt.
 [2 <C:/Users/Anubhab Majumdar/Google Drive/#FinalSemesterThesis/ProjectPaper/b
lob.png> <C:/Users/Anubhab Majumdar/Google Drive/#FinalSemesterThesis/ProjectPa
per/equation.png> <C:/Users/Anubhab Majumdar/Google Drive/#FinalSemesterThesis/
ProjectPaper/equationOperands.png> <C:/Users/Anubhab Majumdar/Google Drive/#Fin
alSemesterThesis/ProjectPaper/equationNumber.png> <C:/Users/Anubhab Majumdar/Go
ogle Drive/#FinalSemesterThesis/ProjectPaper/hrlsaRemoval.png>] <supSub.png, id
=126, 469.755pt x 45.92157pt>
File: supSub.png Graphic file (type png)
 <use supSub.png>
Package pdftex.def Info: supSub.png used on input line 310.
(pdftex.def)             Requested size: 157.23152pt x 15.36996pt.

<chemEqParts.png, id=131, 389.20406pt x 145.29282pt>
File: chemEqParts.png Graphic file (type png)
 <use chemEqParts.png>
Package pdftex.def Info: chemEqParts.png used on input line 368.
(pdftex.def)             Requested size: 131.02493pt x 48.91338pt.

[3 <C:/Users/Anubhab Majumdar/Google Drive/#FinalSemesterThesis/ProjectPaper/su
pSub.png> <C:/Users/Anubhab Majumdar/Google Drive/#FinalSemesterThesis/ProjectP
aper/chemEqParts.png>]
<stateCorrection.png, id=159, 768.62157pt x 488.57532pt>
File: stateCorrection.png Graphic file (type png)

<use stateCorrection.png>
Package pdftex.def Info: stateCorrection.png used on input line 426.
(pdftex.def)             Requested size: 120.5407pt x 76.61554pt.

<autoCorrectionPictorial.png, id=160, 420.06938pt x 489.32813pt>
File: autoCorrectionPictorial.png Graphic file (type png)

<use autoCorrectionPictorial.png>
Package pdftex.def Info: autoCorrectionPictorial.png used on input line 437.
(pdftex.def)             Requested size: 120.5407pt x 140.41568pt.
Package hyperref Info: bookmark level for unknown algorithm defaults to 0 on in
put line 448.

Overfull \hbox (2.45636pt too wide) in paragraph at lines 517--518
[]\OT1/ptm/b/n/9 pro-ce-dure \OT1/ptm/m/sc/9 Get-Fi-nalEqn\OT1/ptm/m/n/9 ($\OML
/cmm/m/it/9 PossibleFormulaUnit$\OT1/ptm/m/n/9 ,$\OML/cmm/m/it/9 Corrected$\OT1
/ptm/m/n/9 ) 
 []

<equationContext.png, id=166, 628.59843pt x 380.17032pt>
File: equationContext.png Graphic file (type png)

<use equationContext.png>
Package pdftex.def Info: equationContext.png used on input line 547.
(pdftex.def)             Requested size: 131.02493pt x 79.24062pt.


LaTeX Warning: `h' float specifier changed to `ht'.


LaTeX Warning: No positions in optional float specifier.
               Default added (so using `tbp') on input line 553.

<sampleDocument.png, id=167, 1528.96219pt x 703.87968pt>
File: sampleDocument.png Graphic file (type png)

<use sampleDocument.png>
Package pdftex.def Info: sampleDocument.png used on input line 557.
(pdftex.def)             Requested size: 115.30258pt x 53.07867pt.
 <DCE.png, id=168, 1528.96219pt x 703.87968pt>
File: DCE.png Graphic file (type png)

<use DCE.png>
Package pdftex.def Info: DCE.png used on input line 558.
(pdftex.def)             Requested size: 115.30258pt x 53.07867pt.
 <directOCR.jpg, id=169, 212.2329pt x 113.9457pt>
File: directOCR.jpg Graphic file (type jpg)

<use directOCR.jpg>
Package pdftex.def Info: directOCR.jpg used on input line 562.
(pdftex.def)             Requested size: 104.81834pt x 56.27722pt.
 <correctedFinalEq.jpg, id=170, 241.6227pt x 113.9457pt>
File: correctedFinalEq.jpg Graphic file (type jpg)

<use correctedFinalEq.jpg>
Package pdftex.def Info: correctedFinalEq.jpg used on input line 563.
(pdftex.def)             Requested size: 104.81834pt x 49.43034pt.

Overfull \hbox (1.5553pt too wide) in paragraph at lines 555--569
 [] 
 []

[4 <C:/Users/Anubhab Majumdar/Google Drive/#FinalSemesterThesis/ProjectPaper/st
ateCorrection.png> <C:/Users/Anubhab Majumdar/Google Drive/#FinalSemesterThesis
/ProjectPaper/autoCorrectionPictorial.png>]
Missing character: There is no â in font ptmr7t!
Missing character: There is no € in font ptmr7t!
Missing character: There is no “ in font ptmr7t!
Missing character: There is no â in font ptmr7t!
Missing character: There is no € in font ptmr7t!
Missing character: There is no “ in font ptmr7t!
Missing character: There is no â in font ptmr7t!
Missing character: There is no € in font ptmr7t!
Missing character: There is no “ in font ptmr7t!
Missing character: There is no â in font ptmr7t!
Missing character: There is no € in font ptmr7t!
Missing character: There is no “ in font ptmr7t!


** Conference Paper **
Before submitting the final camera ready copy, remember to:

 1. Manually equalize the lengths of two columns on the last page
 of your paper;

 2. Ensure that any PostScript and/or PDF output post-processing
 uses only Type 1 fonts and that every step in the generation
 process uses the appropriate paper size.

[5 <C:/Users/Anubhab Majumdar/Google Drive/#FinalSemesterThesis/ProjectPaper/eq
uationContext.png> <C:/Users/Anubhab Majumdar/Google Drive/#FinalSemesterThesis
/ProjectPaper/sampleDocument.png> <C:/Users/Anubhab Majumdar/Google Drive/#Fina
lSemesterThesis/ProjectPaper/DCE.png> <C:/Users/Anubhab Majumdar/Google Drive/#
FinalSemesterThesis/ProjectPaper/directOCR.jpg> <C:/Users/Anubhab Majumdar/Goog
le Drive/#FinalSemesterThesis/ProjectPaper/correctedFinalEq.jpg>]
Package atveryend Info: Empty hook `BeforeClearDocument' on input line 689.
Package atveryend Info: Empty hook `AfterLastShipout' on input line 689.

("C:\Users\Anubhab Majumdar\Google Drive\#FinalSemesterThesis\ProjectPaper\skm_
2.aux")
Package atveryend Info: Executing hook `AtVeryEndDocument' on input line 689.
Package atveryend Info: Executing hook `AtEndAfterFileList' on input line 689.
Package rerunfilecheck Info: File `skm_2.out' has not changed.
(rerunfilecheck)             Checksum: 4D61C220ADE0FBDD77DAE8F2D2010210;1137.
Package atveryend Info: Empty hook `AtVeryVeryEnd' on input line 689.
 ) 
Here is how much of TeX's memory you used:
 19482 strings out of 493921
 374297 string characters out of 3147248
 448935 words of memory out of 3000000
 22398 multiletter control sequences out of 15000+200000
 47341 words of font info for 87 fonts, out of 3000000 for 9000
 844 hyphenation exceptions out of 8191
 55i,13n,56p,921b,417s stack positions out of 5000i,500n,10000p,200000b,50000s
{C:/Program Files/MiKTeX 2.9/fonts/enc/dvips/fontname/8r.enc}<C:/Program File
s/MiKTeX 2.9/fonts/type1/public/amsfonts/cm/cmmi10.pfb><C:/Program Files/MiKTeX
 2.9/fonts/type1/public/amsfonts/cm/cmmi5.pfb><C:/Program Files/MiKTeX 2.9/font
s/type1/public/amsfonts/cm/cmmi6.pfb><C:/Program Files/MiKTeX 2.9/fonts/type1/p
ublic/amsfonts/cm/cmmi7.pfb><C:/Program Files/MiKTeX 2.9/fonts/type1/public/ams
fonts/cm/cmmi9.pfb><C:/Program Files/MiKTeX 2.9/fonts/type1/public/amsfonts/cm/
cmr10.pfb><C:/Program Files/MiKTeX 2.9/fonts/type1/public/amsfonts/cm/cmr6.pfb>
<C:/Program Files/MiKTeX 2.9/fonts/type1/public/amsfonts/cm/cmr7.pfb><C:/Progra
m Files/MiKTeX 2.9/fonts/type1/public/amsfonts/cm/cmr9.pfb><C:/Program Files/Mi
KTeX 2.9/fonts/type1/public/amsfonts/cm/cmsy10.pfb><C:/Program Files/MiKTeX 2.9
/fonts/type1/public/amsfonts/cm/cmsy6.pfb><C:/Program Files/MiKTeX 2.9/fonts/ty
pe1/public/amsfonts/cm/cmsy9.pfb><C:/Program Files/MiKTeX 2.9/fonts/type1/urw/t
imes/utmb8a.pfb><C:/Program Files/MiKTeX 2.9/fonts/type1/urw/times/utmbi8a.pfb>
<C:/Program Files/MiKTeX 2.9/fonts/type1/urw/times/utmr8a.pfb><C:/Program Files
/MiKTeX 2.9/fonts/type1/urw/times/utmri8a.pfb>
Output written on skm_2.pdf (5 pages, 710917 bytes).
PDF statistics:
 261 PDF objects out of 1000 (max. 8388607)
 45 named destinations out of 1000 (max. 500000)
 213 words of extra memory for PDF output out of 10000 (max. 10000000)

